<?xml version="1.0" encoding="UTF-8"?>
<testsuites name="TS_AddMoreItems" time="18.431" tests="1" failures="0" errors="0">
   <testsuite name="TS_AddMoreItems" tests="1" failures="0" errors="0" time="18.431" skipped="0" timestamp="23-04-2024T19:05:34" hostname="VH427KA - IN3554302W1.ey.net" id="Test Suites/Swag_Labs/TS_AddMoreItems">
      <properties>
         <property name="deviceName" value=""/>
         <property name="devicePlatform" value=""/>
         <property name="logFolder" value="C:\\Users\\VH427KA\\git\\KatalonPractice1\\Reports\\20240423_190530\\Swag_Labs\\TS_AddMoreItems\\20240423_190530"/>
         <property name="logFiles" value="C:\\Users\\VH427KA\\git\\KatalonPractice1\\Reports\\20240423_190530\\Swag_Labs\\TS_AddMoreItems\\20240423_190530\\execution0.log"/>
         <property name="attachments" value=""/>
         <property name="hostName" value="VH427KA - IN3554302W1.ey.net"/>
         <property name="os" value="Windows 10 64bit"/>
         <property name="katalonVersion" value="9.4.0.212"/>
         <property name="browser" value="Edge Chromium 124"/>
         <property name="hostAddress" value="192.168.40.128"/>
         <property name="sessionId" value="3a626fb55e4ac5b463d201764c35ee37"/>
         <property name="seleniumVersion" value="3.141.59"/>
         <property name="proxyInformation" value="ProxyInformation { proxyOption=NO_PROXY, proxyServerType=HTTP, username=, password=********, proxyServerAddress=, proxyServerPort=0, executionList=&quot;&quot;, isApplyToDesiredCapabilities=true }"/>
         <property name="platform" value="Windows 10"/>
      </properties>
      <testcase name="Test Cases/Swag_Labs/AddMoreItems" time="18.18" classname="Test Cases/Swag_Labs/AddMoreItems" status="PASSED">
         <system-out><![CDATA[23-04-2024T19:05:34 - [TEST_CASE][PASSED] - Test Cases/Swag_Labs/AddMoreItems: Test Cases/Swag_Labs/AddMoreItems

23-04-2024T19:05:35 - [TEST_STEP][PASSED] - callTestCase(findTestCase("Swag_Labs/Swag_Login"), [:], STOP_ON_FAILURE): Call Test Case 'Test Cases/Swag_Labs/Swag_Login' successfully

23-04-2024T19:05:35 - [TEST_CASE][PASSED] - Test Cases/Swag_Labs/Swag_Login: Test Cases/Swag_Labs/Swag_Login

23-04-2024T19:05:35 - [TEST_STEP][PASSED] - openBrowser(""): Browser is opened with url: ''

23-04-2024T19:05:36 - [MESSAGE][INFO] - Starting 'Edge Chromium' driver

23-04-2024T19:05:37 - [MESSAGE][INFO] - Action delay is set to 0 milliseconds

23-04-2024T19:05:40 - [MESSAGE][PASSED] - Browser is opened with url: ''

23-04-2024T19:05:40 - [TEST_STEP][PASSED] - navigateToUrl("https://www.saucedemo.com/v1/index.html"): Navigate to 'https://www.saucedemo.com/v1/index.html' successfully

23-04-2024T19:05:41 - [MESSAGE][PASSED] - Navigate to 'https://www.saucedemo.com/v1/index.html' successfully

23-04-2024T19:05:41 - [TEST_STEP][PASSED] - setText(findTestObject("Object Repository/swaglabs_login/Page_Swag Labs/input_standard_userlocked_out_userproblem_u_db77ac"), "standard_userse"): Text 'standard_userse' is set on object 'Object Repository/swaglabs_login/Page_Swag Labs/input_standard_userlocked_out_userproblem_u_db77ac'

23-04-2024T19:05:43 - [MESSAGE][PASSED] - Text 'standard_userse' is set on object 'Object Repository/swaglabs_login/Page_Swag Labs/input_standard_userlocked_out_userproblem_u_db77ac'

23-04-2024T19:05:43 - [TEST_STEP][PASSED] - click(findTestObject("Object Repository/swaglabs_login/Page_Swag Labs/input_standard_userlocked_out_userproblem_u_db77ac")): Object: 'Object Repository/swaglabs_login/Page_Swag Labs/input_standard_userlocked_out_userproblem_u_db77ac' is clicked on

23-04-2024T19:05:44 - [MESSAGE][PASSED] - Object: 'Object Repository/swaglabs_login/Page_Swag Labs/input_standard_userlocked_out_userproblem_u_db77ac' is clicked on

23-04-2024T19:05:44 - [TEST_STEP][PASSED] - setEncryptedText(findTestObject("Object Repository/swaglabs_login/Page_Swag Labs/input_standard_userlocked_out_userproblem_u_3423e9"), "9NLz+4tGZcQ="): Text ****** has been set on object 'Object Repository/swaglabs_login/Page_Swag Labs/input_standard_userlocked_out_userproblem_u_3423e9'

23-04-2024T19:05:45 - [MESSAGE][PASSED] - Text ****** has been set on object 'Object Repository/swaglabs_login/Page_Swag Labs/input_standard_userlocked_out_userproblem_u_3423e9'

23-04-2024T19:05:45 - [TEST_STEP][PASSED] - setText(findTestObject("Object Repository/swaglabs_login/Page_Swag Labs/input_standard_userlocked_out_userproblem_u_db77ac"), "standard_user"): Text 'standard_user' is set on object 'Object Repository/swaglabs_login/Page_Swag Labs/input_standard_userlocked_out_userproblem_u_db77ac'

23-04-2024T19:05:45 - [MESSAGE][PASSED] - Text 'standard_user' is set on object 'Object Repository/swaglabs_login/Page_Swag Labs/input_standard_userlocked_out_userproblem_u_db77ac'

23-04-2024T19:05:45 - [TEST_STEP][PASSED] - setEncryptedText(findTestObject("Object Repository/swaglabs_login/Page_Swag Labs/input_standard_userlocked_out_userproblem_u_3423e9"), "qcu24s4901FyWDTwXGr6XA=="): Text ****** has been set on object 'Object Repository/swaglabs_login/Page_Swag Labs/input_standard_userlocked_out_userproblem_u_3423e9'

23-04-2024T19:05:46 - [MESSAGE][PASSED] - Text ****** has been set on object 'Object Repository/swaglabs_login/Page_Swag Labs/input_standard_userlocked_out_userproblem_u_3423e9'

23-04-2024T19:05:46 - [TEST_STEP][PASSED] - click(findTestObject("Object Repository/swaglabs_login/Page_Swag Labs/input_standard_userlocked_out_userproblem_u_0dff71")): Object: 'Object Repository/swaglabs_login/Page_Swag Labs/input_standard_userlocked_out_userproblem_u_0dff71' is clicked on

23-04-2024T19:05:48 - [MESSAGE][PASSED] - Object: 'Object Repository/swaglabs_login/Page_Swag Labs/input_standard_userlocked_out_userproblem_u_0dff71' is clicked on

23-04-2024T19:05:48 - [MESSAGE][PASSED] - Call Test Case 'Test Cases/Swag_Labs/Swag_Login' successfully

23-04-2024T19:05:48 - [TEST_STEP][PASSED] - click(findTestObject("Object Repository/Swag_AddMoreItems/Page_Swag Labs/button_ADD TO CART")): Object: 'Object Repository/Swag_AddMoreItems/Page_Swag Labs/button_ADD TO CART' is clicked on

23-04-2024T19:05:48 - [MESSAGE][PASSED] - Object: 'Object Repository/Swag_AddMoreItems/Page_Swag Labs/button_ADD TO CART' is clicked on

23-04-2024T19:05:48 - [TEST_STEP][PASSED] - click(findTestObject("Object Repository/Swag_AddMoreItems/Page_Swag Labs/button_ADD TO CART")): Object: 'Object Repository/Swag_AddMoreItems/Page_Swag Labs/button_ADD TO CART' is clicked on

23-04-2024T19:05:49 - [MESSAGE][PASSED] - Object: 'Object Repository/Swag_AddMoreItems/Page_Swag Labs/button_ADD TO CART' is clicked on

23-04-2024T19:05:49 - [TEST_STEP][PASSED] - click(findTestObject("Object Repository/Swag_AddMoreItems/Page_Swag Labs/button_ADD TO CART")): Object: 'Object Repository/Swag_AddMoreItems/Page_Swag Labs/button_ADD TO CART' is clicked on

23-04-2024T19:05:49 - [MESSAGE][PASSED] - Object: 'Object Repository/Swag_AddMoreItems/Page_Swag Labs/button_ADD TO CART' is clicked on

23-04-2024T19:05:49 - [TEST_STEP][PASSED] - verifyElementPresent(findTestObject("Object Repository/Swag_AddMoreItems/Page_Swag Labs/span_3"), 0): Object 'Object Repository/Swag_AddMoreItems/Page_Swag Labs/span_3' is present

23-04-2024T19:05:49 - [MESSAGE][WARNING] - Timeout '0' is invalid. Using default page load timeout: '30'

23-04-2024T19:05:50 - [MESSAGE][PASSED] - Object 'Object Repository/Swag_AddMoreItems/Page_Swag Labs/span_3' is present

23-04-2024T19:05:50 - [TEST_STEP][PASSED] - click(findTestObject("Object Repository/Swag_AddMoreItems/Page_Swag Labs/path")): Object: 'Object Repository/Swag_AddMoreItems/Page_Swag Labs/path' is clicked on

23-04-2024T19:05:50 - [MESSAGE][WARNING] - [SELF-HEALING] Failed to find element with id 'Object Repository/Swag_AddMoreItems/Page_Swag Labs/path'. Try using Self-healing.

23-04-2024T19:05:50 - [MESSAGE][WARNING] - [SELF-HEALING] The current locator of test object 'Object Repository/Swag_AddMoreItems/Page_Swag Labs/path' was broken. Propose an alternative one: 'path'.

23-04-2024T19:05:51 - [MESSAGE][PASSED] - Object: 'Object Repository/Swag_AddMoreItems/Page_Swag Labs/path' is clicked on

23-04-2024T19:05:51 - [TEST_STEP][PASSED] - navigateToUrl("https://www.saucedemo.com/v1/cart.html"): Navigate to 'https://www.saucedemo.com/v1/cart.html' successfully

23-04-2024T19:05:51 - [MESSAGE][PASSED] - Navigate to 'https://www.saucedemo.com/v1/cart.html' successfully

23-04-2024T19:05:51 - [TEST_STEP][PASSED] - verifyElementPresent(findTestObject("Object Repository/Swag_AddMoreItems/Page_Swag Labs/div_Your Cart"), 0): Object 'Object Repository/Swag_AddMoreItems/Page_Swag Labs/div_Your Cart' is present

23-04-2024T19:05:51 - [MESSAGE][WARNING] - Timeout '0' is invalid. Using default page load timeout: '30'

23-04-2024T19:05:51 - [MESSAGE][PASSED] - Object 'Object Repository/Swag_AddMoreItems/Page_Swag Labs/div_Your Cart' is present

23-04-2024T19:05:51 - [TEST_STEP][PASSED] - click(findTestObject("Object Repository/Swag_AddMoreItems/Page_Swag Labs/div_Open Menu_header_label")): Object: 'Object Repository/Swag_AddMoreItems/Page_Swag Labs/div_Open Menu_header_label' is clicked on

23-04-2024T19:05:51 - [MESSAGE][PASSED] - Object: 'Object Repository/Swag_AddMoreItems/Page_Swag Labs/div_Open Menu_header_label' is clicked on

23-04-2024T19:05:51 - [TEST_STEP][PASSED] - click(findTestObject("Object Repository/Swag_AddMoreItems/Page_Swag Labs/button_Open Menu")): Object: 'Object Repository/Swag_AddMoreItems/Page_Swag Labs/button_Open Menu' is clicked on

23-04-2024T19:05:52 - [MESSAGE][PASSED] - Object: 'Object Repository/Swag_AddMoreItems/Page_Swag Labs/button_Open Menu' is clicked on

23-04-2024T19:05:52 - [TEST_STEP][PASSED] - click(findTestObject("Object Repository/Swag_AddMoreItems/Page_Swag Labs/a_Logout")): Object: 'Object Repository/Swag_AddMoreItems/Page_Swag Labs/a_Logout' is clicked on

23-04-2024T19:05:52 - [MESSAGE][PASSED] - Object: 'Object Repository/Swag_AddMoreItems/Page_Swag Labs/a_Logout' is clicked on

23-04-2024T19:05:52 - [TEST_STEP][PASSED] - closeBrowser(): Browser is closed

23-04-2024T19:05:53 - [MESSAGE][PASSED] - Browser is closed]]></system-out>
         <system-err><![CDATA[]]></system-err>
      </testcase>
      <system-out><![CDATA[23-04-2024T19:05:34 - [TEST_SUITE][PASSED] - TS_AddMoreItems: Test Cases/Swag_Labs/AddMoreItems]]></system-out>
      <system-err><![CDATA[]]></system-err>
   </testsuite>
</testsuites>
