<?xml version="1.0" encoding="UTF-8"?>
<testsuites name="VisualCP8" time="19.39" tests="2" failures="0" errors="0">
   <testsuite name="VisualCP8" tests="2" failures="0" errors="0" time="19.39" skipped="0" timestamp="28-04-2024T13:16:26" hostname="VH427KA - IN3554302W1.ey.net" id="Test Suites/VisualCP8">
      <properties>
         <property name="deviceName" value=""/>
         <property name="devicePlatform" value=""/>
         <property name="logFolder" value="C:\\Users\\VH427KA\\git\\KatalonPractice1\\Reports\\20240428_131620\\VisualCP8\\20240428_131621"/>
         <property name="logFiles" value="C:\\Users\\VH427KA\\git\\KatalonPractice1\\Reports\\20240428_131620\\VisualCP8\\20240428_131621\\execution0.log"/>
         <property name="attachments" value="keyes\keyes-Dog.png, keyes\keyes-Cat.png"/>
         <property name="hostName" value="VH427KA - IN3554302W1.ey.net"/>
         <property name="os" value="Windows 10 64bit"/>
         <property name="katalonVersion" value="9.4.0.212"/>
         <property name="browser" value="Edge Chromium 124"/>
         <property name="hostAddress" value="192.168.0.110"/>
         <property name="sessionId" value="b7b157b374edcc8042debcaf82e6f8b9"/>
         <property name="seleniumVersion" value="3.141.59"/>
         <property name="proxyInformation" value="ProxyInformation { proxyOption=NO_PROXY, proxyServerType=HTTP, username=, password=********, proxyServerAddress=, proxyServerPort=0, executionList=&quot;&quot;, isApplyToDesiredCapabilities=true }"/>
         <property name="platform" value="Windows 10"/>
      </properties>
      <testcase name="Test Cases/Visual_Testing/VisualTesting3" time="10.375" classname="Test Cases/Visual_Testing/VisualTesting3" status="PASSED">
         <system-out><![CDATA[28-04-2024T13:16:27 - [TEST_CASE][PASSED] - Test Cases/Visual_Testing/VisualTesting3: Test Cases/Visual_Testing/VisualTesting3

28-04-2024T13:16:27 - [TEST_STEP][PASSED] - openBrowser(""): Browser is opened with url: ''

28-04-2024T13:16:27 - [MESSAGE][INFO] - Starting 'Edge Chromium' driver

28-04-2024T13:16:28 - [MESSAGE][INFO] - Action delay is set to 0 milliseconds

28-04-2024T13:16:30 - [MESSAGE][PASSED] - Browser is opened with url: ''

28-04-2024T13:16:30 - [TEST_STEP][PASSED] - navigateToUrl("https://petstore.octoperf.com/"): Navigate to 'https://petstore.octoperf.com/' successfully

28-04-2024T13:16:31 - [MESSAGE][PASSED] - Navigate to 'https://petstore.octoperf.com/' successfully

28-04-2024T13:16:31 - [TEST_STEP][PASSED] - click(findTestObject("Object Repository/VisualTesting3/Page_JPetStore Demo/a_Enter the Store")): Object: 'Object Repository/VisualTesting3/Page_JPetStore Demo/a_Enter the Store' is clicked on

28-04-2024T13:16:33 - [MESSAGE][PASSED] - Object: 'Object Repository/VisualTesting3/Page_JPetStore Demo/a_Enter the Store' is clicked on

28-04-2024T13:16:33 - [TEST_STEP][PASSED] - click(findTestObject("Object Repository/VisualTesting3/Page_JPetStore Demo/img")): Object: 'Object Repository/VisualTesting3/Page_JPetStore Demo/img' is clicked on

28-04-2024T13:16:34 - [MESSAGE][PASSED] - Object: 'Object Repository/VisualTesting3/Page_JPetStore Demo/img' is clicked on

28-04-2024T13:16:34 - [TEST_STEP][PASSED] - click(findTestObject("Object Repository/VisualTesting3/Page_JPetStore Demo/a_K9-BD-01")): Object: 'Object Repository/VisualTesting3/Page_JPetStore Demo/a_K9-BD-01' is clicked on

28-04-2024T13:16:34 - [MESSAGE][PASSED] - Object: 'Object Repository/VisualTesting3/Page_JPetStore Demo/a_K9-BD-01' is clicked on

28-04-2024T13:16:34 - [TEST_STEP][PASSED] - click(findTestObject("Object Repository/VisualTesting3/Page_JPetStore Demo/a_EST-6")): Object: 'Object Repository/VisualTesting3/Page_JPetStore Demo/a_EST-6' is clicked on

28-04-2024T13:16:35 - [MESSAGE][PASSED] - Object: 'Object Repository/VisualTesting3/Page_JPetStore Demo/a_EST-6' is clicked on

28-04-2024T13:16:35 - [TEST_STEP][PASSED] - takeScreenshotAsCheckpoint("Dog"): Taking screenshot successfully

28-04-2024T13:16:36 - [MESSAGE][INFO] - 0 hidden object(s)

28-04-2024T13:16:36 - [MESSAGE][PASSED] - Taking screenshot successfully
[[ATTACHMENT|keyes\keyes-Dog.png]]

28-04-2024T13:16:36 - [TEST_STEP][PASSED] - click(findTestObject("Object Repository/VisualTesting3/Page_JPetStore Demo/img_1")): Object: 'Object Repository/VisualTesting3/Page_JPetStore Demo/img_1' is clicked on

28-04-2024T13:16:37 - [MESSAGE][PASSED] - Object: 'Object Repository/VisualTesting3/Page_JPetStore Demo/img_1' is clicked on

28-04-2024T13:16:37 - [TEST_STEP][PASSED] - closeBrowser(): Browser is closed

28-04-2024T13:16:37 - [MESSAGE][PASSED] - Browser is closed]]></system-out>
         <system-err><![CDATA[]]></system-err>
      </testcase>
      <testcase name="Test Cases/Visual_Testing/VisualTesting4" time="8.771" classname="Test Cases/Visual_Testing/VisualTesting4" status="PASSED">
         <system-out><![CDATA[28-04-2024T13:16:37 - [TEST_CASE][PASSED] - Test Cases/Visual_Testing/VisualTesting4: Test Cases/Visual_Testing/VisualTesting4

28-04-2024T13:16:37 - [TEST_STEP][PASSED] - openBrowser(""): Browser is opened with url: ''

28-04-2024T13:16:37 - [MESSAGE][INFO] - Starting 'Edge Chromium' driver

28-04-2024T13:16:38 - [MESSAGE][INFO] - Action delay is set to 0 milliseconds

28-04-2024T13:16:40 - [MESSAGE][PASSED] - Browser is opened with url: ''

28-04-2024T13:16:40 - [TEST_STEP][PASSED] - navigateToUrl("https://petstore.octoperf.com/"): Navigate to 'https://petstore.octoperf.com/' successfully

28-04-2024T13:16:41 - [MESSAGE][PASSED] - Navigate to 'https://petstore.octoperf.com/' successfully

28-04-2024T13:16:41 - [TEST_STEP][PASSED] - click(findTestObject("Object Repository/VisualTesting4/Page_JPetStore Demo/a_Enter the Store")): Object: 'Object Repository/VisualTesting4/Page_JPetStore Demo/a_Enter the Store' is clicked on

28-04-2024T13:16:42 - [MESSAGE][PASSED] - Object: 'Object Repository/VisualTesting4/Page_JPetStore Demo/a_Enter the Store' is clicked on

28-04-2024T13:16:42 - [TEST_STEP][PASSED] - click(findTestObject("Object Repository/VisualTesting4/Page_JPetStore Demo/img")): Object: 'Object Repository/VisualTesting4/Page_JPetStore Demo/img' is clicked on

28-04-2024T13:16:43 - [MESSAGE][PASSED] - Object: 'Object Repository/VisualTesting4/Page_JPetStore Demo/img' is clicked on

28-04-2024T13:16:43 - [TEST_STEP][PASSED] - click(findTestObject("Object Repository/VisualTesting4/Page_JPetStore Demo/a_FL-DSH-01")): Object: 'Object Repository/VisualTesting4/Page_JPetStore Demo/a_FL-DSH-01' is clicked on

28-04-2024T13:16:43 - [MESSAGE][PASSED] - Object: 'Object Repository/VisualTesting4/Page_JPetStore Demo/a_FL-DSH-01' is clicked on

28-04-2024T13:16:43 - [TEST_STEP][PASSED] - click(findTestObject("Object Repository/VisualTesting4/Page_JPetStore Demo/a_EST-14")): Object: 'Object Repository/VisualTesting4/Page_JPetStore Demo/a_EST-14' is clicked on

28-04-2024T13:16:44 - [MESSAGE][PASSED] - Object: 'Object Repository/VisualTesting4/Page_JPetStore Demo/a_EST-14' is clicked on

28-04-2024T13:16:44 - [TEST_STEP][PASSED] - takeScreenshotAsCheckpoint("Cat"): Taking screenshot successfully

28-04-2024T13:16:45 - [MESSAGE][INFO] - 0 hidden object(s)

28-04-2024T13:16:45 - [MESSAGE][PASSED] - Taking screenshot successfully
[[ATTACHMENT|keyes\keyes-Cat.png]]

28-04-2024T13:16:45 - [TEST_STEP][PASSED] - click(findTestObject("Object Repository/VisualTesting4/Page_JPetStore Demo/img_1")): Object: 'Object Repository/VisualTesting4/Page_JPetStore Demo/img_1' is clicked on

28-04-2024T13:16:45 - [MESSAGE][PASSED] - Object: 'Object Repository/VisualTesting4/Page_JPetStore Demo/img_1' is clicked on

28-04-2024T13:16:45 - [TEST_STEP][PASSED] - closeBrowser(): Browser is closed

28-04-2024T13:16:46 - [MESSAGE][PASSED] - Browser is closed]]></system-out>
         <system-err><![CDATA[]]></system-err>
      </testcase>
      <system-out><![CDATA[28-04-2024T13:16:26 - [TEST_SUITE][PASSED] - VisualCP8: Test Cases/Visual_Testing/VisualTesting4]]></system-out>
      <system-err><![CDATA[]]></system-err>
   </testsuite>
</testsuites>
