<?xml version="1.0" encoding="UTF-8"?>
<testsuites name="TS_Swag_Labs1" time="94.827" tests="4" failures="0" errors="0">
   <testsuite name="TS_Swag_Labs1" tests="4" failures="0" errors="0" time="94.827" skipped="0" timestamp="24-04-2024T19:09:34" hostname="VH427KA - IN3554302W1.ey.net" id="Test Suites/Swag_Labs/TS_Swag_Labs1">
      <properties>
         <property name="deviceName" value=""/>
         <property name="devicePlatform" value=""/>
         <property name="logFolder" value="C:\\Users\\VH427KA\\git\\KatalonPractice1\\Reports\\20240424_190917\\Swag_Labs\\TS_Swag_Labs1\\20240424_190917"/>
         <property name="logFiles" value="C:\\Users\\VH427KA\\git\\KatalonPractice1\\Reports\\20240424_190917\\Swag_Labs\\TS_Swag_Labs1\\20240424_190917\\execution0.log"/>
         <property name="attachments" value=""/>
         <property name="hostName" value="VH427KA - IN3554302W1.ey.net"/>
         <property name="os" value="Windows 10 64bit"/>
         <property name="katalonVersion" value="9.4.0.212"/>
         <property name="browser" value="Edge Chromium 124"/>
         <property name="hostAddress" value="192.168.40.128"/>
         <property name="sessionId" value="1a328661e3092a99eae558caf74e4009"/>
         <property name="seleniumVersion" value="3.141.59"/>
         <property name="proxyInformation" value="ProxyInformation { proxyOption=NO_PROXY, proxyServerType=HTTP, username=, password=********, proxyServerAddress=, proxyServerPort=0, executionList=&quot;&quot;, isApplyToDesiredCapabilities=true }"/>
         <property name="platform" value="Windows 10"/>
      </properties>
      <testcase name="Test Cases/Swag_Labs/Swag_Login" time="11.365" classname="Test Cases/Swag_Labs/Swag_Login" status="PASSED">
         <system-out><![CDATA[24-04-2024T19:09:34 - [TEST_CASE][PASSED] - Test Cases/Swag_Labs/Swag_Login: Test Cases/Swag_Labs/Swag_Login

24-04-2024T19:09:34 - [TEST_STEP][PASSED] - openBrowser(""): Browser is opened with url: ''

24-04-2024T19:09:35 - [MESSAGE][INFO] - Starting 'Edge Chromium' driver

24-04-2024T19:09:37 - [MESSAGE][INFO] - Action delay is set to 0 milliseconds

24-04-2024T19:09:39 - [MESSAGE][PASSED] - Browser is opened with url: ''

24-04-2024T19:09:39 - [TEST_STEP][PASSED] - navigateToUrl("https://www.saucedemo.com/v1/index.html"): Navigate to 'https://www.saucedemo.com/v1/index.html' successfully

24-04-2024T19:09:41 - [MESSAGE][PASSED] - Navigate to 'https://www.saucedemo.com/v1/index.html' successfully

24-04-2024T19:09:41 - [TEST_STEP][PASSED] - setText(findTestObject("Object Repository/swaglabs_login/Page_Swag Labs/input_standard_userlocked_out_userproblem_u_db77ac"), "standard_userse"): Text 'standard_userse' is set on object 'Object Repository/swaglabs_login/Page_Swag Labs/input_standard_userlocked_out_userproblem_u_db77ac'

24-04-2024T19:09:42 - [MESSAGE][PASSED] - Text 'standard_userse' is set on object 'Object Repository/swaglabs_login/Page_Swag Labs/input_standard_userlocked_out_userproblem_u_db77ac'

24-04-2024T19:09:42 - [TEST_STEP][PASSED] - click(findTestObject("Object Repository/swaglabs_login/Page_Swag Labs/input_standard_userlocked_out_userproblem_u_db77ac")): Object: 'Object Repository/swaglabs_login/Page_Swag Labs/input_standard_userlocked_out_userproblem_u_db77ac' is clicked on

24-04-2024T19:09:42 - [MESSAGE][PASSED] - Object: 'Object Repository/swaglabs_login/Page_Swag Labs/input_standard_userlocked_out_userproblem_u_db77ac' is clicked on

24-04-2024T19:09:42 - [TEST_STEP][PASSED] - setEncryptedText(findTestObject("Object Repository/swaglabs_login/Page_Swag Labs/input_standard_userlocked_out_userproblem_u_3423e9"), "9NLz+4tGZcQ="): Text ****** has been set on object 'Object Repository/swaglabs_login/Page_Swag Labs/input_standard_userlocked_out_userproblem_u_3423e9'

24-04-2024T19:09:43 - [MESSAGE][PASSED] - Text ****** has been set on object 'Object Repository/swaglabs_login/Page_Swag Labs/input_standard_userlocked_out_userproblem_u_3423e9'

24-04-2024T19:09:43 - [TEST_STEP][PASSED] - setText(findTestObject("Object Repository/swaglabs_login/Page_Swag Labs/input_standard_userlocked_out_userproblem_u_db77ac"), "standard_user"): Text 'standard_user' is set on object 'Object Repository/swaglabs_login/Page_Swag Labs/input_standard_userlocked_out_userproblem_u_db77ac'

24-04-2024T19:09:44 - [MESSAGE][PASSED] - Text 'standard_user' is set on object 'Object Repository/swaglabs_login/Page_Swag Labs/input_standard_userlocked_out_userproblem_u_db77ac'

24-04-2024T19:09:44 - [TEST_STEP][PASSED] - setEncryptedText(findTestObject("Object Repository/swaglabs_login/Page_Swag Labs/input_standard_userlocked_out_userproblem_u_3423e9"), "qcu24s4901FyWDTwXGr6XA=="): Text ****** has been set on object 'Object Repository/swaglabs_login/Page_Swag Labs/input_standard_userlocked_out_userproblem_u_3423e9'

24-04-2024T19:09:44 - [MESSAGE][PASSED] - Text ****** has been set on object 'Object Repository/swaglabs_login/Page_Swag Labs/input_standard_userlocked_out_userproblem_u_3423e9'

24-04-2024T19:09:44 - [TEST_STEP][PASSED] - click(findTestObject("Object Repository/swaglabs_login/Page_Swag Labs/input_standard_userlocked_out_userproblem_u_0dff71")): Object: 'Object Repository/swaglabs_login/Page_Swag Labs/input_standard_userlocked_out_userproblem_u_0dff71' is clicked on

24-04-2024T19:09:45 - [MESSAGE][PASSED] - Object: 'Object Repository/swaglabs_login/Page_Swag Labs/input_standard_userlocked_out_userproblem_u_0dff71' is clicked on]]></system-out>
         <system-err><![CDATA[]]></system-err>
      </testcase>
      <testcase name="Test Cases/Swag_Labs/Product_Navigation" time="47.718" classname="Test Cases/Swag_Labs/Product_Navigation" status="PASSED">
         <system-out><![CDATA[24-04-2024T19:09:45 - [TEST_CASE][PASSED] - Test Cases/Swag_Labs/Product_Navigation: Test Cases/Swag_Labs/Product_Navigation

24-04-2024T19:09:46 - [TEST_STEP][PASSED] - callTestCase(findTestCase("Swag_Labs/Swag_Login"), [:], STOP_ON_FAILURE): Call Test Case 'Test Cases/Swag_Labs/Swag_Login' successfully

24-04-2024T19:09:46 - [TEST_CASE][PASSED] - Test Cases/Swag_Labs/Swag_Login: Test Cases/Swag_Labs/Swag_Login

24-04-2024T19:09:46 - [TEST_STEP][PASSED] - openBrowser(""): Browser is opened with url: ''

24-04-2024T19:09:46 - [MESSAGE][WARNING] - A browser is already opened. Closing browser and opening a new one

24-04-2024T19:09:46 - [MESSAGE][INFO] - Starting 'Edge Chromium' driver

24-04-2024T19:09:49 - [MESSAGE][INFO] - Action delay is set to 0 milliseconds

24-04-2024T19:09:50 - [MESSAGE][PASSED] - Browser is opened with url: ''

24-04-2024T19:09:50 - [TEST_STEP][PASSED] - navigateToUrl("https://www.saucedemo.com/v1/index.html"): Navigate to 'https://www.saucedemo.com/v1/index.html' successfully

24-04-2024T19:09:51 - [MESSAGE][PASSED] - Navigate to 'https://www.saucedemo.com/v1/index.html' successfully

24-04-2024T19:09:51 - [TEST_STEP][PASSED] - setText(findTestObject("Object Repository/swaglabs_login/Page_Swag Labs/input_standard_userlocked_out_userproblem_u_db77ac"), "standard_userse"): Text 'standard_userse' is set on object 'Object Repository/swaglabs_login/Page_Swag Labs/input_standard_userlocked_out_userproblem_u_db77ac'

24-04-2024T19:09:52 - [MESSAGE][PASSED] - Text 'standard_userse' is set on object 'Object Repository/swaglabs_login/Page_Swag Labs/input_standard_userlocked_out_userproblem_u_db77ac'

24-04-2024T19:09:52 - [TEST_STEP][PASSED] - click(findTestObject("Object Repository/swaglabs_login/Page_Swag Labs/input_standard_userlocked_out_userproblem_u_db77ac")): Object: 'Object Repository/swaglabs_login/Page_Swag Labs/input_standard_userlocked_out_userproblem_u_db77ac' is clicked on

24-04-2024T19:09:52 - [MESSAGE][PASSED] - Object: 'Object Repository/swaglabs_login/Page_Swag Labs/input_standard_userlocked_out_userproblem_u_db77ac' is clicked on

24-04-2024T19:09:52 - [TEST_STEP][PASSED] - setEncryptedText(findTestObject("Object Repository/swaglabs_login/Page_Swag Labs/input_standard_userlocked_out_userproblem_u_3423e9"), "9NLz+4tGZcQ="): Text ****** has been set on object 'Object Repository/swaglabs_login/Page_Swag Labs/input_standard_userlocked_out_userproblem_u_3423e9'

24-04-2024T19:09:53 - [MESSAGE][PASSED] - Text ****** has been set on object 'Object Repository/swaglabs_login/Page_Swag Labs/input_standard_userlocked_out_userproblem_u_3423e9'

24-04-2024T19:09:53 - [TEST_STEP][PASSED] - setText(findTestObject("Object Repository/swaglabs_login/Page_Swag Labs/input_standard_userlocked_out_userproblem_u_db77ac"), "standard_user"): Text 'standard_user' is set on object 'Object Repository/swaglabs_login/Page_Swag Labs/input_standard_userlocked_out_userproblem_u_db77ac'

24-04-2024T19:09:54 - [MESSAGE][PASSED] - Text 'standard_user' is set on object 'Object Repository/swaglabs_login/Page_Swag Labs/input_standard_userlocked_out_userproblem_u_db77ac'

24-04-2024T19:09:54 - [TEST_STEP][PASSED] - setEncryptedText(findTestObject("Object Repository/swaglabs_login/Page_Swag Labs/input_standard_userlocked_out_userproblem_u_3423e9"), "qcu24s4901FyWDTwXGr6XA=="): Text ****** has been set on object 'Object Repository/swaglabs_login/Page_Swag Labs/input_standard_userlocked_out_userproblem_u_3423e9'

24-04-2024T19:09:54 - [MESSAGE][PASSED] - Text ****** has been set on object 'Object Repository/swaglabs_login/Page_Swag Labs/input_standard_userlocked_out_userproblem_u_3423e9'

24-04-2024T19:09:54 - [TEST_STEP][PASSED] - click(findTestObject("Object Repository/swaglabs_login/Page_Swag Labs/input_standard_userlocked_out_userproblem_u_0dff71")): Object: 'Object Repository/swaglabs_login/Page_Swag Labs/input_standard_userlocked_out_userproblem_u_0dff71' is clicked on

24-04-2024T19:09:55 - [MESSAGE][PASSED] - Object: 'Object Repository/swaglabs_login/Page_Swag Labs/input_standard_userlocked_out_userproblem_u_0dff71' is clicked on

24-04-2024T19:09:55 - [MESSAGE][PASSED] - Call Test Case 'Test Cases/Swag_Labs/Swag_Login' successfully

24-04-2024T19:09:55 - [TEST_STEP][PASSED] - click(findTestObject("Object Repository/Product_Navigation/Page_Swag Labs/div_Sauce Labs Backpack")): Object: 'Object Repository/Product_Navigation/Page_Swag Labs/div_Sauce Labs Backpack' is clicked on

24-04-2024T19:09:57 - [MESSAGE][PASSED] - Object: 'Object Repository/Product_Navigation/Page_Swag Labs/div_Sauce Labs Backpack' is clicked on

24-04-2024T19:09:57 - [TEST_STEP][PASSED] - navigateToUrl("https://www.saucedemo.com/v1/inventory-item.html?id=4"): Navigate to 'https://www.saucedemo.com/v1/inventory-item.html?id=4' successfully

24-04-2024T19:09:57 - [MESSAGE][PASSED] - Navigate to 'https://www.saucedemo.com/v1/inventory-item.html?id=4' successfully

24-04-2024T19:09:57 - [TEST_STEP][PASSED] - verifyElementVisible(findTestObject("Object Repository/Product_Navigation/Page_Swag Labs/img_- Back_inventory_details_img")): Object 'Object Repository/Product_Navigation/Page_Swag Labs/img_- Back_inventory_details_img' is visible

24-04-2024T19:09:57 - [MESSAGE][PASSED] - Object 'Object Repository/Product_Navigation/Page_Swag Labs/img_- Back_inventory_details_img' is visible

24-04-2024T19:09:57 - [TEST_STEP][PASSED] - verifyElementText(findTestObject("Object Repository/Product_Navigation/Page_Swag Labs/div_Sauce Labs Backpack"), "Sauce Labs Backpack"): Actual text and expected text of test object 'Object Repository/Product_Navigation/Page_Swag Labs/div_Sauce Labs Backpack' are matched.

24-04-2024T19:10:29 - [MESSAGE][INFO] - Unable to find the element located by 'By.xpath: //a[@id='item_4_title_link']/div'. Please recheck the objects properties to make sure the desired element is located. 

24-04-2024T19:10:29 - [MESSAGE][WARNING] - [SELF-HEALING] Failed to find element with id 'Object Repository/Product_Navigation/Page_Swag Labs/div_Sauce Labs Backpack'. Try using Self-healing.

24-04-2024T19:10:29 - [MESSAGE][WARNING] - [SELF-HEALING] The current locator of test object 'Object Repository/Product_Navigation/Page_Swag Labs/div_Sauce Labs Backpack' was broken. Propose an alternative one: '(.//*[normalize-space(text()) and normalize-space(.)='$29.99'])[1]/preceding::div[2]'.

24-04-2024T19:10:29 - [MESSAGE][PASSED] - Actual text and expected text of test object 'Object Repository/Product_Navigation/Page_Swag Labs/div_Sauce Labs Backpack' are matched.

24-04-2024T19:10:29 - [TEST_STEP][PASSED] - click(findTestObject("Object Repository/Product_Navigation/Page_Swag Labs/div_Swag Labs")): Object: 'Object Repository/Product_Navigation/Page_Swag Labs/div_Swag Labs' is clicked on

24-04-2024T19:10:30 - [MESSAGE][PASSED] - Object: 'Object Repository/Product_Navigation/Page_Swag Labs/div_Swag Labs' is clicked on

24-04-2024T19:10:30 - [TEST_STEP][PASSED] - click(findTestObject("Object Repository/Product_Navigation/Page_Swag Labs/button_Open Menu")): Object: 'Object Repository/Product_Navigation/Page_Swag Labs/button_Open Menu' is clicked on

24-04-2024T19:10:30 - [MESSAGE][PASSED] - Object: 'Object Repository/Product_Navigation/Page_Swag Labs/button_Open Menu' is clicked on

24-04-2024T19:10:30 - [TEST_STEP][PASSED] - click(findTestObject("Object Repository/Product_Navigation/Page_Swag Labs/a_All Items")): Object: 'Object Repository/Product_Navigation/Page_Swag Labs/a_All Items' is clicked on

24-04-2024T19:10:31 - [MESSAGE][PASSED] - Object: 'Object Repository/Product_Navigation/Page_Swag Labs/a_All Items' is clicked on

24-04-2024T19:10:31 - [TEST_STEP][PASSED] - click(findTestObject("Object Repository/Product_Navigation/Page_Swag Labs/div_Sauce Labs Fleece JacketIts not every d_e9a1b2")): Object: 'Object Repository/Product_Navigation/Page_Swag Labs/div_Sauce Labs Fleece JacketIts not every d_e9a1b2' is clicked on

24-04-2024T19:10:31 - [MESSAGE][PASSED] - Object: 'Object Repository/Product_Navigation/Page_Swag Labs/div_Sauce Labs Fleece JacketIts not every d_e9a1b2' is clicked on

24-04-2024T19:10:31 - [TEST_STEP][PASSED] - click(findTestObject("Object Repository/Product_Navigation/Page_Swag Labs/img_ADD TO CART_inventory_item_img")): Object: 'Object Repository/Product_Navigation/Page_Swag Labs/img_ADD TO CART_inventory_item_img' is clicked on

24-04-2024T19:10:32 - [MESSAGE][PASSED] - Object: 'Object Repository/Product_Navigation/Page_Swag Labs/img_ADD TO CART_inventory_item_img' is clicked on

24-04-2024T19:10:32 - [TEST_STEP][PASSED] - click(findTestObject("Object Repository/Product_Navigation/Page_Swag Labs/button_Open Menu")): Object: 'Object Repository/Product_Navigation/Page_Swag Labs/button_Open Menu' is clicked on

24-04-2024T19:10:32 - [MESSAGE][PASSED] - Object: 'Object Repository/Product_Navigation/Page_Swag Labs/button_Open Menu' is clicked on

24-04-2024T19:10:32 - [TEST_STEP][PASSED] - click(findTestObject("Object Repository/Product_Navigation/Page_Swag Labs/a_Logout")): Object: 'Object Repository/Product_Navigation/Page_Swag Labs/a_Logout' is clicked on

24-04-2024T19:10:33 - [MESSAGE][PASSED] - Object: 'Object Repository/Product_Navigation/Page_Swag Labs/a_Logout' is clicked on

24-04-2024T19:10:33 - [TEST_STEP][PASSED] - closeBrowser(): Browser is closed

24-04-2024T19:10:33 - [MESSAGE][PASSED] - Browser is closed]]></system-out>
         <system-err><![CDATA[]]></system-err>
      </testcase>
      <testcase name="Test Cases/Swag_Labs/Landing_Page" time="12.136" classname="Test Cases/Swag_Labs/Landing_Page" status="PASSED">
         <system-out><![CDATA[24-04-2024T19:10:33 - [TEST_CASE][PASSED] - Test Cases/Swag_Labs/Landing_Page: Test Cases/Swag_Labs/Landing_Page

24-04-2024T19:10:33 - [TEST_STEP][PASSED] - callTestCase(findTestCase("Swag_Labs/Swag_Login"), [:], STOP_ON_FAILURE): Call Test Case 'Test Cases/Swag_Labs/Swag_Login' successfully

24-04-2024T19:10:33 - [TEST_CASE][PASSED] - Test Cases/Swag_Labs/Swag_Login: Test Cases/Swag_Labs/Swag_Login

24-04-2024T19:10:33 - [TEST_STEP][PASSED] - openBrowser(""): Browser is opened with url: ''

24-04-2024T19:10:33 - [MESSAGE][INFO] - Starting 'Edge Chromium' driver

24-04-2024T19:10:36 - [MESSAGE][INFO] - Action delay is set to 0 milliseconds

24-04-2024T19:10:37 - [MESSAGE][PASSED] - Browser is opened with url: ''

24-04-2024T19:10:37 - [TEST_STEP][PASSED] - navigateToUrl("https://www.saucedemo.com/v1/index.html"): Navigate to 'https://www.saucedemo.com/v1/index.html' successfully

24-04-2024T19:10:38 - [MESSAGE][PASSED] - Navigate to 'https://www.saucedemo.com/v1/index.html' successfully

24-04-2024T19:10:38 - [TEST_STEP][PASSED] - setText(findTestObject("Object Repository/swaglabs_login/Page_Swag Labs/input_standard_userlocked_out_userproblem_u_db77ac"), "standard_userse"): Text 'standard_userse' is set on object 'Object Repository/swaglabs_login/Page_Swag Labs/input_standard_userlocked_out_userproblem_u_db77ac'

24-04-2024T19:10:39 - [MESSAGE][PASSED] - Text 'standard_userse' is set on object 'Object Repository/swaglabs_login/Page_Swag Labs/input_standard_userlocked_out_userproblem_u_db77ac'

24-04-2024T19:10:39 - [TEST_STEP][PASSED] - click(findTestObject("Object Repository/swaglabs_login/Page_Swag Labs/input_standard_userlocked_out_userproblem_u_db77ac")): Object: 'Object Repository/swaglabs_login/Page_Swag Labs/input_standard_userlocked_out_userproblem_u_db77ac' is clicked on

24-04-2024T19:10:40 - [MESSAGE][PASSED] - Object: 'Object Repository/swaglabs_login/Page_Swag Labs/input_standard_userlocked_out_userproblem_u_db77ac' is clicked on

24-04-2024T19:10:40 - [TEST_STEP][PASSED] - setEncryptedText(findTestObject("Object Repository/swaglabs_login/Page_Swag Labs/input_standard_userlocked_out_userproblem_u_3423e9"), "9NLz+4tGZcQ="): Text ****** has been set on object 'Object Repository/swaglabs_login/Page_Swag Labs/input_standard_userlocked_out_userproblem_u_3423e9'

24-04-2024T19:10:40 - [MESSAGE][PASSED] - Text ****** has been set on object 'Object Repository/swaglabs_login/Page_Swag Labs/input_standard_userlocked_out_userproblem_u_3423e9'

24-04-2024T19:10:40 - [TEST_STEP][PASSED] - setText(findTestObject("Object Repository/swaglabs_login/Page_Swag Labs/input_standard_userlocked_out_userproblem_u_db77ac"), "standard_user"): Text 'standard_user' is set on object 'Object Repository/swaglabs_login/Page_Swag Labs/input_standard_userlocked_out_userproblem_u_db77ac'

24-04-2024T19:10:41 - [MESSAGE][PASSED] - Text 'standard_user' is set on object 'Object Repository/swaglabs_login/Page_Swag Labs/input_standard_userlocked_out_userproblem_u_db77ac'

24-04-2024T19:10:41 - [TEST_STEP][PASSED] - setEncryptedText(findTestObject("Object Repository/swaglabs_login/Page_Swag Labs/input_standard_userlocked_out_userproblem_u_3423e9"), "qcu24s4901FyWDTwXGr6XA=="): Text ****** has been set on object 'Object Repository/swaglabs_login/Page_Swag Labs/input_standard_userlocked_out_userproblem_u_3423e9'

24-04-2024T19:10:41 - [MESSAGE][PASSED] - Text ****** has been set on object 'Object Repository/swaglabs_login/Page_Swag Labs/input_standard_userlocked_out_userproblem_u_3423e9'

24-04-2024T19:10:41 - [TEST_STEP][PASSED] - click(findTestObject("Object Repository/swaglabs_login/Page_Swag Labs/input_standard_userlocked_out_userproblem_u_0dff71")): Object: 'Object Repository/swaglabs_login/Page_Swag Labs/input_standard_userlocked_out_userproblem_u_0dff71' is clicked on

24-04-2024T19:10:43 - [MESSAGE][PASSED] - Object: 'Object Repository/swaglabs_login/Page_Swag Labs/input_standard_userlocked_out_userproblem_u_0dff71' is clicked on

24-04-2024T19:10:43 - [MESSAGE][PASSED] - Call Test Case 'Test Cases/Swag_Labs/Swag_Login' successfully

24-04-2024T19:10:43 - [TEST_STEP][PASSED] - verifyElementPresent(findTestObject("Object Repository/Swag_LandingPage/Page_Swag Labs/div_Open Menu_app_logo"), 0): Object 'Object Repository/Swag_LandingPage/Page_Swag Labs/div_Open Menu_app_logo' is present

24-04-2024T19:10:43 - [MESSAGE][WARNING] - Timeout '0' is invalid. Using default page load timeout: '30'

24-04-2024T19:10:43 - [MESSAGE][PASSED] - Object 'Object Repository/Swag_LandingPage/Page_Swag Labs/div_Open Menu_app_logo' is present

24-04-2024T19:10:43 - [TEST_STEP][PASSED] - verifyElementPresent(findTestObject("Object Repository/Swag_LandingPage/Page_Swag Labs/div_Products"), 0): Object 'Object Repository/Swag_LandingPage/Page_Swag Labs/div_Products' is present

24-04-2024T19:10:43 - [MESSAGE][WARNING] - Timeout '0' is invalid. Using default page load timeout: '30'

24-04-2024T19:10:43 - [MESSAGE][PASSED] - Object 'Object Repository/Swag_LandingPage/Page_Swag Labs/div_Products' is present

24-04-2024T19:10:43 - [TEST_STEP][PASSED] - click(findTestObject("Object Repository/Swag_LandingPage/Page_Swag Labs/div_Open Menu_header_label")): Object: 'Object Repository/Swag_LandingPage/Page_Swag Labs/div_Open Menu_header_label' is clicked on

24-04-2024T19:10:44 - [MESSAGE][PASSED] - Object: 'Object Repository/Swag_LandingPage/Page_Swag Labs/div_Open Menu_header_label' is clicked on

24-04-2024T19:10:44 - [TEST_STEP][PASSED] - click(findTestObject("Object Repository/Swag_LandingPage/Page_Swag Labs/button_Open Menu")): Object: 'Object Repository/Swag_LandingPage/Page_Swag Labs/button_Open Menu' is clicked on

24-04-2024T19:10:44 - [MESSAGE][PASSED] - Object: 'Object Repository/Swag_LandingPage/Page_Swag Labs/button_Open Menu' is clicked on

24-04-2024T19:10:44 - [TEST_STEP][PASSED] - click(findTestObject("Object Repository/Swag_LandingPage/Page_Swag Labs/a_Logout")): Object: 'Object Repository/Swag_LandingPage/Page_Swag Labs/a_Logout' is clicked on

24-04-2024T19:10:45 - [MESSAGE][PASSED] - Object: 'Object Repository/Swag_LandingPage/Page_Swag Labs/a_Logout' is clicked on

24-04-2024T19:10:45 - [TEST_STEP][PASSED] - navigateToUrl("https://www.saucedemo.com/v1/index.html"): Navigate to 'https://www.saucedemo.com/v1/index.html' successfully

24-04-2024T19:10:45 - [MESSAGE][PASSED] - Navigate to 'https://www.saucedemo.com/v1/index.html' successfully

24-04-2024T19:10:45 - [TEST_STEP][PASSED] - closeBrowser(): Browser is closed

24-04-2024T19:10:45 - [MESSAGE][PASSED] - Browser is closed]]></system-out>
         <system-err><![CDATA[]]></system-err>
      </testcase>
      <testcase name="Test Cases/Swag_Labs/Checkout" time="23.326" classname="Test Cases/Swag_Labs/Checkout" status="PASSED">
         <system-out><![CDATA[24-04-2024T19:10:45 - [TEST_CASE][PASSED] - Test Cases/Swag_Labs/Checkout: Test Cases/Swag_Labs/Checkout

24-04-2024T19:10:45 - [TEST_STEP][PASSED] - callTestCase(findTestCase("Swag_Labs/Swag_Login"), [:], STOP_ON_FAILURE): Call Test Case 'Test Cases/Swag_Labs/Swag_Login' successfully

24-04-2024T19:10:46 - [TEST_CASE][PASSED] - Test Cases/Swag_Labs/Swag_Login: Test Cases/Swag_Labs/Swag_Login

24-04-2024T19:10:46 - [TEST_STEP][PASSED] - openBrowser(""): Browser is opened with url: ''

24-04-2024T19:10:46 - [MESSAGE][INFO] - Starting 'Edge Chromium' driver

24-04-2024T19:10:48 - [MESSAGE][INFO] - Action delay is set to 0 milliseconds

24-04-2024T19:10:49 - [MESSAGE][PASSED] - Browser is opened with url: ''

24-04-2024T19:10:49 - [TEST_STEP][PASSED] - navigateToUrl("https://www.saucedemo.com/v1/index.html"): Navigate to 'https://www.saucedemo.com/v1/index.html' successfully

24-04-2024T19:10:50 - [MESSAGE][PASSED] - Navigate to 'https://www.saucedemo.com/v1/index.html' successfully

24-04-2024T19:10:50 - [TEST_STEP][PASSED] - setText(findTestObject("Object Repository/swaglabs_login/Page_Swag Labs/input_standard_userlocked_out_userproblem_u_db77ac"), "standard_userse"): Text 'standard_userse' is set on object 'Object Repository/swaglabs_login/Page_Swag Labs/input_standard_userlocked_out_userproblem_u_db77ac'

24-04-2024T19:10:51 - [MESSAGE][PASSED] - Text 'standard_userse' is set on object 'Object Repository/swaglabs_login/Page_Swag Labs/input_standard_userlocked_out_userproblem_u_db77ac'

24-04-2024T19:10:51 - [TEST_STEP][PASSED] - click(findTestObject("Object Repository/swaglabs_login/Page_Swag Labs/input_standard_userlocked_out_userproblem_u_db77ac")): Object: 'Object Repository/swaglabs_login/Page_Swag Labs/input_standard_userlocked_out_userproblem_u_db77ac' is clicked on

24-04-2024T19:10:51 - [MESSAGE][PASSED] - Object: 'Object Repository/swaglabs_login/Page_Swag Labs/input_standard_userlocked_out_userproblem_u_db77ac' is clicked on

24-04-2024T19:10:51 - [TEST_STEP][PASSED] - setEncryptedText(findTestObject("Object Repository/swaglabs_login/Page_Swag Labs/input_standard_userlocked_out_userproblem_u_3423e9"), "9NLz+4tGZcQ="): Text ****** has been set on object 'Object Repository/swaglabs_login/Page_Swag Labs/input_standard_userlocked_out_userproblem_u_3423e9'

24-04-2024T19:10:52 - [MESSAGE][PASSED] - Text ****** has been set on object 'Object Repository/swaglabs_login/Page_Swag Labs/input_standard_userlocked_out_userproblem_u_3423e9'

24-04-2024T19:10:52 - [TEST_STEP][PASSED] - setText(findTestObject("Object Repository/swaglabs_login/Page_Swag Labs/input_standard_userlocked_out_userproblem_u_db77ac"), "standard_user"): Text 'standard_user' is set on object 'Object Repository/swaglabs_login/Page_Swag Labs/input_standard_userlocked_out_userproblem_u_db77ac'

24-04-2024T19:10:53 - [MESSAGE][PASSED] - Text 'standard_user' is set on object 'Object Repository/swaglabs_login/Page_Swag Labs/input_standard_userlocked_out_userproblem_u_db77ac'

24-04-2024T19:10:53 - [TEST_STEP][PASSED] - setEncryptedText(findTestObject("Object Repository/swaglabs_login/Page_Swag Labs/input_standard_userlocked_out_userproblem_u_3423e9"), "qcu24s4901FyWDTwXGr6XA=="): Text ****** has been set on object 'Object Repository/swaglabs_login/Page_Swag Labs/input_standard_userlocked_out_userproblem_u_3423e9'

24-04-2024T19:10:53 - [MESSAGE][PASSED] - Text ****** has been set on object 'Object Repository/swaglabs_login/Page_Swag Labs/input_standard_userlocked_out_userproblem_u_3423e9'

24-04-2024T19:10:53 - [TEST_STEP][PASSED] - click(findTestObject("Object Repository/swaglabs_login/Page_Swag Labs/input_standard_userlocked_out_userproblem_u_0dff71")): Object: 'Object Repository/swaglabs_login/Page_Swag Labs/input_standard_userlocked_out_userproblem_u_0dff71' is clicked on

24-04-2024T19:10:55 - [MESSAGE][PASSED] - Object: 'Object Repository/swaglabs_login/Page_Swag Labs/input_standard_userlocked_out_userproblem_u_0dff71' is clicked on

24-04-2024T19:10:55 - [MESSAGE][PASSED] - Call Test Case 'Test Cases/Swag_Labs/Swag_Login' successfully

24-04-2024T19:10:55 - [TEST_STEP][PASSED] - click(findTestObject("Object Repository/Swag_Checkout/Page_Swag Labs/div_Sauce Labs Backpack")): Object: 'Object Repository/Swag_Checkout/Page_Swag Labs/div_Sauce Labs Backpack' is clicked on

24-04-2024T19:10:56 - [MESSAGE][PASSED] - Object: 'Object Repository/Swag_Checkout/Page_Swag Labs/div_Sauce Labs Backpack' is clicked on

24-04-2024T19:10:56 - [TEST_STEP][PASSED] - navigateToUrl("https://www.saucedemo.com/v1/inventory-item.html?id=4"): Navigate to 'https://www.saucedemo.com/v1/inventory-item.html?id=4' successfully

24-04-2024T19:10:56 - [MESSAGE][PASSED] - Navigate to 'https://www.saucedemo.com/v1/inventory-item.html?id=4' successfully

24-04-2024T19:10:56 - [TEST_STEP][PASSED] - click(findTestObject("Object Repository/Swag_Checkout/Page_Swag Labs/button_ADD TO CART")): Object: 'Object Repository/Swag_Checkout/Page_Swag Labs/button_ADD TO CART' is clicked on

24-04-2024T19:10:56 - [MESSAGE][PASSED] - Object: 'Object Repository/Swag_Checkout/Page_Swag Labs/button_ADD TO CART' is clicked on

24-04-2024T19:10:56 - [TEST_STEP][PASSED] - click(findTestObject("Object Repository/Swag_Checkout/Page_Swag Labs/path")): Object: 'Object Repository/Swag_Checkout/Page_Swag Labs/path' is clicked on

24-04-2024T19:10:57 - [MESSAGE][WARNING] - [SELF-HEALING] Failed to find element with id 'Object Repository/Swag_Checkout/Page_Swag Labs/path'. Try using Self-healing.

24-04-2024T19:10:59 - [MESSAGE][INFO] - [SELF-HEALING] No working XPath is found.

24-04-2024T19:10:59 - [MESSAGE][INFO] - [SELF-HEALING] Screenshot: C:/Users/VH427KA/git/KatalonPractice1/Reports/Self-healing/Object Repository/Swag_Checkout/Page_Swag Labs/path_SMART_LOCATOR.png

24-04-2024T19:10:59 - [MESSAGE][WARNING] - [SELF-HEALING] The current locator of test object 'Object Repository/Swag_Checkout/Page_Swag Labs/path' was broken. Propose an alternative one: 'internal:role=link[name="1"i]'.

24-04-2024T19:11:00 - [MESSAGE][PASSED] - Object: 'Object Repository/Swag_Checkout/Page_Swag Labs/path' is clicked on

24-04-2024T19:11:00 - [TEST_STEP][PASSED] - click(findTestObject("Object Repository/Swag_Checkout/Page_Swag Labs/a_CHECKOUT")): Object: 'Object Repository/Swag_Checkout/Page_Swag Labs/a_CHECKOUT' is clicked on

24-04-2024T19:11:01 - [MESSAGE][PASSED] - Object: 'Object Repository/Swag_Checkout/Page_Swag Labs/a_CHECKOUT' is clicked on

24-04-2024T19:11:01 - [TEST_STEP][PASSED] - verifyElementPresent(findTestObject("Object Repository/Swag_Checkout/Page_Swag Labs/div_Checkout Your Information"), 0): Object 'Object Repository/Swag_Checkout/Page_Swag Labs/div_Checkout Your Information' is present

24-04-2024T19:11:01 - [MESSAGE][WARNING] - Timeout '0' is invalid. Using default page load timeout: '30'

24-04-2024T19:11:01 - [MESSAGE][PASSED] - Object 'Object Repository/Swag_Checkout/Page_Swag Labs/div_Checkout Your Information' is present

24-04-2024T19:11:01 - [TEST_STEP][PASSED] - setText(findTestObject("Object Repository/Swag_Checkout/Page_Swag Labs/input_Checkout Your Information_first-name"), "kk"): Text 'kk' is set on object 'Object Repository/Swag_Checkout/Page_Swag Labs/input_Checkout Your Information_first-name'

24-04-2024T19:11:02 - [MESSAGE][PASSED] - Text 'kk' is set on object 'Object Repository/Swag_Checkout/Page_Swag Labs/input_Checkout Your Information_first-name'

24-04-2024T19:11:02 - [TEST_STEP][PASSED] - click(findTestObject("Object Repository/Swag_Checkout/Page_Swag Labs/input_Checkout Your Information_first-name")): Object: 'Object Repository/Swag_Checkout/Page_Swag Labs/input_Checkout Your Information_first-name' is clicked on

24-04-2024T19:11:02 - [MESSAGE][PASSED] - Object: 'Object Repository/Swag_Checkout/Page_Swag Labs/input_Checkout Your Information_first-name' is clicked on

24-04-2024T19:11:02 - [TEST_STEP][PASSED] - setText(findTestObject("Object Repository/Swag_Checkout/Page_Swag Labs/input_Checkout Your Information_last-name"), "k"): Text 'k' is set on object 'Object Repository/Swag_Checkout/Page_Swag Labs/input_Checkout Your Information_last-name'

24-04-2024T19:11:03 - [MESSAGE][PASSED] - Text 'k' is set on object 'Object Repository/Swag_Checkout/Page_Swag Labs/input_Checkout Your Information_last-name'

24-04-2024T19:11:03 - [TEST_STEP][PASSED] - setText(findTestObject("Object Repository/Swag_Checkout/Page_Swag Labs/input_Checkout Your Information_postal-code"), "231332"): Text '231332' is set on object 'Object Repository/Swag_Checkout/Page_Swag Labs/input_Checkout Your Information_postal-code'

24-04-2024T19:11:04 - [MESSAGE][PASSED] - Text '231332' is set on object 'Object Repository/Swag_Checkout/Page_Swag Labs/input_Checkout Your Information_postal-code'

24-04-2024T19:11:04 - [TEST_STEP][PASSED] - click(findTestObject("Object Repository/Swag_Checkout/Page_Swag Labs/input_CANCEL_btn_primary cart_button")): Object: 'Object Repository/Swag_Checkout/Page_Swag Labs/input_CANCEL_btn_primary cart_button' is clicked on

24-04-2024T19:11:06 - [MESSAGE][PASSED] - Object: 'Object Repository/Swag_Checkout/Page_Swag Labs/input_CANCEL_btn_primary cart_button' is clicked on

24-04-2024T19:11:06 - [TEST_STEP][PASSED] - verifyElementPresent(findTestObject("Object Repository/Swag_Checkout/Page_Swag Labs/div_SauceCard 31337"), 0): Object 'Object Repository/Swag_Checkout/Page_Swag Labs/div_SauceCard 31337' is present

24-04-2024T19:11:06 - [MESSAGE][WARNING] - Timeout '0' is invalid. Using default page load timeout: '30'

24-04-2024T19:11:06 - [MESSAGE][PASSED] - Object 'Object Repository/Swag_Checkout/Page_Swag Labs/div_SauceCard 31337' is present

24-04-2024T19:11:06 - [TEST_STEP][PASSED] - verifyElementPresent(findTestObject("Object Repository/Swag_Checkout/Page_Swag Labs/a_FINISH"), 0): Object 'Object Repository/Swag_Checkout/Page_Swag Labs/a_FINISH' is present

24-04-2024T19:11:06 - [MESSAGE][WARNING] - Timeout '0' is invalid. Using default page load timeout: '30'

24-04-2024T19:11:06 - [MESSAGE][PASSED] - Object 'Object Repository/Swag_Checkout/Page_Swag Labs/a_FINISH' is present

24-04-2024T19:11:06 - [TEST_STEP][PASSED] - click(findTestObject("Object Repository/Swag_Checkout/Page_Swag Labs/a_FINISH")): Object: 'Object Repository/Swag_Checkout/Page_Swag Labs/a_FINISH' is clicked on

24-04-2024T19:11:08 - [MESSAGE][PASSED] - Object: 'Object Repository/Swag_Checkout/Page_Swag Labs/a_FINISH' is clicked on

24-04-2024T19:11:08 - [TEST_STEP][PASSED] - verifyElementPresent(findTestObject("Object Repository/Swag_Checkout/Page_Swag Labs/h2_THANK YOU FOR YOUR ORDER"), 0): Object 'Object Repository/Swag_Checkout/Page_Swag Labs/h2_THANK YOU FOR YOUR ORDER' is present

24-04-2024T19:11:08 - [MESSAGE][WARNING] - Timeout '0' is invalid. Using default page load timeout: '30'

24-04-2024T19:11:08 - [MESSAGE][PASSED] - Object 'Object Repository/Swag_Checkout/Page_Swag Labs/h2_THANK YOU FOR YOUR ORDER' is present

24-04-2024T19:11:08 - [TEST_STEP][PASSED] - closeBrowser(): Browser is closed

24-04-2024T19:11:09 - [MESSAGE][PASSED] - Browser is closed]]></system-out>
         <system-err><![CDATA[]]></system-err>
      </testcase>
      <system-out><![CDATA[24-04-2024T19:09:34 - [TEST_SUITE][PASSED] - TS_Swag_Labs1: Test Cases/Swag_Labs/Checkout]]></system-out>
      <system-err><![CDATA[]]></system-err>
   </testsuite>
</testsuites>
