<?xml version="1.0" encoding="UTF-8"?>
<testsuites name="TS_Pet_Signout" time="15.084" tests="1" failures="0" errors="0">
   <testsuite name="TS_Pet_Signout" tests="1" failures="0" errors="0" time="15.084" skipped="0" timestamp="23-04-2024T22:01:08" hostname="VH427KA - IN3554302W1.ey.net" id="Test Suites/Jpet/TS_Pet_Signout">
      <properties>
         <property name="deviceName" value=""/>
         <property name="devicePlatform" value=""/>
         <property name="logFolder" value="C:\\Users\\VH427KA\\git\\KatalonPractice1\\Reports\\20240423_220103\\Jpet\\TS_Pet_Signout\\20240423_220103"/>
         <property name="logFiles" value="C:\\Users\\VH427KA\\git\\KatalonPractice1\\Reports\\20240423_220103\\Jpet\\TS_Pet_Signout\\20240423_220103\\execution0.log"/>
         <property name="attachments" value=""/>
         <property name="hostName" value="VH427KA - IN3554302W1.ey.net"/>
         <property name="os" value="Windows 10 64bit"/>
         <property name="katalonVersion" value="9.4.0.212"/>
         <property name="browser" value="Edge Chromium 124"/>
         <property name="hostAddress" value="192.168.40.128"/>
         <property name="sessionId" value="ad94573850a04c35a8a1a826c66a557e"/>
         <property name="seleniumVersion" value="3.141.59"/>
         <property name="proxyInformation" value="ProxyInformation { proxyOption=NO_PROXY, proxyServerType=HTTP, username=, password=********, proxyServerAddress=, proxyServerPort=0, executionList=&quot;&quot;, isApplyToDesiredCapabilities=true }"/>
         <property name="platform" value="Windows 10"/>
      </properties>
      <testcase name="Test Cases/Jpet/signout" time="14.839" classname="Test Cases/Jpet/signout" status="PASSED">
         <system-out><![CDATA[23-04-2024T22:01:08 - [TEST_CASE][PASSED] - Test Cases/Jpet/signout: Test Cases/Jpet/signout

23-04-2024T22:01:08 - [TEST_STEP][PASSED] - callTestCase(findTestCase("Jpet/Login"), [:], STOP_ON_FAILURE): Call Test Case 'Test Cases/Jpet/Login' successfully

23-04-2024T22:01:09 - [TEST_CASE][PASSED] - Test Cases/Jpet/Login: Test Cases/Jpet/Login

23-04-2024T22:01:09 - [TEST_STEP][PASSED] - openBrowser(""): Browser is opened with url: ''

23-04-2024T22:01:09 - [MESSAGE][INFO] - Starting 'Edge Chromium' driver

23-04-2024T22:01:11 - [MESSAGE][INFO] - Action delay is set to 0 milliseconds

23-04-2024T22:01:13 - [MESSAGE][PASSED] - Browser is opened with url: ''

23-04-2024T22:01:13 - [TEST_STEP][PASSED] - navigateToUrl("https://petstore.octoperf.com/"): Navigate to 'https://petstore.octoperf.com/' successfully

23-04-2024T22:01:15 - [MESSAGE][PASSED] - Navigate to 'https://petstore.octoperf.com/' successfully

23-04-2024T22:01:15 - [TEST_STEP][PASSED] - click(findTestObject("Object Repository/Pet_Login2/Page_JPetStore Demo/a_Enter the Store")): Object: 'Object Repository/Pet_Login2/Page_JPetStore Demo/a_Enter the Store' is clicked on

23-04-2024T22:01:17 - [MESSAGE][PASSED] - Object: 'Object Repository/Pet_Login2/Page_JPetStore Demo/a_Enter the Store' is clicked on

23-04-2024T22:01:17 - [TEST_STEP][PASSED] - click(findTestObject("Object Repository/Pet_Login2/Page_JPetStore Demo/a_Sign In")): Object: 'Object Repository/Pet_Login2/Page_JPetStore Demo/a_Sign In' is clicked on

23-04-2024T22:01:17 - [MESSAGE][PASSED] - Object: 'Object Repository/Pet_Login2/Page_JPetStore Demo/a_Sign In' is clicked on

23-04-2024T22:01:17 - [TEST_STEP][PASSED] - setText(findTestObject("Object Repository/Pet_Login2/Page_JPetStore Demo/input_Need a user name and password_username"), "raj"): Text 'raj' is set on object 'Object Repository/Pet_Login2/Page_JPetStore Demo/input_Need a user name and password_username'

23-04-2024T22:01:18 - [MESSAGE][PASSED] - Text 'raj' is set on object 'Object Repository/Pet_Login2/Page_JPetStore Demo/input_Need a user name and password_username'

23-04-2024T22:01:18 - [TEST_STEP][PASSED] - click(findTestObject("Object Repository/Pet_Login2/Page_JPetStore Demo/input_Need a user name and password_username")): Object: 'Object Repository/Pet_Login2/Page_JPetStore Demo/input_Need a user name and password_username' is clicked on

23-04-2024T22:01:18 - [MESSAGE][PASSED] - Object: 'Object Repository/Pet_Login2/Page_JPetStore Demo/input_Need a user name and password_username' is clicked on

23-04-2024T22:01:18 - [TEST_STEP][PASSED] - setEncryptedText(findTestObject("Object Repository/Pet_Login2/Page_JPetStore Demo/input_Need a user name and password_password"), "ZBez4TpO49Q="): Text ****** has been set on object 'Object Repository/Pet_Login2/Page_JPetStore Demo/input_Need a user name and password_password'

23-04-2024T22:01:19 - [MESSAGE][PASSED] - Text ****** has been set on object 'Object Repository/Pet_Login2/Page_JPetStore Demo/input_Need a user name and password_password'

23-04-2024T22:01:19 - [TEST_STEP][PASSED] - click(findTestObject("Object Repository/Pet_Login2/Page_JPetStore Demo/input_Need a user name and password_signon")): Object: 'Object Repository/Pet_Login2/Page_JPetStore Demo/input_Need a user name and password_signon' is clicked on

23-04-2024T22:01:20 - [MESSAGE][PASSED] - Object: 'Object Repository/Pet_Login2/Page_JPetStore Demo/input_Need a user name and password_signon' is clicked on

23-04-2024T22:01:20 - [MESSAGE][PASSED] - Call Test Case 'Test Cases/Jpet/Login' successfully

23-04-2024T22:01:20 - [TEST_STEP][PASSED] - rightClick(findTestObject("Object Repository/Pet_Signout/Page_JPetStore Demo/a_Sign Out")): Object: 'Object Repository/Pet_Signout/Page_JPetStore Demo/a_Sign Out' is right clicked on

23-04-2024T22:01:20 - [MESSAGE][PASSED] - Object: 'Object Repository/Pet_Signout/Page_JPetStore Demo/a_Sign Out' is right clicked on

23-04-2024T22:01:20 - [TEST_STEP][PASSED] - verifyElementPresent(findTestObject("Object Repository/Pet_Signout/Page_JPetStore Demo/a_Sign Out"), 0): Object 'Object Repository/Pet_Signout/Page_JPetStore Demo/a_Sign Out' is present

23-04-2024T22:01:20 - [MESSAGE][WARNING] - Timeout '0' is invalid. Using default page load timeout: '30'

23-04-2024T22:01:21 - [MESSAGE][PASSED] - Object 'Object Repository/Pet_Signout/Page_JPetStore Demo/a_Sign Out' is present

23-04-2024T22:01:21 - [TEST_STEP][PASSED] - verifyElementClickable(findTestObject("Object Repository/Pet_Signout/Page_JPetStore Demo/a_Sign Out")): Object 'Object Repository/Pet_Signout/Page_JPetStore Demo/a_Sign Out' is clickable

23-04-2024T22:01:21 - [MESSAGE][PASSED] - Object 'Object Repository/Pet_Signout/Page_JPetStore Demo/a_Sign Out' is clickable

23-04-2024T22:01:21 - [TEST_STEP][PASSED] - click(findTestObject("Object Repository/Pet_Signout/Page_JPetStore Demo/a_Sign Out")): Object: 'Object Repository/Pet_Signout/Page_JPetStore Demo/a_Sign Out' is clicked on

23-04-2024T22:01:22 - [MESSAGE][PASSED] - Object: 'Object Repository/Pet_Signout/Page_JPetStore Demo/a_Sign Out' is clicked on

23-04-2024T22:01:22 - [TEST_STEP][PASSED] - navigateToUrl("https://petstore.octoperf.com/actions/Catalog.action"): Navigate to 'https://petstore.octoperf.com/actions/Catalog.action' successfully

23-04-2024T22:01:22 - [MESSAGE][PASSED] - Navigate to 'https://petstore.octoperf.com/actions/Catalog.action' successfully

23-04-2024T22:01:22 - [TEST_STEP][PASSED] - closeBrowser(): Browser is closed

23-04-2024T22:01:23 - [MESSAGE][PASSED] - Browser is closed]]></system-out>
         <system-err><![CDATA[]]></system-err>
      </testcase>
      <system-out><![CDATA[23-04-2024T22:01:08 - [TEST_SUITE][PASSED] - TS_Pet_Signout: Test Cases/Jpet/signout]]></system-out>
      <system-err><![CDATA[]]></system-err>
   </testsuite>
</testsuites>
