<?xml version="1.0" encoding="UTF-8"?>
<testsuites name="TS_AddToCart" time="23.564" tests="1" failures="0" errors="0">
   <testsuite name="TS_AddToCart" tests="1" failures="0" errors="0" time="23.564" skipped="0" timestamp="21-04-2024T16:56:24" hostname="VH427KA - IN3554302W1.ey.net" id="Test Suites/Swag_Labs/TS_AddToCart">
      <properties>
         <property name="deviceName" value=""/>
         <property name="devicePlatform" value=""/>
         <property name="logFolder" value="C:\\Users\\VH427KA\\git\\KatalonPractice1\\Reports\\20240421_165618\\Swag_Labs\\TS_AddToCart\\20240421_165619"/>
         <property name="logFiles" value="C:\\Users\\VH427KA\\git\\KatalonPractice1\\Reports\\20240421_165618\\Swag_Labs\\TS_AddToCart\\20240421_165619\\execution0.log"/>
         <property name="attachments" value=""/>
         <property name="hostName" value="VH427KA - IN3554302W1.ey.net"/>
         <property name="os" value="Windows 10 64bit"/>
         <property name="katalonVersion" value="9.4.0.212"/>
         <property name="browser" value="Edge Chromium 124"/>
         <property name="hostAddress" value="192.168.0.110"/>
         <property name="sessionId" value="cb8e4c5802c1a3d4d855e7c33723dc1d"/>
         <property name="seleniumVersion" value="3.141.59"/>
         <property name="proxyInformation" value="ProxyInformation { proxyOption=NO_PROXY, proxyServerType=HTTP, username=, password=********, proxyServerAddress=, proxyServerPort=0, executionList=&quot;&quot;, isApplyToDesiredCapabilities=true }"/>
         <property name="platform" value="Windows 10"/>
      </properties>
      <testcase name="Test Cases/Swag_Labs/AddToCart" time="23.34" classname="Test Cases/Swag_Labs/AddToCart" status="PASSED">
         <system-out><![CDATA[21-04-2024T16:56:24 - [TEST_CASE][PASSED] - Test Cases/Swag_Labs/AddToCart: Test Cases/Swag_Labs/AddToCart

21-04-2024T16:56:24 - [TEST_STEP][PASSED] - callTestCase(findTestCase("Swag_Labs/Swag_Login"), [:], STOP_ON_FAILURE): Call Test Case 'Test Cases/Swag_Labs/Swag_Login' successfully

21-04-2024T16:56:25 - [TEST_CASE][PASSED] - Test Cases/Swag_Labs/Swag_Login: Test Cases/Swag_Labs/Swag_Login

21-04-2024T16:56:25 - [TEST_STEP][PASSED] - openBrowser(""): Browser is opened with url: ''

21-04-2024T16:56:25 - [MESSAGE][INFO] - Starting 'Edge Chromium' driver

21-04-2024T16:56:27 - [MESSAGE][INFO] - Action delay is set to 0 milliseconds

21-04-2024T16:56:29 - [MESSAGE][PASSED] - Browser is opened with url: ''

21-04-2024T16:56:29 - [TEST_STEP][PASSED] - navigateToUrl("https://www.saucedemo.com/v1/index.html"): Navigate to 'https://www.saucedemo.com/v1/index.html' successfully

21-04-2024T16:56:30 - [MESSAGE][PASSED] - Navigate to 'https://www.saucedemo.com/v1/index.html' successfully

21-04-2024T16:56:30 - [TEST_STEP][PASSED] - setText(findTestObject("Object Repository/swaglabs_login/Page_Swag Labs/input_standard_userlocked_out_userproblem_u_db77ac"), "standard_userse"): Text 'standard_userse' is set on object 'Object Repository/swaglabs_login/Page_Swag Labs/input_standard_userlocked_out_userproblem_u_db77ac'

21-04-2024T16:56:31 - [MESSAGE][PASSED] - Text 'standard_userse' is set on object 'Object Repository/swaglabs_login/Page_Swag Labs/input_standard_userlocked_out_userproblem_u_db77ac'

21-04-2024T16:56:31 - [TEST_STEP][PASSED] - click(findTestObject("Object Repository/swaglabs_login/Page_Swag Labs/input_standard_userlocked_out_userproblem_u_db77ac")): Object: 'Object Repository/swaglabs_login/Page_Swag Labs/input_standard_userlocked_out_userproblem_u_db77ac' is clicked on

21-04-2024T16:56:32 - [MESSAGE][PASSED] - Object: 'Object Repository/swaglabs_login/Page_Swag Labs/input_standard_userlocked_out_userproblem_u_db77ac' is clicked on

21-04-2024T16:56:32 - [TEST_STEP][PASSED] - setEncryptedText(findTestObject("Object Repository/swaglabs_login/Page_Swag Labs/input_standard_userlocked_out_userproblem_u_3423e9"), "9NLz+4tGZcQ="): Text ****** has been set on object 'Object Repository/swaglabs_login/Page_Swag Labs/input_standard_userlocked_out_userproblem_u_3423e9'

21-04-2024T16:56:33 - [MESSAGE][PASSED] - Text ****** has been set on object 'Object Repository/swaglabs_login/Page_Swag Labs/input_standard_userlocked_out_userproblem_u_3423e9'

21-04-2024T16:56:33 - [TEST_STEP][PASSED] - setText(findTestObject("Object Repository/swaglabs_login/Page_Swag Labs/input_standard_userlocked_out_userproblem_u_db77ac"), "standard_user"): Text 'standard_user' is set on object 'Object Repository/swaglabs_login/Page_Swag Labs/input_standard_userlocked_out_userproblem_u_db77ac'

21-04-2024T16:56:34 - [MESSAGE][PASSED] - Text 'standard_user' is set on object 'Object Repository/swaglabs_login/Page_Swag Labs/input_standard_userlocked_out_userproblem_u_db77ac'

21-04-2024T16:56:34 - [TEST_STEP][PASSED] - setEncryptedText(findTestObject("Object Repository/swaglabs_login/Page_Swag Labs/input_standard_userlocked_out_userproblem_u_3423e9"), "qcu24s4901FyWDTwXGr6XA=="): Text ****** has been set on object 'Object Repository/swaglabs_login/Page_Swag Labs/input_standard_userlocked_out_userproblem_u_3423e9'

21-04-2024T16:56:35 - [MESSAGE][PASSED] - Text ****** has been set on object 'Object Repository/swaglabs_login/Page_Swag Labs/input_standard_userlocked_out_userproblem_u_3423e9'

21-04-2024T16:56:35 - [TEST_STEP][PASSED] - click(findTestObject("Object Repository/swaglabs_login/Page_Swag Labs/input_standard_userlocked_out_userproblem_u_0dff71")): Object: 'Object Repository/swaglabs_login/Page_Swag Labs/input_standard_userlocked_out_userproblem_u_0dff71' is clicked on

21-04-2024T16:56:36 - [MESSAGE][PASSED] - Object: 'Object Repository/swaglabs_login/Page_Swag Labs/input_standard_userlocked_out_userproblem_u_0dff71' is clicked on

21-04-2024T16:56:36 - [MESSAGE][PASSED] - Call Test Case 'Test Cases/Swag_Labs/Swag_Login' successfully

21-04-2024T16:56:36 - [TEST_STEP][PASSED] - verifyElementPresent(findTestObject("Object Repository/Swag_AddToCart/Page_Swag Labs/button_ADD TO CART"), 0): Object 'Object Repository/Swag_AddToCart/Page_Swag Labs/button_ADD TO CART' is present

21-04-2024T16:56:37 - [MESSAGE][WARNING] - Timeout '0' is invalid. Using default page load timeout: '30'

21-04-2024T16:56:37 - [MESSAGE][PASSED] - Object 'Object Repository/Swag_AddToCart/Page_Swag Labs/button_ADD TO CART' is present

21-04-2024T16:56:37 - [TEST_STEP][PASSED] - click(findTestObject("Object Repository/Swag_AddToCart/Page_Swag Labs/button_ADD TO CART")): Object: 'Object Repository/Swag_AddToCart/Page_Swag Labs/button_ADD TO CART' is clicked on

21-04-2024T16:56:37 - [MESSAGE][PASSED] - Object: 'Object Repository/Swag_AddToCart/Page_Swag Labs/button_ADD TO CART' is clicked on

21-04-2024T16:56:37 - [TEST_STEP][PASSED] - click(findTestObject("Object Repository/Swag_AddToCart/Page_Swag Labs/svg_Open Menu_svg-inline--fa fa-shopping-ca_f4ec0f")): Object: 'Object Repository/Swag_AddToCart/Page_Swag Labs/svg_Open Menu_svg-inline--fa fa-shopping-ca_f4ec0f' is clicked on

21-04-2024T16:56:38 - [MESSAGE][PASSED] - Object: 'Object Repository/Swag_AddToCart/Page_Swag Labs/svg_Open Menu_svg-inline--fa fa-shopping-ca_f4ec0f' is clicked on

21-04-2024T16:56:38 - [TEST_STEP][PASSED] - navigateToUrl("https://www.saucedemo.com/v1/cart.html"): Navigate to 'https://www.saucedemo.com/v1/cart.html' successfully

21-04-2024T16:56:38 - [MESSAGE][PASSED] - Navigate to 'https://www.saucedemo.com/v1/cart.html' successfully

21-04-2024T16:56:38 - [TEST_STEP][PASSED] - rightClick(findTestObject("Object Repository/Swag_AddToCart/Page_Swag Labs/path")): Object: 'Object Repository/Swag_AddToCart/Page_Swag Labs/path' is right clicked on

21-04-2024T16:56:39 - [MESSAGE][WARNING] - [SELF-HEALING] Failed to find element with id 'Object Repository/Swag_AddToCart/Page_Swag Labs/path'. Try using Self-healing.

21-04-2024T16:56:41 - [MESSAGE][INFO] - [SELF-HEALING] No working XPath is found.

21-04-2024T16:56:41 - [MESSAGE][INFO] - [SELF-HEALING] Screenshot: C:/Users/VH427KA/git/KatalonPractice1/Reports/Self-healing/Object Repository/Swag_AddToCart/Page_Swag Labs/path_SMART_LOCATOR.png

21-04-2024T16:56:41 - [MESSAGE][WARNING] - [SELF-HEALING] The current locator of test object 'Object Repository/Swag_AddToCart/Page_Swag Labs/path' was broken. Propose an alternative one: 'internal:role=link[name="1"i]'.

21-04-2024T16:56:41 - [MESSAGE][PASSED] - Object: 'Object Repository/Swag_AddToCart/Page_Swag Labs/path' is right clicked on

21-04-2024T16:56:41 - [TEST_STEP][PASSED] - click(findTestObject("Object Repository/Swag_AddToCart/Page_Swag Labs/div_Sauce Labs Backpack")): Object: 'Object Repository/Swag_AddToCart/Page_Swag Labs/div_Sauce Labs Backpack' is clicked on

21-04-2024T16:56:42 - [MESSAGE][PASSED] - Object: 'Object Repository/Swag_AddToCart/Page_Swag Labs/div_Sauce Labs Backpack' is clicked on

21-04-2024T16:56:42 - [TEST_STEP][PASSED] - click(findTestObject("Object Repository/Swag_AddToCart/Page_Swag Labs/path")): Object: 'Object Repository/Swag_AddToCart/Page_Swag Labs/path' is clicked on

21-04-2024T16:56:42 - [MESSAGE][WARNING] - [SELF-HEALING] Failed to find element with id 'Object Repository/Swag_AddToCart/Page_Swag Labs/path'. Try using Self-healing.

21-04-2024T16:56:44 - [MESSAGE][INFO] - [SELF-HEALING] No working XPath is found.

21-04-2024T16:56:45 - [MESSAGE][INFO] - [SELF-HEALING] Screenshot: C:/Users/VH427KA/git/KatalonPractice1/Reports/Self-healing/Object Repository/Swag_AddToCart/Page_Swag Labs/path_SMART_LOCATOR.png

21-04-2024T16:56:45 - [MESSAGE][WARNING] - [SELF-HEALING] The current locator of test object 'Object Repository/Swag_AddToCart/Page_Swag Labs/path' was broken. Propose an alternative one: 'internal:role=link[name="1"i]'.

21-04-2024T16:56:45 - [MESSAGE][PASSED] - Object: 'Object Repository/Swag_AddToCart/Page_Swag Labs/path' is clicked on

21-04-2024T16:56:45 - [TEST_STEP][PASSED] - verifyElementPresent(findTestObject("Object Repository/Swag_AddToCart/Page_Swag Labs/span_1"), 0): Object 'Object Repository/Swag_AddToCart/Page_Swag Labs/span_1' is present

21-04-2024T16:56:45 - [MESSAGE][WARNING] - Timeout '0' is invalid. Using default page load timeout: '30'

21-04-2024T16:56:45 - [MESSAGE][PASSED] - Object 'Object Repository/Swag_AddToCart/Page_Swag Labs/span_1' is present

21-04-2024T16:56:45 - [TEST_STEP][PASSED] - click(findTestObject("Object Repository/Swag_AddToCart/Page_Swag Labs/a_Continue Shopping")): Object: 'Object Repository/Swag_AddToCart/Page_Swag Labs/a_Continue Shopping' is clicked on

21-04-2024T16:56:46 - [MESSAGE][PASSED] - Object: 'Object Repository/Swag_AddToCart/Page_Swag Labs/a_Continue Shopping' is clicked on

21-04-2024T16:56:46 - [TEST_STEP][PASSED] - click(findTestObject("Object Repository/Swag_AddToCart/Page_Swag Labs/button_Open Menu")): Object: 'Object Repository/Swag_AddToCart/Page_Swag Labs/button_Open Menu' is clicked on

21-04-2024T16:56:46 - [MESSAGE][PASSED] - Object: 'Object Repository/Swag_AddToCart/Page_Swag Labs/button_Open Menu' is clicked on

21-04-2024T16:56:46 - [TEST_STEP][PASSED] - click(findTestObject("Object Repository/Swag_AddToCart/Page_Swag Labs/a_Logout")): Object: 'Object Repository/Swag_AddToCart/Page_Swag Labs/a_Logout' is clicked on

21-04-2024T16:56:47 - [MESSAGE][PASSED] - Object: 'Object Repository/Swag_AddToCart/Page_Swag Labs/a_Logout' is clicked on

21-04-2024T16:56:47 - [TEST_STEP][PASSED] - closeBrowser(): Browser is closed

21-04-2024T16:56:47 - [MESSAGE][PASSED] - Browser is closed]]></system-out>
         <system-err><![CDATA[]]></system-err>
      </testcase>
      <system-out><![CDATA[21-04-2024T16:56:24 - [TEST_SUITE][PASSED] - TS_AddToCart: Test Cases/Swag_Labs/AddToCart]]></system-out>
      <system-err><![CDATA[]]></system-err>
   </testsuite>
</testsuites>
