<?xml version="1.0" encoding="UTF-8"?>
<testsuites name="TS_AddToCart" time="14.942" tests="1" failures="0" errors="0">
   <testsuite name="TS_AddToCart" tests="1" failures="0" errors="0" time="14.942" skipped="0" timestamp="23-04-2024T21:42:54" hostname="VH427KA - IN3554302W1.ey.net" id="Test Suites/Jpet/TS_AddToCart">
      <properties>
         <property name="deviceName" value=""/>
         <property name="devicePlatform" value=""/>
         <property name="logFolder" value="C:\\Users\\VH427KA\\git\\KatalonPractice1\\Reports\\20240423_214250\\Jpet\\TS_AddToCart\\20240423_214251"/>
         <property name="logFiles" value="C:\\Users\\VH427KA\\git\\KatalonPractice1\\Reports\\20240423_214250\\Jpet\\TS_AddToCart\\20240423_214251\\execution0.log"/>
         <property name="attachments" value=""/>
         <property name="hostName" value="VH427KA - IN3554302W1.ey.net"/>
         <property name="os" value="Windows 10 64bit"/>
         <property name="katalonVersion" value="9.4.0.212"/>
         <property name="browser" value="Edge Chromium 124"/>
         <property name="hostAddress" value="192.168.40.128"/>
         <property name="sessionId" value="66c5e7c3b487c1bd1e72f8a3d9787bc2"/>
         <property name="seleniumVersion" value="3.141.59"/>
         <property name="proxyInformation" value="ProxyInformation { proxyOption=NO_PROXY, proxyServerType=HTTP, username=, password=********, proxyServerAddress=, proxyServerPort=0, executionList=&quot;&quot;, isApplyToDesiredCapabilities=true }"/>
         <property name="platform" value="Windows 10"/>
      </properties>
      <testcase name="Test Cases/Jpet/AddToCart" time="14.754" classname="Test Cases/Jpet/AddToCart" status="PASSED">
         <system-out><![CDATA[23-04-2024T21:42:54 - [TEST_CASE][PASSED] - Test Cases/Jpet/AddToCart: Test Cases/Jpet/AddToCart

23-04-2024T21:42:55 - [TEST_STEP][PASSED] - callTestCase(findTestCase("Jpet/Login"), [:], STOP_ON_FAILURE): Call Test Case 'Test Cases/Jpet/Login' successfully

23-04-2024T21:42:55 - [TEST_CASE][PASSED] - Test Cases/Jpet/Login: Test Cases/Jpet/Login

23-04-2024T21:42:55 - [TEST_STEP][PASSED] - openBrowser(""): Browser is opened with url: ''

23-04-2024T21:42:55 - [MESSAGE][INFO] - Starting 'Edge Chromium' driver

23-04-2024T21:42:58 - [MESSAGE][INFO] - Action delay is set to 0 milliseconds

23-04-2024T21:42:59 - [MESSAGE][PASSED] - Browser is opened with url: ''

23-04-2024T21:42:59 - [TEST_STEP][PASSED] - navigateToUrl("https://petstore.octoperf.com/"): Navigate to 'https://petstore.octoperf.com/' successfully

23-04-2024T21:43:00 - [MESSAGE][PASSED] - Navigate to 'https://petstore.octoperf.com/' successfully

23-04-2024T21:43:00 - [TEST_STEP][PASSED] - click(findTestObject("Object Repository/Pet_Login2/Page_JPetStore Demo/a_Enter the Store")): Object: 'Object Repository/Pet_Login2/Page_JPetStore Demo/a_Enter the Store' is clicked on

23-04-2024T21:43:02 - [MESSAGE][PASSED] - Object: 'Object Repository/Pet_Login2/Page_JPetStore Demo/a_Enter the Store' is clicked on

23-04-2024T21:43:02 - [TEST_STEP][PASSED] - click(findTestObject("Object Repository/Pet_Login2/Page_JPetStore Demo/a_Sign In")): Object: 'Object Repository/Pet_Login2/Page_JPetStore Demo/a_Sign In' is clicked on

23-04-2024T21:43:02 - [MESSAGE][PASSED] - Object: 'Object Repository/Pet_Login2/Page_JPetStore Demo/a_Sign In' is clicked on

23-04-2024T21:43:02 - [TEST_STEP][PASSED] - setText(findTestObject("Object Repository/Pet_Login2/Page_JPetStore Demo/input_Need a user name and password_username"), "raj"): Text 'raj' is set on object 'Object Repository/Pet_Login2/Page_JPetStore Demo/input_Need a user name and password_username'

23-04-2024T21:43:03 - [MESSAGE][PASSED] - Text 'raj' is set on object 'Object Repository/Pet_Login2/Page_JPetStore Demo/input_Need a user name and password_username'

23-04-2024T21:43:03 - [TEST_STEP][PASSED] - click(findTestObject("Object Repository/Pet_Login2/Page_JPetStore Demo/input_Need a user name and password_username")): Object: 'Object Repository/Pet_Login2/Page_JPetStore Demo/input_Need a user name and password_username' is clicked on

23-04-2024T21:43:03 - [MESSAGE][PASSED] - Object: 'Object Repository/Pet_Login2/Page_JPetStore Demo/input_Need a user name and password_username' is clicked on

23-04-2024T21:43:03 - [TEST_STEP][PASSED] - setEncryptedText(findTestObject("Object Repository/Pet_Login2/Page_JPetStore Demo/input_Need a user name and password_password"), "ZBez4TpO49Q="): Text ****** has been set on object 'Object Repository/Pet_Login2/Page_JPetStore Demo/input_Need a user name and password_password'

23-04-2024T21:43:04 - [MESSAGE][PASSED] - Text ****** has been set on object 'Object Repository/Pet_Login2/Page_JPetStore Demo/input_Need a user name and password_password'

23-04-2024T21:43:04 - [TEST_STEP][PASSED] - click(findTestObject("Object Repository/Pet_Login2/Page_JPetStore Demo/input_Need a user name and password_signon")): Object: 'Object Repository/Pet_Login2/Page_JPetStore Demo/input_Need a user name and password_signon' is clicked on

23-04-2024T21:43:05 - [MESSAGE][PASSED] - Object: 'Object Repository/Pet_Login2/Page_JPetStore Demo/input_Need a user name and password_signon' is clicked on

23-04-2024T21:43:05 - [MESSAGE][PASSED] - Call Test Case 'Test Cases/Jpet/Login' successfully

23-04-2024T21:43:05 - [TEST_STEP][PASSED] - click(findTestObject("Object Repository/Pet_AddToCart/Page_JPetStore Demo/img")): Object: 'Object Repository/Pet_AddToCart/Page_JPetStore Demo/img' is clicked on

23-04-2024T21:43:05 - [MESSAGE][PASSED] - Object: 'Object Repository/Pet_AddToCart/Page_JPetStore Demo/img' is clicked on

23-04-2024T21:43:05 - [TEST_STEP][PASSED] - navigateToUrl("https://petstore.octoperf.com/actions/Catalog.action?viewCategory=&categoryId=FISH"): Navigate to 'https://petstore.octoperf.com/actions/Catalog.action?viewCategory=&categoryId=FISH' successfully

23-04-2024T21:43:06 - [MESSAGE][PASSED] - Navigate to 'https://petstore.octoperf.com/actions/Catalog.action?viewCategory=&categoryId=FISH' successfully

23-04-2024T21:43:06 - [TEST_STEP][PASSED] - click(findTestObject("Object Repository/Pet_AddToCart/Page_JPetStore Demo/a_FI-SW-01")): Object: 'Object Repository/Pet_AddToCart/Page_JPetStore Demo/a_FI-SW-01' is clicked on

23-04-2024T21:43:06 - [MESSAGE][PASSED] - Object: 'Object Repository/Pet_AddToCart/Page_JPetStore Demo/a_FI-SW-01' is clicked on

23-04-2024T21:43:06 - [TEST_STEP][PASSED] - verifyElementClickable(findTestObject("Object Repository/Pet_AddToCart/Page_JPetStore Demo/a_Add to Cart")): Object 'Object Repository/Pet_AddToCart/Page_JPetStore Demo/a_Add to Cart' is clickable

23-04-2024T21:43:07 - [MESSAGE][PASSED] - Object 'Object Repository/Pet_AddToCart/Page_JPetStore Demo/a_Add to Cart' is clickable

23-04-2024T21:43:07 - [TEST_STEP][PASSED] - click(findTestObject("Object Repository/Pet_AddToCart/Page_JPetStore Demo/a_Add to Cart")): Object: 'Object Repository/Pet_AddToCart/Page_JPetStore Demo/a_Add to Cart' is clicked on

23-04-2024T21:43:07 - [MESSAGE][PASSED] - Object: 'Object Repository/Pet_AddToCart/Page_JPetStore Demo/a_Add to Cart' is clicked on

23-04-2024T21:43:07 - [TEST_STEP][PASSED] - verifyElementPresent(findTestObject("Object Repository/Pet_AddToCart/Page_JPetStore Demo/h2_Shopping Cart"), 0): Object 'Object Repository/Pet_AddToCart/Page_JPetStore Demo/h2_Shopping Cart' is present

23-04-2024T21:43:07 - [MESSAGE][WARNING] - Timeout '0' is invalid. Using default page load timeout: '30'

23-04-2024T21:43:07 - [MESSAGE][PASSED] - Object 'Object Repository/Pet_AddToCart/Page_JPetStore Demo/h2_Shopping Cart' is present

23-04-2024T21:43:07 - [TEST_STEP][PASSED] - click(findTestObject("Object Repository/Pet_AddToCart/Page_JPetStore Demo/input_Sub Total 16.50_updateCartQuantities")): Object: 'Object Repository/Pet_AddToCart/Page_JPetStore Demo/input_Sub Total 16.50_updateCartQuantities' is clicked on

23-04-2024T21:43:08 - [MESSAGE][PASSED] - Object: 'Object Repository/Pet_AddToCart/Page_JPetStore Demo/input_Sub Total 16.50_updateCartQuantities' is clicked on

23-04-2024T21:43:08 - [TEST_STEP][PASSED] - click(findTestObject("Object Repository/Pet_AddToCart/Page_JPetStore Demo/a_Sign Out")): Object: 'Object Repository/Pet_AddToCart/Page_JPetStore Demo/a_Sign Out' is clicked on

23-04-2024T21:43:09 - [MESSAGE][PASSED] - Object: 'Object Repository/Pet_AddToCart/Page_JPetStore Demo/a_Sign Out' is clicked on

23-04-2024T21:43:09 - [TEST_STEP][PASSED] - closeBrowser(): Browser is closed

23-04-2024T21:43:09 - [MESSAGE][PASSED] - Browser is closed]]></system-out>
         <system-err><![CDATA[]]></system-err>
      </testcase>
      <system-out><![CDATA[23-04-2024T21:42:54 - [TEST_SUITE][PASSED] - TS_AddToCart: Test Cases/Jpet/AddToCart]]></system-out>
      <system-err><![CDATA[]]></system-err>
   </testsuite>
</testsuites>
