<?xml version="1.0" encoding="UTF-8"?>
<testsuites name="VisualCP10" time="18.267" tests="2" failures="0" errors="0">
   <testsuite name="VisualCP10" tests="2" failures="0" errors="0" time="18.267" skipped="0" timestamp="28-04-2024T13:22:06" hostname="VH427KA - IN3554302W1.ey.net" id="Test Suites/VisualCP10">
      <properties>
         <property name="deviceName" value=""/>
         <property name="devicePlatform" value=""/>
         <property name="logFolder" value="C:\\Users\\VH427KA\\git\\KatalonPractice1\\Reports\\20240428_132201\\VisualCP10\\20240428_132201"/>
         <property name="logFiles" value="C:\\Users\\VH427KA\\git\\KatalonPractice1\\Reports\\20240428_132201\\VisualCP10\\20240428_132201\\execution0.log"/>
         <property name="attachments" value="keyes\keyes-fish.png, keyes\keyes-Dog.png"/>
         <property name="hostName" value="VH427KA - IN3554302W1.ey.net"/>
         <property name="os" value="Windows 10 64bit"/>
         <property name="katalonVersion" value="9.4.0.212"/>
         <property name="browser" value="Edge Chromium 124"/>
         <property name="hostAddress" value="192.168.0.110"/>
         <property name="sessionId" value="835bae47e95aa7e284dfeff0d3ab456d"/>
         <property name="seleniumVersion" value="3.141.59"/>
         <property name="proxyInformation" value="ProxyInformation { proxyOption=NO_PROXY, proxyServerType=HTTP, username=, password=********, proxyServerAddress=, proxyServerPort=0, executionList=&quot;&quot;, isApplyToDesiredCapabilities=true }"/>
         <property name="platform" value="Windows 10"/>
      </properties>
      <testcase name="Test Cases/Visual_Testing/VisualTesting2" time="10.085" classname="Test Cases/Visual_Testing/VisualTesting2" status="PASSED">
         <system-out><![CDATA[28-04-2024T13:22:06 - [TEST_CASE][PASSED] - Test Cases/Visual_Testing/VisualTesting2: Test Cases/Visual_Testing/VisualTesting2

28-04-2024T13:22:06 - [TEST_STEP][PASSED] - openBrowser(""): Browser is opened with url: ''

28-04-2024T13:22:07 - [MESSAGE][INFO] - Starting 'Edge Chromium' driver

28-04-2024T13:22:08 - [MESSAGE][INFO] - Action delay is set to 0 milliseconds

28-04-2024T13:22:10 - [MESSAGE][PASSED] - Browser is opened with url: ''

28-04-2024T13:22:10 - [TEST_STEP][PASSED] - navigateToUrl("https://petstore.octoperf.com/"): Navigate to 'https://petstore.octoperf.com/' successfully

28-04-2024T13:22:11 - [MESSAGE][PASSED] - Navigate to 'https://petstore.octoperf.com/' successfully

28-04-2024T13:22:11 - [TEST_STEP][PASSED] - click(findTestObject("Object Repository/VisualTesting2/Page_JPetStore Demo/a_Enter the Store")): Object: 'Object Repository/VisualTesting2/Page_JPetStore Demo/a_Enter the Store' is clicked on

28-04-2024T13:22:12 - [MESSAGE][PASSED] - Object: 'Object Repository/VisualTesting2/Page_JPetStore Demo/a_Enter the Store' is clicked on

28-04-2024T13:22:12 - [TEST_STEP][PASSED] - click(findTestObject("Object Repository/VisualTesting2/Page_JPetStore Demo/img")): Object: 'Object Repository/VisualTesting2/Page_JPetStore Demo/img' is clicked on

28-04-2024T13:22:13 - [MESSAGE][PASSED] - Object: 'Object Repository/VisualTesting2/Page_JPetStore Demo/img' is clicked on

28-04-2024T13:22:13 - [TEST_STEP][PASSED] - click(findTestObject("Object Repository/VisualTesting2/Page_JPetStore Demo/a_FI-SW-01")): Object: 'Object Repository/VisualTesting2/Page_JPetStore Demo/a_FI-SW-01' is clicked on

28-04-2024T13:22:14 - [MESSAGE][PASSED] - Object: 'Object Repository/VisualTesting2/Page_JPetStore Demo/a_FI-SW-01' is clicked on

28-04-2024T13:22:14 - [TEST_STEP][PASSED] - click(findTestObject("Object Repository/VisualTesting2/Page_JPetStore Demo/a_EST-1")): Object: 'Object Repository/VisualTesting2/Page_JPetStore Demo/a_EST-1' is clicked on

28-04-2024T13:22:15 - [MESSAGE][PASSED] - Object: 'Object Repository/VisualTesting2/Page_JPetStore Demo/a_EST-1' is clicked on

28-04-2024T13:22:15 - [TEST_STEP][PASSED] - takeScreenshotAsCheckpoint("fish"): Taking screenshot successfully

28-04-2024T13:22:15 - [MESSAGE][INFO] - 0 hidden object(s)

28-04-2024T13:22:15 - [MESSAGE][PASSED] - Taking screenshot successfully
[[ATTACHMENT|keyes\keyes-fish.png]]

28-04-2024T13:22:15 - [TEST_STEP][PASSED] - click(findTestObject("Object Repository/VisualTesting2/Page_JPetStore Demo/img_Sign In_img_cart")): Object: 'Object Repository/VisualTesting2/Page_JPetStore Demo/img_Sign In_img_cart' is clicked on

28-04-2024T13:22:16 - [MESSAGE][PASSED] - Object: 'Object Repository/VisualTesting2/Page_JPetStore Demo/img_Sign In_img_cart' is clicked on

28-04-2024T13:22:16 - [TEST_STEP][PASSED] - closeBrowser(): Browser is closed

28-04-2024T13:22:16 - [MESSAGE][PASSED] - Browser is closed]]></system-out>
         <system-err><![CDATA[]]></system-err>
      </testcase>
      <testcase name="Test Cases/Visual_Testing/VisualTesting3" time="7.956" classname="Test Cases/Visual_Testing/VisualTesting3" status="PASSED">
         <system-out><![CDATA[28-04-2024T13:22:16 - [TEST_CASE][PASSED] - Test Cases/Visual_Testing/VisualTesting3: Test Cases/Visual_Testing/VisualTesting3

28-04-2024T13:22:16 - [TEST_STEP][PASSED] - openBrowser(""): Browser is opened with url: ''

28-04-2024T13:22:16 - [MESSAGE][INFO] - Starting 'Edge Chromium' driver

28-04-2024T13:22:17 - [MESSAGE][INFO] - Action delay is set to 0 milliseconds

28-04-2024T13:22:18 - [MESSAGE][PASSED] - Browser is opened with url: ''

28-04-2024T13:22:18 - [TEST_STEP][PASSED] - navigateToUrl("https://petstore.octoperf.com/"): Navigate to 'https://petstore.octoperf.com/' successfully

28-04-2024T13:22:19 - [MESSAGE][PASSED] - Navigate to 'https://petstore.octoperf.com/' successfully

28-04-2024T13:22:19 - [TEST_STEP][PASSED] - click(findTestObject("Object Repository/VisualTesting3/Page_JPetStore Demo/a_Enter the Store")): Object: 'Object Repository/VisualTesting3/Page_JPetStore Demo/a_Enter the Store' is clicked on

28-04-2024T13:22:21 - [MESSAGE][PASSED] - Object: 'Object Repository/VisualTesting3/Page_JPetStore Demo/a_Enter the Store' is clicked on

28-04-2024T13:22:21 - [TEST_STEP][PASSED] - click(findTestObject("Object Repository/VisualTesting3/Page_JPetStore Demo/img")): Object: 'Object Repository/VisualTesting3/Page_JPetStore Demo/img' is clicked on

28-04-2024T13:22:21 - [MESSAGE][PASSED] - Object: 'Object Repository/VisualTesting3/Page_JPetStore Demo/img' is clicked on

28-04-2024T13:22:21 - [TEST_STEP][PASSED] - click(findTestObject("Object Repository/VisualTesting3/Page_JPetStore Demo/a_K9-BD-01")): Object: 'Object Repository/VisualTesting3/Page_JPetStore Demo/a_K9-BD-01' is clicked on

28-04-2024T13:22:22 - [MESSAGE][PASSED] - Object: 'Object Repository/VisualTesting3/Page_JPetStore Demo/a_K9-BD-01' is clicked on

28-04-2024T13:22:22 - [TEST_STEP][PASSED] - click(findTestObject("Object Repository/VisualTesting3/Page_JPetStore Demo/a_EST-6")): Object: 'Object Repository/VisualTesting3/Page_JPetStore Demo/a_EST-6' is clicked on

28-04-2024T13:22:23 - [MESSAGE][PASSED] - Object: 'Object Repository/VisualTesting3/Page_JPetStore Demo/a_EST-6' is clicked on

28-04-2024T13:22:23 - [TEST_STEP][PASSED] - takeScreenshotAsCheckpoint("Dog"): Taking screenshot successfully

28-04-2024T13:22:23 - [MESSAGE][INFO] - 0 hidden object(s)

28-04-2024T13:22:23 - [MESSAGE][PASSED] - Taking screenshot successfully
[[ATTACHMENT|keyes\keyes-Dog.png]]

28-04-2024T13:22:23 - [TEST_STEP][PASSED] - click(findTestObject("Object Repository/VisualTesting3/Page_JPetStore Demo/img_1")): Object: 'Object Repository/VisualTesting3/Page_JPetStore Demo/img_1' is clicked on

28-04-2024T13:22:24 - [MESSAGE][PASSED] - Object: 'Object Repository/VisualTesting3/Page_JPetStore Demo/img_1' is clicked on

28-04-2024T13:22:24 - [TEST_STEP][PASSED] - closeBrowser(): Browser is closed

28-04-2024T13:22:24 - [MESSAGE][PASSED] - Browser is closed]]></system-out>
         <system-err><![CDATA[]]></system-err>
      </testcase>
      <system-out><![CDATA[28-04-2024T13:22:06 - [TEST_SUITE][PASSED] - VisualCP10: Test Cases/Visual_Testing/VisualTesting3]]></system-out>
      <system-err><![CDATA[]]></system-err>
   </testsuite>
</testsuites>
