<?xml version="1.0" encoding="UTF-8"?>
<testsuites name="VisualCP12" time="20.768" tests="2" failures="0" errors="0">
   <testsuite name="VisualCP12" tests="2" failures="0" errors="0" time="20.768" skipped="0" timestamp="28-04-2024T13:29:08" hostname="VH427KA - IN3554302W1.ey.net" id="Test Suites/VisualCP12">
      <properties>
         <property name="deviceName" value=""/>
         <property name="devicePlatform" value=""/>
         <property name="logFolder" value="C:\\Users\\VH427KA\\git\\KatalonPractice1\\Reports\\20240428_132902\\VisualCP12\\20240428_132903"/>
         <property name="logFiles" value="C:\\Users\\VH427KA\\git\\KatalonPractice1\\Reports\\20240428_132902\\VisualCP12\\20240428_132903\\execution0.log"/>
         <property name="attachments" value="keyes\keyes-Dog.png, keyes\keyes-Reptiles.png"/>
         <property name="hostName" value="VH427KA - IN3554302W1.ey.net"/>
         <property name="os" value="Windows 10 64bit"/>
         <property name="katalonVersion" value="9.4.0.212"/>
         <property name="browser" value="Edge Chromium 124"/>
         <property name="hostAddress" value="192.168.0.110"/>
         <property name="sessionId" value="69ae38d64f2e1e3d50658f68c6cc79ad"/>
         <property name="seleniumVersion" value="3.141.59"/>
         <property name="proxyInformation" value="ProxyInformation { proxyOption=NO_PROXY, proxyServerType=HTTP, username=, password=********, proxyServerAddress=, proxyServerPort=0, executionList=&quot;&quot;, isApplyToDesiredCapabilities=true }"/>
         <property name="platform" value="Windows 10"/>
      </properties>
      <testcase name="Test Cases/Visual_Testing/VisualTesting3" time="11.407" classname="Test Cases/Visual_Testing/VisualTesting3" status="PASSED">
         <system-out><![CDATA[28-04-2024T13:29:08 - [TEST_CASE][PASSED] - Test Cases/Visual_Testing/VisualTesting3: Test Cases/Visual_Testing/VisualTesting3

28-04-2024T13:29:09 - [TEST_STEP][PASSED] - openBrowser(""): Browser is opened with url: ''

28-04-2024T13:29:09 - [MESSAGE][INFO] - Starting 'Edge Chromium' driver

28-04-2024T13:29:10 - [MESSAGE][INFO] - Action delay is set to 0 milliseconds

28-04-2024T13:29:13 - [MESSAGE][PASSED] - Browser is opened with url: ''

28-04-2024T13:29:13 - [TEST_STEP][PASSED] - navigateToUrl("https://petstore.octoperf.com/"): Navigate to 'https://petstore.octoperf.com/' successfully

28-04-2024T13:29:14 - [MESSAGE][PASSED] - Navigate to 'https://petstore.octoperf.com/' successfully

28-04-2024T13:29:14 - [TEST_STEP][PASSED] - click(findTestObject("Object Repository/VisualTesting3/Page_JPetStore Demo/a_Enter the Store")): Object: 'Object Repository/VisualTesting3/Page_JPetStore Demo/a_Enter the Store' is clicked on

28-04-2024T13:29:16 - [MESSAGE][PASSED] - Object: 'Object Repository/VisualTesting3/Page_JPetStore Demo/a_Enter the Store' is clicked on

28-04-2024T13:29:16 - [TEST_STEP][PASSED] - click(findTestObject("Object Repository/VisualTesting3/Page_JPetStore Demo/img")): Object: 'Object Repository/VisualTesting3/Page_JPetStore Demo/img' is clicked on

28-04-2024T13:29:16 - [MESSAGE][PASSED] - Object: 'Object Repository/VisualTesting3/Page_JPetStore Demo/img' is clicked on

28-04-2024T13:29:16 - [TEST_STEP][PASSED] - click(findTestObject("Object Repository/VisualTesting3/Page_JPetStore Demo/a_K9-BD-01")): Object: 'Object Repository/VisualTesting3/Page_JPetStore Demo/a_K9-BD-01' is clicked on

28-04-2024T13:29:17 - [MESSAGE][PASSED] - Object: 'Object Repository/VisualTesting3/Page_JPetStore Demo/a_K9-BD-01' is clicked on

28-04-2024T13:29:17 - [TEST_STEP][PASSED] - click(findTestObject("Object Repository/VisualTesting3/Page_JPetStore Demo/a_EST-6")): Object: 'Object Repository/VisualTesting3/Page_JPetStore Demo/a_EST-6' is clicked on

28-04-2024T13:29:18 - [MESSAGE][PASSED] - Object: 'Object Repository/VisualTesting3/Page_JPetStore Demo/a_EST-6' is clicked on

28-04-2024T13:29:18 - [TEST_STEP][PASSED] - takeScreenshotAsCheckpoint("Dog"): Taking screenshot successfully

28-04-2024T13:29:19 - [MESSAGE][INFO] - 0 hidden object(s)

28-04-2024T13:29:19 - [MESSAGE][PASSED] - Taking screenshot successfully
[[ATTACHMENT|keyes\keyes-Dog.png]]

28-04-2024T13:29:19 - [TEST_STEP][PASSED] - click(findTestObject("Object Repository/VisualTesting3/Page_JPetStore Demo/img_1")): Object: 'Object Repository/VisualTesting3/Page_JPetStore Demo/img_1' is clicked on

28-04-2024T13:29:19 - [MESSAGE][PASSED] - Object: 'Object Repository/VisualTesting3/Page_JPetStore Demo/img_1' is clicked on

28-04-2024T13:29:19 - [TEST_STEP][PASSED] - closeBrowser(): Browser is closed

28-04-2024T13:29:20 - [MESSAGE][PASSED] - Browser is closed]]></system-out>
         <system-err><![CDATA[]]></system-err>
      </testcase>
      <testcase name="Test Cases/Visual_Testing/VisualTesting5" time="9.079" classname="Test Cases/Visual_Testing/VisualTesting5" status="PASSED">
         <system-out><![CDATA[28-04-2024T13:29:20 - [TEST_CASE][PASSED] - Test Cases/Visual_Testing/VisualTesting5: Test Cases/Visual_Testing/VisualTesting5

28-04-2024T13:29:20 - [TEST_STEP][PASSED] - openBrowser(""): Browser is opened with url: ''

28-04-2024T13:29:20 - [MESSAGE][INFO] - Starting 'Edge Chromium' driver

28-04-2024T13:29:21 - [MESSAGE][INFO] - Action delay is set to 0 milliseconds

28-04-2024T13:29:23 - [MESSAGE][PASSED] - Browser is opened with url: ''

28-04-2024T13:29:23 - [TEST_STEP][PASSED] - navigateToUrl("https://petstore.octoperf.com/"): Navigate to 'https://petstore.octoperf.com/' successfully

28-04-2024T13:29:24 - [MESSAGE][PASSED] - Navigate to 'https://petstore.octoperf.com/' successfully

28-04-2024T13:29:24 - [TEST_STEP][PASSED] - click(findTestObject("Object Repository/VisualTesting5/Page_JPetStore Demo/a_Enter the Store")): Object: 'Object Repository/VisualTesting5/Page_JPetStore Demo/a_Enter the Store' is clicked on

28-04-2024T13:29:25 - [MESSAGE][PASSED] - Object: 'Object Repository/VisualTesting5/Page_JPetStore Demo/a_Enter the Store' is clicked on

28-04-2024T13:29:25 - [TEST_STEP][PASSED] - click(findTestObject("Object Repository/VisualTesting5/Page_JPetStore Demo/img")): Object: 'Object Repository/VisualTesting5/Page_JPetStore Demo/img' is clicked on

28-04-2024T13:29:26 - [MESSAGE][PASSED] - Object: 'Object Repository/VisualTesting5/Page_JPetStore Demo/img' is clicked on

28-04-2024T13:29:26 - [TEST_STEP][PASSED] - click(findTestObject("Object Repository/VisualTesting5/Page_JPetStore Demo/a_RP-SN-01")): Object: 'Object Repository/VisualTesting5/Page_JPetStore Demo/a_RP-SN-01' is clicked on

28-04-2024T13:29:27 - [MESSAGE][PASSED] - Object: 'Object Repository/VisualTesting5/Page_JPetStore Demo/a_RP-SN-01' is clicked on

28-04-2024T13:29:27 - [TEST_STEP][PASSED] - click(findTestObject("Object Repository/VisualTesting5/Page_JPetStore Demo/a_EST-11")): Object: 'Object Repository/VisualTesting5/Page_JPetStore Demo/a_EST-11' is clicked on

28-04-2024T13:29:27 - [MESSAGE][PASSED] - Object: 'Object Repository/VisualTesting5/Page_JPetStore Demo/a_EST-11' is clicked on

28-04-2024T13:29:27 - [TEST_STEP][PASSED] - takeScreenshotAsCheckpoint("Reptiles"): Taking screenshot successfully

28-04-2024T13:29:28 - [MESSAGE][INFO] - 0 hidden object(s)

28-04-2024T13:29:28 - [MESSAGE][PASSED] - Taking screenshot successfully
[[ATTACHMENT|keyes\keyes-Reptiles.png]]

28-04-2024T13:29:28 - [TEST_STEP][PASSED] - click(findTestObject("Object Repository/VisualTesting5/Page_JPetStore Demo/img_1")): Object: 'Object Repository/VisualTesting5/Page_JPetStore Demo/img_1' is clicked on

28-04-2024T13:29:29 - [MESSAGE][PASSED] - Object: 'Object Repository/VisualTesting5/Page_JPetStore Demo/img_1' is clicked on

28-04-2024T13:29:29 - [TEST_STEP][PASSED] - closeBrowser(): Browser is closed

28-04-2024T13:29:29 - [MESSAGE][PASSED] - Browser is closed]]></system-out>
         <system-err><![CDATA[]]></system-err>
      </testcase>
      <system-out><![CDATA[28-04-2024T13:29:08 - [TEST_SUITE][PASSED] - VisualCP12: Test Cases/Visual_Testing/VisualTesting5]]></system-out>
      <system-err><![CDATA[]]></system-err>
   </testsuite>
</testsuites>
