<?xml version="1.0" encoding="UTF-8"?>
<testsuites name="TS_Login_Addtocart_Landing" time="38.744" tests="3" failures="0" errors="0">
   <testsuite name="TS_Login_Addtocart_Landing" tests="3" failures="0" errors="0" time="38.744" skipped="0" timestamp="23-04-2024T18:41:02" hostname="VH427KA - IN3554302W1.ey.net" id="Test Suites/Swag_Labs/TS_Login_Addtocart_Landing">
      <properties>
         <property name="deviceName" value=""/>
         <property name="devicePlatform" value=""/>
         <property name="logFolder" value="C:\\Users\\VH427KA\\git\\KatalonPractice1\\Reports\\20240423_184057\\Swag_Labs\\TS_Login_Addtocart_Landing\\20240423_184058"/>
         <property name="logFiles" value="C:\\Users\\VH427KA\\git\\KatalonPractice1\\Reports\\20240423_184057\\Swag_Labs\\TS_Login_Addtocart_Landing\\20240423_184058\\execution0.log"/>
         <property name="attachments" value=""/>
         <property name="hostName" value="VH427KA - IN3554302W1.ey.net"/>
         <property name="os" value="Windows 10 64bit"/>
         <property name="katalonVersion" value="9.4.0.212"/>
         <property name="browser" value="Edge Chromium 124"/>
         <property name="hostAddress" value="192.168.40.128"/>
         <property name="sessionId" value="a6162aa391858e6938ac0c32f822cafd"/>
         <property name="seleniumVersion" value="3.141.59"/>
         <property name="proxyInformation" value="ProxyInformation { proxyOption=NO_PROXY, proxyServerType=HTTP, username=, password=********, proxyServerAddress=, proxyServerPort=0, executionList=&quot;&quot;, isApplyToDesiredCapabilities=true }"/>
         <property name="platform" value="Windows 10"/>
      </properties>
      <testcase name="Test Cases/Swag_Labs/Swag_Login" time="8.987" classname="Test Cases/Swag_Labs/Swag_Login" status="PASSED">
         <system-out><![CDATA[23-04-2024T18:41:03 - [TEST_CASE][PASSED] - Test Cases/Swag_Labs/Swag_Login: Test Cases/Swag_Labs/Swag_Login

23-04-2024T18:41:03 - [TEST_STEP][PASSED] - openBrowser(""): Browser is opened with url: ''

23-04-2024T18:41:03 - [MESSAGE][INFO] - Starting 'Edge Chromium' driver

23-04-2024T18:41:04 - [MESSAGE][INFO] - Action delay is set to 0 milliseconds

23-04-2024T18:41:06 - [MESSAGE][PASSED] - Browser is opened with url: ''

23-04-2024T18:41:06 - [TEST_STEP][PASSED] - navigateToUrl("https://www.saucedemo.com/v1/index.html"): Navigate to 'https://www.saucedemo.com/v1/index.html' successfully

23-04-2024T18:41:07 - [MESSAGE][PASSED] - Navigate to 'https://www.saucedemo.com/v1/index.html' successfully

23-04-2024T18:41:07 - [TEST_STEP][PASSED] - setText(findTestObject("Object Repository/swaglabs_login/Page_Swag Labs/input_standard_userlocked_out_userproblem_u_db77ac"), "standard_userse"): Text 'standard_userse' is set on object 'Object Repository/swaglabs_login/Page_Swag Labs/input_standard_userlocked_out_userproblem_u_db77ac'

23-04-2024T18:41:08 - [MESSAGE][PASSED] - Text 'standard_userse' is set on object 'Object Repository/swaglabs_login/Page_Swag Labs/input_standard_userlocked_out_userproblem_u_db77ac'

23-04-2024T18:41:08 - [TEST_STEP][PASSED] - click(findTestObject("Object Repository/swaglabs_login/Page_Swag Labs/input_standard_userlocked_out_userproblem_u_db77ac")): Object: 'Object Repository/swaglabs_login/Page_Swag Labs/input_standard_userlocked_out_userproblem_u_db77ac' is clicked on

23-04-2024T18:41:09 - [MESSAGE][PASSED] - Object: 'Object Repository/swaglabs_login/Page_Swag Labs/input_standard_userlocked_out_userproblem_u_db77ac' is clicked on

23-04-2024T18:41:09 - [TEST_STEP][PASSED] - setEncryptedText(findTestObject("Object Repository/swaglabs_login/Page_Swag Labs/input_standard_userlocked_out_userproblem_u_3423e9"), "9NLz+4tGZcQ="): Text ****** has been set on object 'Object Repository/swaglabs_login/Page_Swag Labs/input_standard_userlocked_out_userproblem_u_3423e9'

23-04-2024T18:41:09 - [MESSAGE][PASSED] - Text ****** has been set on object 'Object Repository/swaglabs_login/Page_Swag Labs/input_standard_userlocked_out_userproblem_u_3423e9'

23-04-2024T18:41:09 - [TEST_STEP][PASSED] - setText(findTestObject("Object Repository/swaglabs_login/Page_Swag Labs/input_standard_userlocked_out_userproblem_u_db77ac"), "standard_user"): Text 'standard_user' is set on object 'Object Repository/swaglabs_login/Page_Swag Labs/input_standard_userlocked_out_userproblem_u_db77ac'

23-04-2024T18:41:10 - [MESSAGE][PASSED] - Text 'standard_user' is set on object 'Object Repository/swaglabs_login/Page_Swag Labs/input_standard_userlocked_out_userproblem_u_db77ac'

23-04-2024T18:41:10 - [TEST_STEP][PASSED] - setEncryptedText(findTestObject("Object Repository/swaglabs_login/Page_Swag Labs/input_standard_userlocked_out_userproblem_u_3423e9"), "qcu24s4901FyWDTwXGr6XA=="): Text ****** has been set on object 'Object Repository/swaglabs_login/Page_Swag Labs/input_standard_userlocked_out_userproblem_u_3423e9'

23-04-2024T18:41:10 - [MESSAGE][PASSED] - Text ****** has been set on object 'Object Repository/swaglabs_login/Page_Swag Labs/input_standard_userlocked_out_userproblem_u_3423e9'

23-04-2024T18:41:10 - [TEST_STEP][PASSED] - click(findTestObject("Object Repository/swaglabs_login/Page_Swag Labs/input_standard_userlocked_out_userproblem_u_0dff71")): Object: 'Object Repository/swaglabs_login/Page_Swag Labs/input_standard_userlocked_out_userproblem_u_0dff71' is clicked on

23-04-2024T18:41:12 - [MESSAGE][PASSED] - Object: 'Object Repository/swaglabs_login/Page_Swag Labs/input_standard_userlocked_out_userproblem_u_0dff71' is clicked on]]></system-out>
         <system-err><![CDATA[]]></system-err>
      </testcase>
      <testcase name="Test Cases/Swag_Labs/Landing_Page" time="10.818" classname="Test Cases/Swag_Labs/Landing_Page" status="PASSED">
         <system-out><![CDATA[23-04-2024T18:41:12 - [TEST_CASE][PASSED] - Test Cases/Swag_Labs/Landing_Page: Test Cases/Swag_Labs/Landing_Page

23-04-2024T18:41:12 - [TEST_STEP][PASSED] - callTestCase(findTestCase("Swag_Labs/Swag_Login"), [:], STOP_ON_FAILURE): Call Test Case 'Test Cases/Swag_Labs/Swag_Login' successfully

23-04-2024T18:41:12 - [TEST_CASE][PASSED] - Test Cases/Swag_Labs/Swag_Login: Test Cases/Swag_Labs/Swag_Login

23-04-2024T18:41:12 - [TEST_STEP][PASSED] - openBrowser(""): Browser is opened with url: ''

23-04-2024T18:41:12 - [MESSAGE][WARNING] - A browser is already opened. Closing browser and opening a new one

23-04-2024T18:41:12 - [MESSAGE][INFO] - Starting 'Edge Chromium' driver

23-04-2024T18:41:13 - [MESSAGE][INFO] - Action delay is set to 0 milliseconds

23-04-2024T18:41:14 - [MESSAGE][PASSED] - Browser is opened with url: ''

23-04-2024T18:41:14 - [TEST_STEP][PASSED] - navigateToUrl("https://www.saucedemo.com/v1/index.html"): Navigate to 'https://www.saucedemo.com/v1/index.html' successfully

23-04-2024T18:41:15 - [MESSAGE][PASSED] - Navigate to 'https://www.saucedemo.com/v1/index.html' successfully

23-04-2024T18:41:15 - [TEST_STEP][PASSED] - setText(findTestObject("Object Repository/swaglabs_login/Page_Swag Labs/input_standard_userlocked_out_userproblem_u_db77ac"), "standard_userse"): Text 'standard_userse' is set on object 'Object Repository/swaglabs_login/Page_Swag Labs/input_standard_userlocked_out_userproblem_u_db77ac'

23-04-2024T18:41:16 - [MESSAGE][PASSED] - Text 'standard_userse' is set on object 'Object Repository/swaglabs_login/Page_Swag Labs/input_standard_userlocked_out_userproblem_u_db77ac'

23-04-2024T18:41:16 - [TEST_STEP][PASSED] - click(findTestObject("Object Repository/swaglabs_login/Page_Swag Labs/input_standard_userlocked_out_userproblem_u_db77ac")): Object: 'Object Repository/swaglabs_login/Page_Swag Labs/input_standard_userlocked_out_userproblem_u_db77ac' is clicked on

23-04-2024T18:41:17 - [MESSAGE][PASSED] - Object: 'Object Repository/swaglabs_login/Page_Swag Labs/input_standard_userlocked_out_userproblem_u_db77ac' is clicked on

23-04-2024T18:41:17 - [TEST_STEP][PASSED] - setEncryptedText(findTestObject("Object Repository/swaglabs_login/Page_Swag Labs/input_standard_userlocked_out_userproblem_u_3423e9"), "9NLz+4tGZcQ="): Text ****** has been set on object 'Object Repository/swaglabs_login/Page_Swag Labs/input_standard_userlocked_out_userproblem_u_3423e9'

23-04-2024T18:41:17 - [MESSAGE][PASSED] - Text ****** has been set on object 'Object Repository/swaglabs_login/Page_Swag Labs/input_standard_userlocked_out_userproblem_u_3423e9'

23-04-2024T18:41:17 - [TEST_STEP][PASSED] - setText(findTestObject("Object Repository/swaglabs_login/Page_Swag Labs/input_standard_userlocked_out_userproblem_u_db77ac"), "standard_user"): Text 'standard_user' is set on object 'Object Repository/swaglabs_login/Page_Swag Labs/input_standard_userlocked_out_userproblem_u_db77ac'

23-04-2024T18:41:18 - [MESSAGE][PASSED] - Text 'standard_user' is set on object 'Object Repository/swaglabs_login/Page_Swag Labs/input_standard_userlocked_out_userproblem_u_db77ac'

23-04-2024T18:41:18 - [TEST_STEP][PASSED] - setEncryptedText(findTestObject("Object Repository/swaglabs_login/Page_Swag Labs/input_standard_userlocked_out_userproblem_u_3423e9"), "qcu24s4901FyWDTwXGr6XA=="): Text ****** has been set on object 'Object Repository/swaglabs_login/Page_Swag Labs/input_standard_userlocked_out_userproblem_u_3423e9'

23-04-2024T18:41:18 - [MESSAGE][PASSED] - Text ****** has been set on object 'Object Repository/swaglabs_login/Page_Swag Labs/input_standard_userlocked_out_userproblem_u_3423e9'

23-04-2024T18:41:18 - [TEST_STEP][PASSED] - click(findTestObject("Object Repository/swaglabs_login/Page_Swag Labs/input_standard_userlocked_out_userproblem_u_0dff71")): Object: 'Object Repository/swaglabs_login/Page_Swag Labs/input_standard_userlocked_out_userproblem_u_0dff71' is clicked on

23-04-2024T18:41:20 - [MESSAGE][PASSED] - Object: 'Object Repository/swaglabs_login/Page_Swag Labs/input_standard_userlocked_out_userproblem_u_0dff71' is clicked on

23-04-2024T18:41:20 - [MESSAGE][PASSED] - Call Test Case 'Test Cases/Swag_Labs/Swag_Login' successfully

23-04-2024T18:41:20 - [TEST_STEP][PASSED] - verifyElementPresent(findTestObject("Object Repository/Swag_LandingPage/Page_Swag Labs/div_Open Menu_app_logo"), 0): Object 'Object Repository/Swag_LandingPage/Page_Swag Labs/div_Open Menu_app_logo' is present

23-04-2024T18:41:20 - [MESSAGE][WARNING] - Timeout '0' is invalid. Using default page load timeout: '30'

23-04-2024T18:41:20 - [MESSAGE][PASSED] - Object 'Object Repository/Swag_LandingPage/Page_Swag Labs/div_Open Menu_app_logo' is present

23-04-2024T18:41:20 - [TEST_STEP][PASSED] - verifyElementPresent(findTestObject("Object Repository/Swag_LandingPage/Page_Swag Labs/div_Products"), 0): Object 'Object Repository/Swag_LandingPage/Page_Swag Labs/div_Products' is present

23-04-2024T18:41:20 - [MESSAGE][WARNING] - Timeout '0' is invalid. Using default page load timeout: '30'

23-04-2024T18:41:21 - [MESSAGE][PASSED] - Object 'Object Repository/Swag_LandingPage/Page_Swag Labs/div_Products' is present

23-04-2024T18:41:21 - [TEST_STEP][PASSED] - click(findTestObject("Object Repository/Swag_LandingPage/Page_Swag Labs/div_Open Menu_header_label")): Object: 'Object Repository/Swag_LandingPage/Page_Swag Labs/div_Open Menu_header_label' is clicked on

23-04-2024T18:41:21 - [MESSAGE][PASSED] - Object: 'Object Repository/Swag_LandingPage/Page_Swag Labs/div_Open Menu_header_label' is clicked on

23-04-2024T18:41:21 - [TEST_STEP][PASSED] - click(findTestObject("Object Repository/Swag_LandingPage/Page_Swag Labs/button_Open Menu")): Object: 'Object Repository/Swag_LandingPage/Page_Swag Labs/button_Open Menu' is clicked on

23-04-2024T18:41:21 - [MESSAGE][PASSED] - Object: 'Object Repository/Swag_LandingPage/Page_Swag Labs/button_Open Menu' is clicked on

23-04-2024T18:41:21 - [TEST_STEP][PASSED] - click(findTestObject("Object Repository/Swag_LandingPage/Page_Swag Labs/a_Logout")): Object: 'Object Repository/Swag_LandingPage/Page_Swag Labs/a_Logout' is clicked on

23-04-2024T18:41:22 - [MESSAGE][PASSED] - Object: 'Object Repository/Swag_LandingPage/Page_Swag Labs/a_Logout' is clicked on

23-04-2024T18:41:22 - [TEST_STEP][PASSED] - navigateToUrl("https://www.saucedemo.com/v1/index.html"): Navigate to 'https://www.saucedemo.com/v1/index.html' successfully

23-04-2024T18:41:22 - [MESSAGE][PASSED] - Navigate to 'https://www.saucedemo.com/v1/index.html' successfully

23-04-2024T18:41:22 - [TEST_STEP][PASSED] - closeBrowser(): Browser is closed

23-04-2024T18:41:22 - [MESSAGE][PASSED] - Browser is closed]]></system-out>
         <system-err><![CDATA[]]></system-err>
      </testcase>
      <testcase name="Test Cases/Swag_Labs/AddToCart" time="18.749" classname="Test Cases/Swag_Labs/AddToCart" status="PASSED">
         <system-out><![CDATA[23-04-2024T18:41:22 - [TEST_CASE][PASSED] - Test Cases/Swag_Labs/AddToCart: Test Cases/Swag_Labs/AddToCart

23-04-2024T18:41:23 - [TEST_STEP][PASSED] - callTestCase(findTestCase("Swag_Labs/Swag_Login"), [:], STOP_ON_FAILURE): Call Test Case 'Test Cases/Swag_Labs/Swag_Login' successfully

23-04-2024T18:41:23 - [TEST_CASE][PASSED] - Test Cases/Swag_Labs/Swag_Login: Test Cases/Swag_Labs/Swag_Login

23-04-2024T18:41:23 - [TEST_STEP][PASSED] - openBrowser(""): Browser is opened with url: ''

23-04-2024T18:41:23 - [MESSAGE][INFO] - Starting 'Edge Chromium' driver

23-04-2024T18:41:23 - [MESSAGE][INFO] - Action delay is set to 0 milliseconds

23-04-2024T18:41:25 - [MESSAGE][PASSED] - Browser is opened with url: ''

23-04-2024T18:41:25 - [TEST_STEP][PASSED] - navigateToUrl("https://www.saucedemo.com/v1/index.html"): Navigate to 'https://www.saucedemo.com/v1/index.html' successfully

23-04-2024T18:41:26 - [MESSAGE][PASSED] - Navigate to 'https://www.saucedemo.com/v1/index.html' successfully

23-04-2024T18:41:26 - [TEST_STEP][PASSED] - setText(findTestObject("Object Repository/swaglabs_login/Page_Swag Labs/input_standard_userlocked_out_userproblem_u_db77ac"), "standard_userse"): Text 'standard_userse' is set on object 'Object Repository/swaglabs_login/Page_Swag Labs/input_standard_userlocked_out_userproblem_u_db77ac'

23-04-2024T18:41:27 - [MESSAGE][PASSED] - Text 'standard_userse' is set on object 'Object Repository/swaglabs_login/Page_Swag Labs/input_standard_userlocked_out_userproblem_u_db77ac'

23-04-2024T18:41:27 - [TEST_STEP][PASSED] - click(findTestObject("Object Repository/swaglabs_login/Page_Swag Labs/input_standard_userlocked_out_userproblem_u_db77ac")): Object: 'Object Repository/swaglabs_login/Page_Swag Labs/input_standard_userlocked_out_userproblem_u_db77ac' is clicked on

23-04-2024T18:41:28 - [MESSAGE][PASSED] - Object: 'Object Repository/swaglabs_login/Page_Swag Labs/input_standard_userlocked_out_userproblem_u_db77ac' is clicked on

23-04-2024T18:41:28 - [TEST_STEP][PASSED] - setEncryptedText(findTestObject("Object Repository/swaglabs_login/Page_Swag Labs/input_standard_userlocked_out_userproblem_u_3423e9"), "9NLz+4tGZcQ="): Text ****** has been set on object 'Object Repository/swaglabs_login/Page_Swag Labs/input_standard_userlocked_out_userproblem_u_3423e9'

23-04-2024T18:41:28 - [MESSAGE][PASSED] - Text ****** has been set on object 'Object Repository/swaglabs_login/Page_Swag Labs/input_standard_userlocked_out_userproblem_u_3423e9'

23-04-2024T18:41:28 - [TEST_STEP][PASSED] - setText(findTestObject("Object Repository/swaglabs_login/Page_Swag Labs/input_standard_userlocked_out_userproblem_u_db77ac"), "standard_user"): Text 'standard_user' is set on object 'Object Repository/swaglabs_login/Page_Swag Labs/input_standard_userlocked_out_userproblem_u_db77ac'

23-04-2024T18:41:29 - [MESSAGE][PASSED] - Text 'standard_user' is set on object 'Object Repository/swaglabs_login/Page_Swag Labs/input_standard_userlocked_out_userproblem_u_db77ac'

23-04-2024T18:41:29 - [TEST_STEP][PASSED] - setEncryptedText(findTestObject("Object Repository/swaglabs_login/Page_Swag Labs/input_standard_userlocked_out_userproblem_u_3423e9"), "qcu24s4901FyWDTwXGr6XA=="): Text ****** has been set on object 'Object Repository/swaglabs_login/Page_Swag Labs/input_standard_userlocked_out_userproblem_u_3423e9'

23-04-2024T18:41:29 - [MESSAGE][PASSED] - Text ****** has been set on object 'Object Repository/swaglabs_login/Page_Swag Labs/input_standard_userlocked_out_userproblem_u_3423e9'

23-04-2024T18:41:29 - [TEST_STEP][PASSED] - click(findTestObject("Object Repository/swaglabs_login/Page_Swag Labs/input_standard_userlocked_out_userproblem_u_0dff71")): Object: 'Object Repository/swaglabs_login/Page_Swag Labs/input_standard_userlocked_out_userproblem_u_0dff71' is clicked on

23-04-2024T18:41:31 - [MESSAGE][PASSED] - Object: 'Object Repository/swaglabs_login/Page_Swag Labs/input_standard_userlocked_out_userproblem_u_0dff71' is clicked on

23-04-2024T18:41:31 - [MESSAGE][PASSED] - Call Test Case 'Test Cases/Swag_Labs/Swag_Login' successfully

23-04-2024T18:41:31 - [TEST_STEP][PASSED] - verifyElementPresent(findTestObject("Object Repository/Swag_AddToCart/Page_Swag Labs/button_ADD TO CART"), 0): Object 'Object Repository/Swag_AddToCart/Page_Swag Labs/button_ADD TO CART' is present

23-04-2024T18:41:31 - [MESSAGE][WARNING] - Timeout '0' is invalid. Using default page load timeout: '30'

23-04-2024T18:41:31 - [MESSAGE][PASSED] - Object 'Object Repository/Swag_AddToCart/Page_Swag Labs/button_ADD TO CART' is present

23-04-2024T18:41:31 - [TEST_STEP][PASSED] - click(findTestObject("Object Repository/Swag_AddToCart/Page_Swag Labs/button_ADD TO CART")): Object: 'Object Repository/Swag_AddToCart/Page_Swag Labs/button_ADD TO CART' is clicked on

23-04-2024T18:41:31 - [MESSAGE][PASSED] - Object: 'Object Repository/Swag_AddToCart/Page_Swag Labs/button_ADD TO CART' is clicked on

23-04-2024T18:41:31 - [TEST_STEP][PASSED] - click(findTestObject("Object Repository/Swag_AddToCart/Page_Swag Labs/svg_Open Menu_svg-inline--fa fa-shopping-ca_f4ec0f")): Object: 'Object Repository/Swag_AddToCart/Page_Swag Labs/svg_Open Menu_svg-inline--fa fa-shopping-ca_f4ec0f' is clicked on

23-04-2024T18:41:32 - [MESSAGE][PASSED] - Object: 'Object Repository/Swag_AddToCart/Page_Swag Labs/svg_Open Menu_svg-inline--fa fa-shopping-ca_f4ec0f' is clicked on

23-04-2024T18:41:32 - [TEST_STEP][PASSED] - navigateToUrl("https://www.saucedemo.com/v1/cart.html"): Navigate to 'https://www.saucedemo.com/v1/cart.html' successfully

23-04-2024T18:41:32 - [MESSAGE][PASSED] - Navigate to 'https://www.saucedemo.com/v1/cart.html' successfully

23-04-2024T18:41:32 - [TEST_STEP][PASSED] - rightClick(findTestObject("Object Repository/Swag_AddToCart/Page_Swag Labs/path")): Object: 'Object Repository/Swag_AddToCart/Page_Swag Labs/path' is right clicked on

23-04-2024T18:41:33 - [MESSAGE][WARNING] - [SELF-HEALING] Failed to find element with id 'Object Repository/Swag_AddToCart/Page_Swag Labs/path'. Try using Self-healing.

23-04-2024T18:41:35 - [MESSAGE][INFO] - [SELF-HEALING] No working XPath is found.

23-04-2024T18:41:35 - [MESSAGE][INFO] - [SELF-HEALING] Screenshot: C:/Users/VH427KA/git/KatalonPractice1/Reports/Self-healing/Object Repository/Swag_AddToCart/Page_Swag Labs/path_SMART_LOCATOR.png

23-04-2024T18:41:35 - [MESSAGE][WARNING] - [SELF-HEALING] The current locator of test object 'Object Repository/Swag_AddToCart/Page_Swag Labs/path' was broken. Propose an alternative one: 'internal:role=link[name="1"i]'.

23-04-2024T18:41:35 - [MESSAGE][PASSED] - Object: 'Object Repository/Swag_AddToCart/Page_Swag Labs/path' is right clicked on

23-04-2024T18:41:35 - [TEST_STEP][PASSED] - click(findTestObject("Object Repository/Swag_AddToCart/Page_Swag Labs/div_Sauce Labs Backpack")): Object: 'Object Repository/Swag_AddToCart/Page_Swag Labs/div_Sauce Labs Backpack' is clicked on

23-04-2024T18:41:36 - [MESSAGE][PASSED] - Object: 'Object Repository/Swag_AddToCart/Page_Swag Labs/div_Sauce Labs Backpack' is clicked on

23-04-2024T18:41:36 - [TEST_STEP][PASSED] - click(findTestObject("Object Repository/Swag_AddToCart/Page_Swag Labs/path")): Object: 'Object Repository/Swag_AddToCart/Page_Swag Labs/path' is clicked on

23-04-2024T18:41:37 - [MESSAGE][WARNING] - [SELF-HEALING] Failed to find element with id 'Object Repository/Swag_AddToCart/Page_Swag Labs/path'. Try using Self-healing.

23-04-2024T18:41:39 - [MESSAGE][INFO] - [SELF-HEALING] No working XPath is found.

23-04-2024T18:41:39 - [MESSAGE][INFO] - [SELF-HEALING] Screenshot: C:/Users/VH427KA/git/KatalonPractice1/Reports/Self-healing/Object Repository/Swag_AddToCart/Page_Swag Labs/path_SMART_LOCATOR.png

23-04-2024T18:41:39 - [MESSAGE][WARNING] - [SELF-HEALING] The current locator of test object 'Object Repository/Swag_AddToCart/Page_Swag Labs/path' was broken. Propose an alternative one: 'internal:role=link[name="1"i]'.

23-04-2024T18:41:39 - [MESSAGE][PASSED] - Object: 'Object Repository/Swag_AddToCart/Page_Swag Labs/path' is clicked on

23-04-2024T18:41:39 - [TEST_STEP][PASSED] - verifyElementPresent(findTestObject("Object Repository/Swag_AddToCart/Page_Swag Labs/span_1"), 0): Object 'Object Repository/Swag_AddToCart/Page_Swag Labs/span_1' is present

23-04-2024T18:41:39 - [MESSAGE][WARNING] - Timeout '0' is invalid. Using default page load timeout: '30'

23-04-2024T18:41:40 - [MESSAGE][PASSED] - Object 'Object Repository/Swag_AddToCart/Page_Swag Labs/span_1' is present

23-04-2024T18:41:40 - [TEST_STEP][PASSED] - click(findTestObject("Object Repository/Swag_AddToCart/Page_Swag Labs/a_Continue Shopping")): Object: 'Object Repository/Swag_AddToCart/Page_Swag Labs/a_Continue Shopping' is clicked on

23-04-2024T18:41:40 - [MESSAGE][PASSED] - Object: 'Object Repository/Swag_AddToCart/Page_Swag Labs/a_Continue Shopping' is clicked on

23-04-2024T18:41:40 - [TEST_STEP][PASSED] - click(findTestObject("Object Repository/Swag_AddToCart/Page_Swag Labs/button_Open Menu")): Object: 'Object Repository/Swag_AddToCart/Page_Swag Labs/button_Open Menu' is clicked on

23-04-2024T18:41:40 - [MESSAGE][PASSED] - Object: 'Object Repository/Swag_AddToCart/Page_Swag Labs/button_Open Menu' is clicked on

23-04-2024T18:41:40 - [TEST_STEP][PASSED] - click(findTestObject("Object Repository/Swag_AddToCart/Page_Swag Labs/a_Logout")): Object: 'Object Repository/Swag_AddToCart/Page_Swag Labs/a_Logout' is clicked on

23-04-2024T18:41:41 - [MESSAGE][PASSED] - Object: 'Object Repository/Swag_AddToCart/Page_Swag Labs/a_Logout' is clicked on

23-04-2024T18:41:41 - [TEST_STEP][PASSED] - closeBrowser(): Browser is closed

23-04-2024T18:41:41 - [MESSAGE][PASSED] - Browser is closed]]></system-out>
         <system-err><![CDATA[]]></system-err>
      </testcase>
      <system-out><![CDATA[23-04-2024T18:41:02 - [TEST_SUITE][PASSED] - TS_Login_Addtocart_Landing: Test Cases/Swag_Labs/AddToCart]]></system-out>
      <system-err><![CDATA[]]></system-err>
   </testsuite>
</testsuites>
