<?xml version="1.0" encoding="UTF-8"?>
<testsuites name="VisualCP4" time="9.97" tests="1" failures="0" errors="0">
   <testsuite name="VisualCP4" tests="1" failures="0" errors="0" time="9.97" skipped="0" timestamp="28-04-2024T13:00:42" hostname="VH427KA - IN3554302W1.ey.net" id="Test Suites/VisualCP4">
      <properties>
         <property name="deviceName" value=""/>
         <property name="devicePlatform" value=""/>
         <property name="logFolder" value="C:\\Users\\VH427KA\\git\\KatalonPractice1\\Reports\\20240428_130038\\VisualCP4\\20240428_130038"/>
         <property name="logFiles" value="C:\\Users\\VH427KA\\git\\KatalonPractice1\\Reports\\20240428_130038\\VisualCP4\\20240428_130038\\execution0.log"/>
         <property name="attachments" value="keyes\keyes-Cat.png"/>
         <property name="hostName" value="VH427KA - IN3554302W1.ey.net"/>
         <property name="os" value="Windows 10 64bit"/>
         <property name="katalonVersion" value="9.4.0.212"/>
         <property name="browser" value="Edge Chromium 124"/>
         <property name="hostAddress" value="192.168.0.110"/>
         <property name="sessionId" value="36e3552d0c552ef000ad63246815612c"/>
         <property name="seleniumVersion" value="3.141.59"/>
         <property name="proxyInformation" value="ProxyInformation { proxyOption=NO_PROXY, proxyServerType=HTTP, username=, password=********, proxyServerAddress=, proxyServerPort=0, executionList=&quot;&quot;, isApplyToDesiredCapabilities=true }"/>
         <property name="platform" value="Windows 10"/>
      </properties>
      <testcase name="Test Cases/Visual_Testing/VisualTesting4" time="9.776" classname="Test Cases/Visual_Testing/VisualTesting4" status="PASSED">
         <system-out><![CDATA[28-04-2024T13:00:42 - [TEST_CASE][PASSED] - Test Cases/Visual_Testing/VisualTesting4: Test Cases/Visual_Testing/VisualTesting4

28-04-2024T13:00:43 - [TEST_STEP][PASSED] - openBrowser(""): Browser is opened with url: ''

28-04-2024T13:00:43 - [MESSAGE][INFO] - Starting 'Edge Chromium' driver

28-04-2024T13:00:44 - [MESSAGE][INFO] - Action delay is set to 0 milliseconds

28-04-2024T13:00:46 - [MESSAGE][PASSED] - Browser is opened with url: ''

28-04-2024T13:00:46 - [TEST_STEP][PASSED] - navigateToUrl("https://petstore.octoperf.com/"): Navigate to 'https://petstore.octoperf.com/' successfully

28-04-2024T13:00:47 - [MESSAGE][PASSED] - Navigate to 'https://petstore.octoperf.com/' successfully

28-04-2024T13:00:47 - [TEST_STEP][PASSED] - click(findTestObject("Object Repository/VisualTesting4/Page_JPetStore Demo/a_Enter the Store")): Object: 'Object Repository/VisualTesting4/Page_JPetStore Demo/a_Enter the Store' is clicked on

28-04-2024T13:00:48 - [MESSAGE][PASSED] - Object: 'Object Repository/VisualTesting4/Page_JPetStore Demo/a_Enter the Store' is clicked on

28-04-2024T13:00:48 - [TEST_STEP][PASSED] - click(findTestObject("Object Repository/VisualTesting4/Page_JPetStore Demo/img")): Object: 'Object Repository/VisualTesting4/Page_JPetStore Demo/img' is clicked on

28-04-2024T13:00:49 - [MESSAGE][PASSED] - Object: 'Object Repository/VisualTesting4/Page_JPetStore Demo/img' is clicked on

28-04-2024T13:00:49 - [TEST_STEP][PASSED] - click(findTestObject("Object Repository/VisualTesting4/Page_JPetStore Demo/a_FL-DSH-01")): Object: 'Object Repository/VisualTesting4/Page_JPetStore Demo/a_FL-DSH-01' is clicked on

28-04-2024T13:00:50 - [MESSAGE][PASSED] - Object: 'Object Repository/VisualTesting4/Page_JPetStore Demo/a_FL-DSH-01' is clicked on

28-04-2024T13:00:50 - [TEST_STEP][PASSED] - click(findTestObject("Object Repository/VisualTesting4/Page_JPetStore Demo/a_EST-14")): Object: 'Object Repository/VisualTesting4/Page_JPetStore Demo/a_EST-14' is clicked on

28-04-2024T13:00:50 - [MESSAGE][PASSED] - Object: 'Object Repository/VisualTesting4/Page_JPetStore Demo/a_EST-14' is clicked on

28-04-2024T13:00:50 - [TEST_STEP][PASSED] - takeScreenshotAsCheckpoint("Cat"): Taking screenshot successfully

28-04-2024T13:00:51 - [MESSAGE][INFO] - 0 hidden object(s)

28-04-2024T13:00:51 - [MESSAGE][PASSED] - Taking screenshot successfully
[[ATTACHMENT|keyes\keyes-Cat.png]]

28-04-2024T13:00:51 - [TEST_STEP][PASSED] - click(findTestObject("Object Repository/VisualTesting4/Page_JPetStore Demo/img_1")): Object: 'Object Repository/VisualTesting4/Page_JPetStore Demo/img_1' is clicked on

28-04-2024T13:00:52 - [MESSAGE][PASSED] - Object: 'Object Repository/VisualTesting4/Page_JPetStore Demo/img_1' is clicked on

28-04-2024T13:00:52 - [TEST_STEP][PASSED] - closeBrowser(): Browser is closed

28-04-2024T13:00:52 - [MESSAGE][PASSED] - Browser is closed]]></system-out>
         <system-err><![CDATA[]]></system-err>
      </testcase>
      <system-out><![CDATA[28-04-2024T13:00:42 - [TEST_SUITE][PASSED] - VisualCP4: Test Cases/Visual_Testing/VisualTesting4]]></system-out>
      <system-err><![CDATA[]]></system-err>
   </testsuite>
</testsuites>
