<?xml version="1.0" encoding="UTF-8"?>
<testsuites name="TS_Landing" time="12.675" tests="1" failures="0" errors="0">
   <testsuite name="TS_Landing" tests="1" failures="0" errors="0" time="12.675" skipped="0" timestamp="23-04-2024T21:42:14" hostname="VH427KA - IN3554302W1.ey.net" id="Test Suites/Jpet/TS_Landing">
      <properties>
         <property name="deviceName" value=""/>
         <property name="devicePlatform" value=""/>
         <property name="logFolder" value="C:\\Users\\VH427KA\\git\\KatalonPractice1\\Reports\\20240423_214209\\Jpet\\TS_Landing\\20240423_214210"/>
         <property name="logFiles" value="C:\\Users\\VH427KA\\git\\KatalonPractice1\\Reports\\20240423_214209\\Jpet\\TS_Landing\\20240423_214210\\execution0.log"/>
         <property name="attachments" value=""/>
         <property name="hostName" value="VH427KA - IN3554302W1.ey.net"/>
         <property name="os" value="Windows 10 64bit"/>
         <property name="katalonVersion" value="9.4.0.212"/>
         <property name="browser" value="Edge Chromium 124"/>
         <property name="hostAddress" value="192.168.40.128"/>
         <property name="sessionId" value="fd21321cd9dbe87c8cf77164d64082e8"/>
         <property name="seleniumVersion" value="3.141.59"/>
         <property name="proxyInformation" value="ProxyInformation { proxyOption=NO_PROXY, proxyServerType=HTTP, username=, password=********, proxyServerAddress=, proxyServerPort=0, executionList=&quot;&quot;, isApplyToDesiredCapabilities=true }"/>
         <property name="platform" value="Windows 10"/>
      </properties>
      <testcase name="Test Cases/Jpet/Pet_Landing" time="12.494" classname="Test Cases/Jpet/Pet_Landing" status="PASSED">
         <system-out><![CDATA[23-04-2024T21:42:14 - [TEST_CASE][PASSED] - Test Cases/Jpet/Pet_Landing: Test Cases/Jpet/Pet_Landing

23-04-2024T21:42:14 - [TEST_STEP][PASSED] - callTestCase(findTestCase("Jpet/Login"), [:], STOP_ON_FAILURE): Call Test Case 'Test Cases/Jpet/Login' successfully

23-04-2024T21:42:15 - [TEST_CASE][PASSED] - Test Cases/Jpet/Login: Test Cases/Jpet/Login

23-04-2024T21:42:15 - [TEST_STEP][PASSED] - openBrowser(""): Browser is opened with url: ''

23-04-2024T21:42:15 - [MESSAGE][INFO] - Starting 'Edge Chromium' driver

23-04-2024T21:42:17 - [MESSAGE][INFO] - Action delay is set to 0 milliseconds

23-04-2024T21:42:19 - [MESSAGE][PASSED] - Browser is opened with url: ''

23-04-2024T21:42:19 - [TEST_STEP][PASSED] - navigateToUrl("https://petstore.octoperf.com/"): Navigate to 'https://petstore.octoperf.com/' successfully

23-04-2024T21:42:19 - [MESSAGE][PASSED] - Navigate to 'https://petstore.octoperf.com/' successfully

23-04-2024T21:42:19 - [TEST_STEP][PASSED] - click(findTestObject("Object Repository/Pet_Login2/Page_JPetStore Demo/a_Enter the Store")): Object: 'Object Repository/Pet_Login2/Page_JPetStore Demo/a_Enter the Store' is clicked on

23-04-2024T21:42:21 - [MESSAGE][PASSED] - Object: 'Object Repository/Pet_Login2/Page_JPetStore Demo/a_Enter the Store' is clicked on

23-04-2024T21:42:21 - [TEST_STEP][PASSED] - click(findTestObject("Object Repository/Pet_Login2/Page_JPetStore Demo/a_Sign In")): Object: 'Object Repository/Pet_Login2/Page_JPetStore Demo/a_Sign In' is clicked on

23-04-2024T21:42:22 - [MESSAGE][PASSED] - Object: 'Object Repository/Pet_Login2/Page_JPetStore Demo/a_Sign In' is clicked on

23-04-2024T21:42:22 - [TEST_STEP][PASSED] - setText(findTestObject("Object Repository/Pet_Login2/Page_JPetStore Demo/input_Need a user name and password_username"), "raj"): Text 'raj' is set on object 'Object Repository/Pet_Login2/Page_JPetStore Demo/input_Need a user name and password_username'

23-04-2024T21:42:22 - [MESSAGE][PASSED] - Text 'raj' is set on object 'Object Repository/Pet_Login2/Page_JPetStore Demo/input_Need a user name and password_username'

23-04-2024T21:42:22 - [TEST_STEP][PASSED] - click(findTestObject("Object Repository/Pet_Login2/Page_JPetStore Demo/input_Need a user name and password_username")): Object: 'Object Repository/Pet_Login2/Page_JPetStore Demo/input_Need a user name and password_username' is clicked on

23-04-2024T21:42:23 - [MESSAGE][PASSED] - Object: 'Object Repository/Pet_Login2/Page_JPetStore Demo/input_Need a user name and password_username' is clicked on

23-04-2024T21:42:23 - [TEST_STEP][PASSED] - setEncryptedText(findTestObject("Object Repository/Pet_Login2/Page_JPetStore Demo/input_Need a user name and password_password"), "ZBez4TpO49Q="): Text ****** has been set on object 'Object Repository/Pet_Login2/Page_JPetStore Demo/input_Need a user name and password_password'

23-04-2024T21:42:23 - [MESSAGE][PASSED] - Text ****** has been set on object 'Object Repository/Pet_Login2/Page_JPetStore Demo/input_Need a user name and password_password'

23-04-2024T21:42:23 - [TEST_STEP][PASSED] - click(findTestObject("Object Repository/Pet_Login2/Page_JPetStore Demo/input_Need a user name and password_signon")): Object: 'Object Repository/Pet_Login2/Page_JPetStore Demo/input_Need a user name and password_signon' is clicked on

23-04-2024T21:42:24 - [MESSAGE][PASSED] - Object: 'Object Repository/Pet_Login2/Page_JPetStore Demo/input_Need a user name and password_signon' is clicked on

23-04-2024T21:42:24 - [MESSAGE][PASSED] - Call Test Case 'Test Cases/Jpet/Login' successfully

23-04-2024T21:42:24 - [TEST_STEP][PASSED] - verifyElementVisible(findTestObject("Object Repository/Pet_Landing_Page/Page_JPetStore Demo/img")): Object 'Object Repository/Pet_Landing_Page/Page_JPetStore Demo/img' is visible

23-04-2024T21:42:24 - [MESSAGE][PASSED] - Object 'Object Repository/Pet_Landing_Page/Page_JPetStore Demo/img' is visible

23-04-2024T21:42:24 - [TEST_STEP][PASSED] - verifyElementText(findTestObject("Object Repository/Pet_Landing_Page/Page_JPetStore Demo/div_Welcome raj"), "Welcome raj!"): Actual text and expected text of test object 'Object Repository/Pet_Landing_Page/Page_JPetStore Demo/div_Welcome raj' are matched.

23-04-2024T21:42:25 - [MESSAGE][PASSED] - Actual text and expected text of test object 'Object Repository/Pet_Landing_Page/Page_JPetStore Demo/div_Welcome raj' are matched.

23-04-2024T21:42:25 - [TEST_STEP][PASSED] - verifyElementPresent(findTestObject("Object Repository/Pet_Landing_Page/Page_JPetStore Demo/div_Elevate you load-testing with OctoPerf"), 0): Object 'Object Repository/Pet_Landing_Page/Page_JPetStore Demo/div_Elevate you load-testing with OctoPerf' is present

23-04-2024T21:42:25 - [MESSAGE][WARNING] - Timeout '0' is invalid. Using default page load timeout: '30'

23-04-2024T21:42:25 - [MESSAGE][PASSED] - Object 'Object Repository/Pet_Landing_Page/Page_JPetStore Demo/div_Elevate you load-testing with OctoPerf' is present

23-04-2024T21:42:25 - [TEST_STEP][PASSED] - click(findTestObject("Object Repository/Pet_Landing_Page/Page_JPetStore Demo/a_Sign Out")): Object: 'Object Repository/Pet_Landing_Page/Page_JPetStore Demo/a_Sign Out' is clicked on

23-04-2024T21:42:26 - [MESSAGE][PASSED] - Object: 'Object Repository/Pet_Landing_Page/Page_JPetStore Demo/a_Sign Out' is clicked on

23-04-2024T21:42:26 - [TEST_STEP][PASSED] - navigateToUrl("https://petstore.octoperf.com/actions/Catalog.action"): Navigate to 'https://petstore.octoperf.com/actions/Catalog.action' successfully

23-04-2024T21:42:26 - [MESSAGE][PASSED] - Navigate to 'https://petstore.octoperf.com/actions/Catalog.action' successfully

23-04-2024T21:42:26 - [TEST_STEP][PASSED] - closeBrowser(): Browser is closed

23-04-2024T21:42:26 - [MESSAGE][PASSED] - Browser is closed]]></system-out>
         <system-err><![CDATA[]]></system-err>
      </testcase>
      <system-out><![CDATA[23-04-2024T21:42:14 - [TEST_SUITE][PASSED] - TS_Landing: Test Cases/Jpet/Pet_Landing]]></system-out>
      <system-err><![CDATA[]]></system-err>
   </testsuite>
</testsuites>
