<?xml version="1.0" encoding="UTF-8"?>
<testsuites name="VisualCP11" time="17.823" tests="2" failures="0" errors="0">
   <testsuite name="VisualCP11" tests="2" failures="0" errors="0" time="17.823" skipped="0" timestamp="28-04-2024T13:26:27" hostname="VH427KA - IN3554302W1.ey.net" id="Test Suites/VisualCP11">
      <properties>
         <property name="deviceName" value=""/>
         <property name="devicePlatform" value=""/>
         <property name="logFolder" value="C:\\Users\\VH427KA\\git\\KatalonPractice1\\Reports\\20240428_132623\\VisualCP11\\20240428_132623"/>
         <property name="logFiles" value="C:\\Users\\VH427KA\\git\\KatalonPractice1\\Reports\\20240428_132623\\VisualCP11\\20240428_132623\\execution0.log"/>
         <property name="attachments" value="keyes\keyes-fish.png, keyes\keyes-Cat.png"/>
         <property name="hostName" value="VH427KA - IN3554302W1.ey.net"/>
         <property name="os" value="Windows 10 64bit"/>
         <property name="katalonVersion" value="9.4.0.212"/>
         <property name="browser" value="Edge Chromium 124"/>
         <property name="hostAddress" value="192.168.0.110"/>
         <property name="sessionId" value="e75b66477d4d46696a0cb001ba2cc60a"/>
         <property name="seleniumVersion" value="3.141.59"/>
         <property name="proxyInformation" value="ProxyInformation { proxyOption=NO_PROXY, proxyServerType=HTTP, username=, password=********, proxyServerAddress=, proxyServerPort=0, executionList=&quot;&quot;, isApplyToDesiredCapabilities=true }"/>
         <property name="platform" value="Windows 10"/>
      </properties>
      <testcase name="Test Cases/Visual_Testing/VisualTesting2" time="9.912" classname="Test Cases/Visual_Testing/VisualTesting2" status="PASSED">
         <system-out><![CDATA[28-04-2024T13:26:27 - [TEST_CASE][PASSED] - Test Cases/Visual_Testing/VisualTesting2: Test Cases/Visual_Testing/VisualTesting2

28-04-2024T13:26:27 - [TEST_STEP][PASSED] - openBrowser(""): Browser is opened with url: ''

28-04-2024T13:26:28 - [MESSAGE][INFO] - Starting 'Edge Chromium' driver

28-04-2024T13:26:29 - [MESSAGE][INFO] - Action delay is set to 0 milliseconds

28-04-2024T13:26:30 - [MESSAGE][PASSED] - Browser is opened with url: ''

28-04-2024T13:26:30 - [TEST_STEP][PASSED] - navigateToUrl("https://petstore.octoperf.com/"): Navigate to 'https://petstore.octoperf.com/' successfully

28-04-2024T13:26:32 - [MESSAGE][PASSED] - Navigate to 'https://petstore.octoperf.com/' successfully

28-04-2024T13:26:32 - [TEST_STEP][PASSED] - click(findTestObject("Object Repository/VisualTesting2/Page_JPetStore Demo/a_Enter the Store")): Object: 'Object Repository/VisualTesting2/Page_JPetStore Demo/a_Enter the Store' is clicked on

28-04-2024T13:26:33 - [MESSAGE][PASSED] - Object: 'Object Repository/VisualTesting2/Page_JPetStore Demo/a_Enter the Store' is clicked on

28-04-2024T13:26:33 - [TEST_STEP][PASSED] - click(findTestObject("Object Repository/VisualTesting2/Page_JPetStore Demo/img")): Object: 'Object Repository/VisualTesting2/Page_JPetStore Demo/img' is clicked on

28-04-2024T13:26:34 - [MESSAGE][PASSED] - Object: 'Object Repository/VisualTesting2/Page_JPetStore Demo/img' is clicked on

28-04-2024T13:26:34 - [TEST_STEP][PASSED] - click(findTestObject("Object Repository/VisualTesting2/Page_JPetStore Demo/a_FI-SW-01")): Object: 'Object Repository/VisualTesting2/Page_JPetStore Demo/a_FI-SW-01' is clicked on

28-04-2024T13:26:34 - [MESSAGE][PASSED] - Object: 'Object Repository/VisualTesting2/Page_JPetStore Demo/a_FI-SW-01' is clicked on

28-04-2024T13:26:34 - [TEST_STEP][PASSED] - click(findTestObject("Object Repository/VisualTesting2/Page_JPetStore Demo/a_EST-1")): Object: 'Object Repository/VisualTesting2/Page_JPetStore Demo/a_EST-1' is clicked on

28-04-2024T13:26:35 - [MESSAGE][PASSED] - Object: 'Object Repository/VisualTesting2/Page_JPetStore Demo/a_EST-1' is clicked on

28-04-2024T13:26:35 - [TEST_STEP][PASSED] - takeScreenshotAsCheckpoint("fish"): Taking screenshot successfully

28-04-2024T13:26:36 - [MESSAGE][INFO] - 0 hidden object(s)

28-04-2024T13:26:36 - [MESSAGE][PASSED] - Taking screenshot successfully
[[ATTACHMENT|keyes\keyes-fish.png]]

28-04-2024T13:26:36 - [TEST_STEP][PASSED] - click(findTestObject("Object Repository/VisualTesting2/Page_JPetStore Demo/img_Sign In_img_cart")): Object: 'Object Repository/VisualTesting2/Page_JPetStore Demo/img_Sign In_img_cart' is clicked on

28-04-2024T13:26:37 - [MESSAGE][PASSED] - Object: 'Object Repository/VisualTesting2/Page_JPetStore Demo/img_Sign In_img_cart' is clicked on

28-04-2024T13:26:37 - [TEST_STEP][PASSED] - closeBrowser(): Browser is closed

28-04-2024T13:26:37 - [MESSAGE][PASSED] - Browser is closed]]></system-out>
         <system-err><![CDATA[]]></system-err>
      </testcase>
      <testcase name="Test Cases/Visual_Testing/VisualTesting4" time="7.686" classname="Test Cases/Visual_Testing/VisualTesting4" status="PASSED">
         <system-out><![CDATA[28-04-2024T13:26:37 - [TEST_CASE][PASSED] - Test Cases/Visual_Testing/VisualTesting4: Test Cases/Visual_Testing/VisualTesting4

28-04-2024T13:26:37 - [TEST_STEP][PASSED] - openBrowser(""): Browser is opened with url: ''

28-04-2024T13:26:37 - [MESSAGE][INFO] - Starting 'Edge Chromium' driver

28-04-2024T13:26:38 - [MESSAGE][INFO] - Action delay is set to 0 milliseconds

28-04-2024T13:26:39 - [MESSAGE][PASSED] - Browser is opened with url: ''

28-04-2024T13:26:39 - [TEST_STEP][PASSED] - navigateToUrl("https://petstore.octoperf.com/"): Navigate to 'https://petstore.octoperf.com/' successfully

28-04-2024T13:26:40 - [MESSAGE][PASSED] - Navigate to 'https://petstore.octoperf.com/' successfully

28-04-2024T13:26:40 - [TEST_STEP][PASSED] - click(findTestObject("Object Repository/VisualTesting4/Page_JPetStore Demo/a_Enter the Store")): Object: 'Object Repository/VisualTesting4/Page_JPetStore Demo/a_Enter the Store' is clicked on

28-04-2024T13:26:41 - [MESSAGE][PASSED] - Object: 'Object Repository/VisualTesting4/Page_JPetStore Demo/a_Enter the Store' is clicked on

28-04-2024T13:26:41 - [TEST_STEP][PASSED] - click(findTestObject("Object Repository/VisualTesting4/Page_JPetStore Demo/img")): Object: 'Object Repository/VisualTesting4/Page_JPetStore Demo/img' is clicked on

28-04-2024T13:26:42 - [MESSAGE][PASSED] - Object: 'Object Repository/VisualTesting4/Page_JPetStore Demo/img' is clicked on

28-04-2024T13:26:42 - [TEST_STEP][PASSED] - click(findTestObject("Object Repository/VisualTesting4/Page_JPetStore Demo/a_FL-DSH-01")): Object: 'Object Repository/VisualTesting4/Page_JPetStore Demo/a_FL-DSH-01' is clicked on

28-04-2024T13:26:42 - [MESSAGE][PASSED] - Object: 'Object Repository/VisualTesting4/Page_JPetStore Demo/a_FL-DSH-01' is clicked on

28-04-2024T13:26:42 - [TEST_STEP][PASSED] - click(findTestObject("Object Repository/VisualTesting4/Page_JPetStore Demo/a_EST-14")): Object: 'Object Repository/VisualTesting4/Page_JPetStore Demo/a_EST-14' is clicked on

28-04-2024T13:26:43 - [MESSAGE][PASSED] - Object: 'Object Repository/VisualTesting4/Page_JPetStore Demo/a_EST-14' is clicked on

28-04-2024T13:26:43 - [TEST_STEP][PASSED] - takeScreenshotAsCheckpoint("Cat"): Taking screenshot successfully

28-04-2024T13:26:44 - [MESSAGE][INFO] - 0 hidden object(s)

28-04-2024T13:26:44 - [MESSAGE][PASSED] - Taking screenshot successfully
[[ATTACHMENT|keyes\keyes-Cat.png]]

28-04-2024T13:26:44 - [TEST_STEP][PASSED] - click(findTestObject("Object Repository/VisualTesting4/Page_JPetStore Demo/img_1")): Object: 'Object Repository/VisualTesting4/Page_JPetStore Demo/img_1' is clicked on

28-04-2024T13:26:44 - [MESSAGE][PASSED] - Object: 'Object Repository/VisualTesting4/Page_JPetStore Demo/img_1' is clicked on

28-04-2024T13:26:44 - [TEST_STEP][PASSED] - closeBrowser(): Browser is closed

28-04-2024T13:26:45 - [MESSAGE][PASSED] - Browser is closed]]></system-out>
         <system-err><![CDATA[]]></system-err>
      </testcase>
      <system-out><![CDATA[28-04-2024T13:26:27 - [TEST_SUITE][PASSED] - VisualCP11: Test Cases/Visual_Testing/VisualTesting4]]></system-out>
      <system-err><![CDATA[]]></system-err>
   </testsuite>
</testsuites>
