<?xml version="1.0" encoding="UTF-8"?>
<testsuites name="VisualCP7" time="16.053" tests="2" failures="0" errors="0">
   <testsuite name="VisualCP7" tests="2" failures="0" errors="0" time="16.053" skipped="0" timestamp="28-04-2024T13:13:56" hostname="VH427KA - IN3554302W1.ey.net" id="Test Suites/VisualCP7">
      <properties>
         <property name="deviceName" value=""/>
         <property name="devicePlatform" value=""/>
         <property name="logFolder" value="C:\\Users\\VH427KA\\git\\KatalonPractice1\\Reports\\20240428_131352\\VisualCP7\\20240428_131352"/>
         <property name="logFiles" value="C:\\Users\\VH427KA\\git\\KatalonPractice1\\Reports\\20240428_131352\\VisualCP7\\20240428_131352\\execution0.log"/>
         <property name="attachments" value="keyes\keyes-mypic.png, keyes\keyes-fish.png"/>
         <property name="hostName" value="VH427KA - IN3554302W1.ey.net"/>
         <property name="os" value="Windows 10 64bit"/>
         <property name="katalonVersion" value="9.4.0.212"/>
         <property name="browser" value="Edge Chromium 124"/>
         <property name="hostAddress" value="192.168.0.110"/>
         <property name="sessionId" value="4b1d7c5b5851a800156fbb5f14d4ad00"/>
         <property name="seleniumVersion" value="3.141.59"/>
         <property name="proxyInformation" value="ProxyInformation { proxyOption=NO_PROXY, proxyServerType=HTTP, username=, password=********, proxyServerAddress=, proxyServerPort=0, executionList=&quot;&quot;, isApplyToDesiredCapabilities=true }"/>
         <property name="platform" value="Windows 10"/>
      </properties>
      <testcase name="Test Cases/Visual_Testing/VisualTesting1" time="8.304" classname="Test Cases/Visual_Testing/VisualTesting1" status="PASSED">
         <system-out><![CDATA[28-04-2024T13:13:57 - [TEST_CASE][PASSED] - Test Cases/Visual_Testing/VisualTesting1: Test Cases/Visual_Testing/VisualTesting1

28-04-2024T13:13:57 - [TEST_STEP][PASSED] - openBrowser(""): Browser is opened with url: ''

28-04-2024T13:13:57 - [MESSAGE][INFO] - Starting 'Edge Chromium' driver

28-04-2024T13:13:58 - [MESSAGE][INFO] - Action delay is set to 0 milliseconds

28-04-2024T13:14:00 - [MESSAGE][PASSED] - Browser is opened with url: ''

28-04-2024T13:14:00 - [TEST_STEP][PASSED] - navigateToUrl("https://petstore.octoperf.com/"): Navigate to 'https://petstore.octoperf.com/' successfully

28-04-2024T13:14:01 - [MESSAGE][PASSED] - Navigate to 'https://petstore.octoperf.com/' successfully

28-04-2024T13:14:01 - [TEST_STEP][PASSED] - click(findTestObject("Object Repository/VisualTestingCP/Page_JPetStore Demo/p_Enter the Store")): Object: 'Object Repository/VisualTestingCP/Page_JPetStore Demo/p_Enter the Store' is clicked on

28-04-2024T13:14:02 - [MESSAGE][PASSED] - Object: 'Object Repository/VisualTestingCP/Page_JPetStore Demo/p_Enter the Store' is clicked on

28-04-2024T13:14:02 - [TEST_STEP][PASSED] - click(findTestObject("Object Repository/VisualTestingCP/Page_JPetStore Demo/a_Enter the Store")): Object: 'Object Repository/VisualTestingCP/Page_JPetStore Demo/a_Enter the Store' is clicked on

28-04-2024T13:14:03 - [MESSAGE][PASSED] - Object: 'Object Repository/VisualTestingCP/Page_JPetStore Demo/a_Enter the Store' is clicked on

28-04-2024T13:14:03 - [TEST_STEP][PASSED] - takeScreenshotAsCheckpoint("mypic"): Taking screenshot successfully

28-04-2024T13:14:04 - [MESSAGE][INFO] - 0 hidden object(s)

28-04-2024T13:14:04 - [MESSAGE][PASSED] - Taking screenshot successfully
[[ATTACHMENT|keyes\keyes-mypic.png]]

28-04-2024T13:14:04 - [TEST_STEP][PASSED] - click(findTestObject("Object Repository/VisualTestingCP/Page_JPetStore Demo/a_Sign In")): Object: 'Object Repository/VisualTestingCP/Page_JPetStore Demo/a_Sign In' is clicked on

28-04-2024T13:14:05 - [MESSAGE][PASSED] - Object: 'Object Repository/VisualTestingCP/Page_JPetStore Demo/a_Sign In' is clicked on

28-04-2024T13:14:05 - [TEST_STEP][PASSED] - closeBrowser(): Browser is closed

28-04-2024T13:14:05 - [MESSAGE][PASSED] - Browser is closed]]></system-out>
         <system-err><![CDATA[]]></system-err>
      </testcase>
      <testcase name="Test Cases/Visual_Testing/VisualTesting2" time="7.522" classname="Test Cases/Visual_Testing/VisualTesting2" status="PASSED">
         <system-out><![CDATA[28-04-2024T13:14:05 - [TEST_CASE][PASSED] - Test Cases/Visual_Testing/VisualTesting2: Test Cases/Visual_Testing/VisualTesting2

28-04-2024T13:14:05 - [TEST_STEP][PASSED] - openBrowser(""): Browser is opened with url: ''

28-04-2024T13:14:05 - [MESSAGE][INFO] - Starting 'Edge Chromium' driver

28-04-2024T13:14:06 - [MESSAGE][INFO] - Action delay is set to 0 milliseconds

28-04-2024T13:14:07 - [MESSAGE][PASSED] - Browser is opened with url: ''

28-04-2024T13:14:07 - [TEST_STEP][PASSED] - navigateToUrl("https://petstore.octoperf.com/"): Navigate to 'https://petstore.octoperf.com/' successfully

28-04-2024T13:14:08 - [MESSAGE][PASSED] - Navigate to 'https://petstore.octoperf.com/' successfully

28-04-2024T13:14:08 - [TEST_STEP][PASSED] - click(findTestObject("Object Repository/VisualTesting2/Page_JPetStore Demo/a_Enter the Store")): Object: 'Object Repository/VisualTesting2/Page_JPetStore Demo/a_Enter the Store' is clicked on

28-04-2024T13:14:09 - [MESSAGE][PASSED] - Object: 'Object Repository/VisualTesting2/Page_JPetStore Demo/a_Enter the Store' is clicked on

28-04-2024T13:14:09 - [TEST_STEP][PASSED] - click(findTestObject("Object Repository/VisualTesting2/Page_JPetStore Demo/img")): Object: 'Object Repository/VisualTesting2/Page_JPetStore Demo/img' is clicked on

28-04-2024T13:14:10 - [MESSAGE][PASSED] - Object: 'Object Repository/VisualTesting2/Page_JPetStore Demo/img' is clicked on

28-04-2024T13:14:10 - [TEST_STEP][PASSED] - click(findTestObject("Object Repository/VisualTesting2/Page_JPetStore Demo/a_FI-SW-01")): Object: 'Object Repository/VisualTesting2/Page_JPetStore Demo/a_FI-SW-01' is clicked on

28-04-2024T13:14:10 - [MESSAGE][PASSED] - Object: 'Object Repository/VisualTesting2/Page_JPetStore Demo/a_FI-SW-01' is clicked on

28-04-2024T13:14:10 - [TEST_STEP][PASSED] - click(findTestObject("Object Repository/VisualTesting2/Page_JPetStore Demo/a_EST-1")): Object: 'Object Repository/VisualTesting2/Page_JPetStore Demo/a_EST-1' is clicked on

28-04-2024T13:14:11 - [MESSAGE][PASSED] - Object: 'Object Repository/VisualTesting2/Page_JPetStore Demo/a_EST-1' is clicked on

28-04-2024T13:14:11 - [TEST_STEP][PASSED] - takeScreenshotAsCheckpoint("fish"): Taking screenshot successfully

28-04-2024T13:14:12 - [MESSAGE][INFO] - 0 hidden object(s)

28-04-2024T13:14:12 - [MESSAGE][PASSED] - Taking screenshot successfully
[[ATTACHMENT|keyes\keyes-fish.png]]

28-04-2024T13:14:12 - [TEST_STEP][PASSED] - click(findTestObject("Object Repository/VisualTesting2/Page_JPetStore Demo/img_Sign In_img_cart")): Object: 'Object Repository/VisualTesting2/Page_JPetStore Demo/img_Sign In_img_cart' is clicked on

28-04-2024T13:14:12 - [MESSAGE][PASSED] - Object: 'Object Repository/VisualTesting2/Page_JPetStore Demo/img_Sign In_img_cart' is clicked on

28-04-2024T13:14:12 - [TEST_STEP][PASSED] - closeBrowser(): Browser is closed

28-04-2024T13:14:13 - [MESSAGE][PASSED] - Browser is closed]]></system-out>
         <system-err><![CDATA[]]></system-err>
      </testcase>
      <system-out><![CDATA[28-04-2024T13:13:56 - [TEST_SUITE][PASSED] - VisualCP7: Test Cases/Visual_Testing/VisualTesting2]]></system-out>
      <system-err><![CDATA[]]></system-err>
   </testsuite>
</testsuites>
