<?xml version="1.0" encoding="UTF-8"?>
<testsuites name="TS_Login_Landing" time="20.094" tests="2" failures="0" errors="0">
   <testsuite name="TS_Login_Landing" tests="2" failures="0" errors="0" time="20.094" skipped="0" timestamp="23-04-2024T18:49:17" hostname="VH427KA - IN3554302W1.ey.net" id="Test Suites/Swag_Labs/TS_Login_Landing">
      <properties>
         <property name="deviceName" value=""/>
         <property name="devicePlatform" value=""/>
         <property name="logFolder" value="C:\\Users\\VH427KA\\git\\KatalonPractice1\\Reports\\20240423_184913\\Swag_Labs\\TS_Login_Landing\\20240423_184913"/>
         <property name="logFiles" value="C:\\Users\\VH427KA\\git\\KatalonPractice1\\Reports\\20240423_184913\\Swag_Labs\\TS_Login_Landing\\20240423_184913\\execution0.log"/>
         <property name="attachments" value=""/>
         <property name="hostName" value="VH427KA - IN3554302W1.ey.net"/>
         <property name="os" value="Windows 10 64bit"/>
         <property name="katalonVersion" value="9.4.0.212"/>
         <property name="browser" value="Edge Chromium 124"/>
         <property name="hostAddress" value="192.168.40.128"/>
         <property name="sessionId" value="4d8227e5fa30d6c1b385728d6546a533"/>
         <property name="seleniumVersion" value="3.141.59"/>
         <property name="proxyInformation" value="ProxyInformation { proxyOption=NO_PROXY, proxyServerType=HTTP, username=, password=********, proxyServerAddress=, proxyServerPort=0, executionList=&quot;&quot;, isApplyToDesiredCapabilities=true }"/>
         <property name="platform" value="Windows 10"/>
      </properties>
      <testcase name="Test Cases/Swag_Labs/Swag_Login" time="9.237" classname="Test Cases/Swag_Labs/Swag_Login" status="PASSED">
         <system-out><![CDATA[23-04-2024T18:49:17 - [TEST_CASE][PASSED] - Test Cases/Swag_Labs/Swag_Login: Test Cases/Swag_Labs/Swag_Login

23-04-2024T18:49:18 - [TEST_STEP][PASSED] - openBrowser(""): Browser is opened with url: ''

23-04-2024T18:49:18 - [MESSAGE][INFO] - Starting 'Edge Chromium' driver

23-04-2024T18:49:19 - [MESSAGE][INFO] - Action delay is set to 0 milliseconds

23-04-2024T18:49:21 - [MESSAGE][PASSED] - Browser is opened with url: ''

23-04-2024T18:49:21 - [TEST_STEP][PASSED] - navigateToUrl("https://www.saucedemo.com/v1/index.html"): Navigate to 'https://www.saucedemo.com/v1/index.html' successfully

23-04-2024T18:49:21 - [MESSAGE][PASSED] - Navigate to 'https://www.saucedemo.com/v1/index.html' successfully

23-04-2024T18:49:21 - [TEST_STEP][PASSED] - setText(findTestObject("Object Repository/swaglabs_login/Page_Swag Labs/input_standard_userlocked_out_userproblem_u_db77ac"), "standard_userse"): Text 'standard_userse' is set on object 'Object Repository/swaglabs_login/Page_Swag Labs/input_standard_userlocked_out_userproblem_u_db77ac'

23-04-2024T18:49:22 - [MESSAGE][PASSED] - Text 'standard_userse' is set on object 'Object Repository/swaglabs_login/Page_Swag Labs/input_standard_userlocked_out_userproblem_u_db77ac'

23-04-2024T18:49:22 - [TEST_STEP][PASSED] - click(findTestObject("Object Repository/swaglabs_login/Page_Swag Labs/input_standard_userlocked_out_userproblem_u_db77ac")): Object: 'Object Repository/swaglabs_login/Page_Swag Labs/input_standard_userlocked_out_userproblem_u_db77ac' is clicked on

23-04-2024T18:49:23 - [MESSAGE][PASSED] - Object: 'Object Repository/swaglabs_login/Page_Swag Labs/input_standard_userlocked_out_userproblem_u_db77ac' is clicked on

23-04-2024T18:49:23 - [TEST_STEP][PASSED] - setEncryptedText(findTestObject("Object Repository/swaglabs_login/Page_Swag Labs/input_standard_userlocked_out_userproblem_u_3423e9"), "9NLz+4tGZcQ="): Text ****** has been set on object 'Object Repository/swaglabs_login/Page_Swag Labs/input_standard_userlocked_out_userproblem_u_3423e9'

23-04-2024T18:49:24 - [MESSAGE][PASSED] - Text ****** has been set on object 'Object Repository/swaglabs_login/Page_Swag Labs/input_standard_userlocked_out_userproblem_u_3423e9'

23-04-2024T18:49:24 - [TEST_STEP][PASSED] - setText(findTestObject("Object Repository/swaglabs_login/Page_Swag Labs/input_standard_userlocked_out_userproblem_u_db77ac"), "standard_user"): Text 'standard_user' is set on object 'Object Repository/swaglabs_login/Page_Swag Labs/input_standard_userlocked_out_userproblem_u_db77ac'

23-04-2024T18:49:24 - [MESSAGE][PASSED] - Text 'standard_user' is set on object 'Object Repository/swaglabs_login/Page_Swag Labs/input_standard_userlocked_out_userproblem_u_db77ac'

23-04-2024T18:49:24 - [TEST_STEP][PASSED] - setEncryptedText(findTestObject("Object Repository/swaglabs_login/Page_Swag Labs/input_standard_userlocked_out_userproblem_u_3423e9"), "qcu24s4901FyWDTwXGr6XA=="): Text ****** has been set on object 'Object Repository/swaglabs_login/Page_Swag Labs/input_standard_userlocked_out_userproblem_u_3423e9'

23-04-2024T18:49:25 - [MESSAGE][PASSED] - Text ****** has been set on object 'Object Repository/swaglabs_login/Page_Swag Labs/input_standard_userlocked_out_userproblem_u_3423e9'

23-04-2024T18:49:25 - [TEST_STEP][PASSED] - click(findTestObject("Object Repository/swaglabs_login/Page_Swag Labs/input_standard_userlocked_out_userproblem_u_0dff71")): Object: 'Object Repository/swaglabs_login/Page_Swag Labs/input_standard_userlocked_out_userproblem_u_0dff71' is clicked on

23-04-2024T18:49:26 - [MESSAGE][PASSED] - Object: 'Object Repository/swaglabs_login/Page_Swag Labs/input_standard_userlocked_out_userproblem_u_0dff71' is clicked on]]></system-out>
         <system-err><![CDATA[]]></system-err>
      </testcase>
      <testcase name="Test Cases/Swag_Labs/Landing_Page" time="10.65" classname="Test Cases/Swag_Labs/Landing_Page" status="PASSED">
         <system-out><![CDATA[23-04-2024T18:49:27 - [TEST_CASE][PASSED] - Test Cases/Swag_Labs/Landing_Page: Test Cases/Swag_Labs/Landing_Page

23-04-2024T18:49:27 - [TEST_STEP][PASSED] - callTestCase(findTestCase("Swag_Labs/Swag_Login"), [:], STOP_ON_FAILURE): Call Test Case 'Test Cases/Swag_Labs/Swag_Login' successfully

23-04-2024T18:49:27 - [TEST_CASE][PASSED] - Test Cases/Swag_Labs/Swag_Login: Test Cases/Swag_Labs/Swag_Login

23-04-2024T18:49:27 - [TEST_STEP][PASSED] - openBrowser(""): Browser is opened with url: ''

23-04-2024T18:49:27 - [MESSAGE][WARNING] - A browser is already opened. Closing browser and opening a new one

23-04-2024T18:49:27 - [MESSAGE][INFO] - Starting 'Edge Chromium' driver

23-04-2024T18:49:28 - [MESSAGE][INFO] - Action delay is set to 0 milliseconds

23-04-2024T18:49:29 - [MESSAGE][PASSED] - Browser is opened with url: ''

23-04-2024T18:49:29 - [TEST_STEP][PASSED] - navigateToUrl("https://www.saucedemo.com/v1/index.html"): Navigate to 'https://www.saucedemo.com/v1/index.html' successfully

23-04-2024T18:49:30 - [MESSAGE][PASSED] - Navigate to 'https://www.saucedemo.com/v1/index.html' successfully

23-04-2024T18:49:30 - [TEST_STEP][PASSED] - setText(findTestObject("Object Repository/swaglabs_login/Page_Swag Labs/input_standard_userlocked_out_userproblem_u_db77ac"), "standard_userse"): Text 'standard_userse' is set on object 'Object Repository/swaglabs_login/Page_Swag Labs/input_standard_userlocked_out_userproblem_u_db77ac'

23-04-2024T18:49:31 - [MESSAGE][PASSED] - Text 'standard_userse' is set on object 'Object Repository/swaglabs_login/Page_Swag Labs/input_standard_userlocked_out_userproblem_u_db77ac'

23-04-2024T18:49:31 - [TEST_STEP][PASSED] - click(findTestObject("Object Repository/swaglabs_login/Page_Swag Labs/input_standard_userlocked_out_userproblem_u_db77ac")): Object: 'Object Repository/swaglabs_login/Page_Swag Labs/input_standard_userlocked_out_userproblem_u_db77ac' is clicked on

23-04-2024T18:49:32 - [MESSAGE][PASSED] - Object: 'Object Repository/swaglabs_login/Page_Swag Labs/input_standard_userlocked_out_userproblem_u_db77ac' is clicked on

23-04-2024T18:49:32 - [TEST_STEP][PASSED] - setEncryptedText(findTestObject("Object Repository/swaglabs_login/Page_Swag Labs/input_standard_userlocked_out_userproblem_u_3423e9"), "9NLz+4tGZcQ="): Text ****** has been set on object 'Object Repository/swaglabs_login/Page_Swag Labs/input_standard_userlocked_out_userproblem_u_3423e9'

23-04-2024T18:49:32 - [MESSAGE][PASSED] - Text ****** has been set on object 'Object Repository/swaglabs_login/Page_Swag Labs/input_standard_userlocked_out_userproblem_u_3423e9'

23-04-2024T18:49:32 - [TEST_STEP][PASSED] - setText(findTestObject("Object Repository/swaglabs_login/Page_Swag Labs/input_standard_userlocked_out_userproblem_u_db77ac"), "standard_user"): Text 'standard_user' is set on object 'Object Repository/swaglabs_login/Page_Swag Labs/input_standard_userlocked_out_userproblem_u_db77ac'

23-04-2024T18:49:33 - [MESSAGE][PASSED] - Text 'standard_user' is set on object 'Object Repository/swaglabs_login/Page_Swag Labs/input_standard_userlocked_out_userproblem_u_db77ac'

23-04-2024T18:49:33 - [TEST_STEP][PASSED] - setEncryptedText(findTestObject("Object Repository/swaglabs_login/Page_Swag Labs/input_standard_userlocked_out_userproblem_u_3423e9"), "qcu24s4901FyWDTwXGr6XA=="): Text ****** has been set on object 'Object Repository/swaglabs_login/Page_Swag Labs/input_standard_userlocked_out_userproblem_u_3423e9'

23-04-2024T18:49:34 - [MESSAGE][PASSED] - Text ****** has been set on object 'Object Repository/swaglabs_login/Page_Swag Labs/input_standard_userlocked_out_userproblem_u_3423e9'

23-04-2024T18:49:34 - [TEST_STEP][PASSED] - click(findTestObject("Object Repository/swaglabs_login/Page_Swag Labs/input_standard_userlocked_out_userproblem_u_0dff71")): Object: 'Object Repository/swaglabs_login/Page_Swag Labs/input_standard_userlocked_out_userproblem_u_0dff71' is clicked on

23-04-2024T18:49:35 - [MESSAGE][PASSED] - Object: 'Object Repository/swaglabs_login/Page_Swag Labs/input_standard_userlocked_out_userproblem_u_0dff71' is clicked on

23-04-2024T18:49:35 - [MESSAGE][PASSED] - Call Test Case 'Test Cases/Swag_Labs/Swag_Login' successfully

23-04-2024T18:49:35 - [TEST_STEP][PASSED] - verifyElementPresent(findTestObject("Object Repository/Swag_LandingPage/Page_Swag Labs/div_Open Menu_app_logo"), 0): Object 'Object Repository/Swag_LandingPage/Page_Swag Labs/div_Open Menu_app_logo' is present

23-04-2024T18:49:35 - [MESSAGE][WARNING] - Timeout '0' is invalid. Using default page load timeout: '30'

23-04-2024T18:49:35 - [MESSAGE][PASSED] - Object 'Object Repository/Swag_LandingPage/Page_Swag Labs/div_Open Menu_app_logo' is present

23-04-2024T18:49:35 - [TEST_STEP][PASSED] - verifyElementPresent(findTestObject("Object Repository/Swag_LandingPage/Page_Swag Labs/div_Products"), 0): Object 'Object Repository/Swag_LandingPage/Page_Swag Labs/div_Products' is present

23-04-2024T18:49:35 - [MESSAGE][WARNING] - Timeout '0' is invalid. Using default page load timeout: '30'

23-04-2024T18:49:36 - [MESSAGE][PASSED] - Object 'Object Repository/Swag_LandingPage/Page_Swag Labs/div_Products' is present

23-04-2024T18:49:36 - [TEST_STEP][PASSED] - click(findTestObject("Object Repository/Swag_LandingPage/Page_Swag Labs/div_Open Menu_header_label")): Object: 'Object Repository/Swag_LandingPage/Page_Swag Labs/div_Open Menu_header_label' is clicked on

23-04-2024T18:49:36 - [MESSAGE][PASSED] - Object: 'Object Repository/Swag_LandingPage/Page_Swag Labs/div_Open Menu_header_label' is clicked on

23-04-2024T18:49:36 - [TEST_STEP][PASSED] - click(findTestObject("Object Repository/Swag_LandingPage/Page_Swag Labs/button_Open Menu")): Object: 'Object Repository/Swag_LandingPage/Page_Swag Labs/button_Open Menu' is clicked on

23-04-2024T18:49:36 - [MESSAGE][PASSED] - Object: 'Object Repository/Swag_LandingPage/Page_Swag Labs/button_Open Menu' is clicked on

23-04-2024T18:49:36 - [TEST_STEP][PASSED] - click(findTestObject("Object Repository/Swag_LandingPage/Page_Swag Labs/a_Logout")): Object: 'Object Repository/Swag_LandingPage/Page_Swag Labs/a_Logout' is clicked on

23-04-2024T18:49:37 - [MESSAGE][PASSED] - Object: 'Object Repository/Swag_LandingPage/Page_Swag Labs/a_Logout' is clicked on

23-04-2024T18:49:37 - [TEST_STEP][PASSED] - navigateToUrl("https://www.saucedemo.com/v1/index.html"): Navigate to 'https://www.saucedemo.com/v1/index.html' successfully

23-04-2024T18:49:37 - [MESSAGE][PASSED] - Navigate to 'https://www.saucedemo.com/v1/index.html' successfully

23-04-2024T18:49:37 - [TEST_STEP][PASSED] - closeBrowser(): Browser is closed

23-04-2024T18:49:37 - [MESSAGE][PASSED] - Browser is closed]]></system-out>
         <system-err><![CDATA[]]></system-err>
      </testcase>
      <system-out><![CDATA[23-04-2024T18:49:17 - [TEST_SUITE][PASSED] - TS_Login_Landing: Test Cases/Swag_Labs/Landing_Page]]></system-out>
      <system-err><![CDATA[]]></system-err>
   </testsuite>
</testsuites>
