<?xml version="1.0" encoding="UTF-8"?>
<testsuites name="VisualCP2" time="9.264" tests="1" failures="0" errors="0">
   <testsuite name="VisualCP2" tests="1" failures="0" errors="0" time="9.264" skipped="0" timestamp="28-04-2024T12:46:27" hostname="VH427KA - IN3554302W1.ey.net" id="Test Suites/VisualCP2">
      <properties>
         <property name="deviceName" value=""/>
         <property name="devicePlatform" value=""/>
         <property name="logFolder" value="C:\\Users\\VH427KA\\git\\KatalonPractice1\\Reports\\20240428_124624\\VisualCP2\\20240428_124624"/>
         <property name="logFiles" value="C:\\Users\\VH427KA\\git\\KatalonPractice1\\Reports\\20240428_124624\\VisualCP2\\20240428_124624\\execution0.log"/>
         <property name="attachments" value="keyes\keyes-fish.png"/>
         <property name="hostName" value="VH427KA - IN3554302W1.ey.net"/>
         <property name="os" value="Windows 10 64bit"/>
         <property name="katalonVersion" value="9.4.0.212"/>
         <property name="browser" value="Edge Chromium 124"/>
         <property name="hostAddress" value="192.168.0.110"/>
         <property name="sessionId" value="35cea7c6fba5c48a7150e0f303a6ab25"/>
         <property name="seleniumVersion" value="3.141.59"/>
         <property name="proxyInformation" value="ProxyInformation { proxyOption=NO_PROXY, proxyServerType=HTTP, username=, password=********, proxyServerAddress=, proxyServerPort=0, executionList=&quot;&quot;, isApplyToDesiredCapabilities=true }"/>
         <property name="platform" value="Windows 10"/>
      </properties>
      <testcase name="Test Cases/Visual_Testing/VisualTesting2" time="9.081" classname="Test Cases/Visual_Testing/VisualTesting2" status="PASSED">
         <system-out><![CDATA[28-04-2024T12:46:28 - [TEST_CASE][PASSED] - Test Cases/Visual_Testing/VisualTesting2: Test Cases/Visual_Testing/VisualTesting2

28-04-2024T12:46:28 - [TEST_STEP][PASSED] - openBrowser(""): Browser is opened with url: ''

28-04-2024T12:46:28 - [MESSAGE][INFO] - Starting 'Edge Chromium' driver

28-04-2024T12:46:29 - [MESSAGE][INFO] - Action delay is set to 0 milliseconds

28-04-2024T12:46:31 - [MESSAGE][PASSED] - Browser is opened with url: ''

28-04-2024T12:46:31 - [TEST_STEP][PASSED] - navigateToUrl("https://petstore.octoperf.com/"): Navigate to 'https://petstore.octoperf.com/' successfully

28-04-2024T12:46:32 - [MESSAGE][PASSED] - Navigate to 'https://petstore.octoperf.com/' successfully

28-04-2024T12:46:32 - [TEST_STEP][PASSED] - click(findTestObject("Object Repository/VisualTesting2/Page_JPetStore Demo/a_Enter the Store")): Object: 'Object Repository/VisualTesting2/Page_JPetStore Demo/a_Enter the Store' is clicked on

28-04-2024T12:46:33 - [MESSAGE][PASSED] - Object: 'Object Repository/VisualTesting2/Page_JPetStore Demo/a_Enter the Store' is clicked on

28-04-2024T12:46:33 - [TEST_STEP][PASSED] - click(findTestObject("Object Repository/VisualTesting2/Page_JPetStore Demo/img")): Object: 'Object Repository/VisualTesting2/Page_JPetStore Demo/img' is clicked on

28-04-2024T12:46:34 - [MESSAGE][PASSED] - Object: 'Object Repository/VisualTesting2/Page_JPetStore Demo/img' is clicked on

28-04-2024T12:46:34 - [TEST_STEP][PASSED] - click(findTestObject("Object Repository/VisualTesting2/Page_JPetStore Demo/a_FI-SW-01")): Object: 'Object Repository/VisualTesting2/Page_JPetStore Demo/a_FI-SW-01' is clicked on

28-04-2024T12:46:34 - [MESSAGE][PASSED] - Object: 'Object Repository/VisualTesting2/Page_JPetStore Demo/a_FI-SW-01' is clicked on

28-04-2024T12:46:34 - [TEST_STEP][PASSED] - click(findTestObject("Object Repository/VisualTesting2/Page_JPetStore Demo/a_EST-1")): Object: 'Object Repository/VisualTesting2/Page_JPetStore Demo/a_EST-1' is clicked on

28-04-2024T12:46:35 - [MESSAGE][PASSED] - Object: 'Object Repository/VisualTesting2/Page_JPetStore Demo/a_EST-1' is clicked on

28-04-2024T12:46:35 - [TEST_STEP][PASSED] - takeScreenshotAsCheckpoint("fish"): Taking screenshot successfully

28-04-2024T12:46:36 - [MESSAGE][INFO] - 0 hidden object(s)

28-04-2024T12:46:36 - [MESSAGE][PASSED] - Taking screenshot successfully
[[ATTACHMENT|keyes\keyes-fish.png]]

28-04-2024T12:46:36 - [TEST_STEP][PASSED] - click(findTestObject("Object Repository/VisualTesting2/Page_JPetStore Demo/img_Sign In_img_cart")): Object: 'Object Repository/VisualTesting2/Page_JPetStore Demo/img_Sign In_img_cart' is clicked on

28-04-2024T12:46:36 - [MESSAGE][PASSED] - Object: 'Object Repository/VisualTesting2/Page_JPetStore Demo/img_Sign In_img_cart' is clicked on

28-04-2024T12:46:36 - [TEST_STEP][PASSED] - closeBrowser(): Browser is closed

28-04-2024T12:46:37 - [MESSAGE][PASSED] - Browser is closed]]></system-out>
         <system-err><![CDATA[]]></system-err>
      </testcase>
      <system-out><![CDATA[28-04-2024T12:46:27 - [TEST_SUITE][PASSED] - VisualCP2: Test Cases/Visual_Testing/VisualTesting2]]></system-out>
      <system-err><![CDATA[]]></system-err>
   </testsuite>
</testsuites>
