<?xml version="1.0" encoding="UTF-8"?>
<testsuites name="VisualCP9" time="17.105" tests="2" failures="0" errors="0">
   <testsuite name="VisualCP9" tests="2" failures="0" errors="0" time="17.105" skipped="0" timestamp="28-04-2024T13:17:19" hostname="VH427KA - IN3554302W1.ey.net" id="Test Suites/VisualCP9">
      <properties>
         <property name="deviceName" value=""/>
         <property name="devicePlatform" value=""/>
         <property name="logFolder" value="C:\\Users\\VH427KA\\git\\KatalonPractice1\\Reports\\20240428_131715\\VisualCP9\\20240428_131715"/>
         <property name="logFiles" value="C:\\Users\\VH427KA\\git\\KatalonPractice1\\Reports\\20240428_131715\\VisualCP9\\20240428_131715\\execution0.log"/>
         <property name="attachments" value="keyes\keyes-Reptiles.png, keyes\keyes-Birds.png"/>
         <property name="hostName" value="VH427KA - IN3554302W1.ey.net"/>
         <property name="os" value="Windows 10 64bit"/>
         <property name="katalonVersion" value="9.4.0.212"/>
         <property name="browser" value="Edge Chromium 124"/>
         <property name="hostAddress" value="192.168.0.110"/>
         <property name="sessionId" value="beba0659e16bfdb964fe21ce666c8b4b"/>
         <property name="seleniumVersion" value="3.141.59"/>
         <property name="proxyInformation" value="ProxyInformation { proxyOption=NO_PROXY, proxyServerType=HTTP, username=, password=********, proxyServerAddress=, proxyServerPort=0, executionList=&quot;&quot;, isApplyToDesiredCapabilities=true }"/>
         <property name="platform" value="Windows 10"/>
      </properties>
      <testcase name="Test Cases/Visual_Testing/VisualTesting5" time="9.318" classname="Test Cases/Visual_Testing/VisualTesting5" status="PASSED">
         <system-out><![CDATA[28-04-2024T13:17:19 - [TEST_CASE][PASSED] - Test Cases/Visual_Testing/VisualTesting5: Test Cases/Visual_Testing/VisualTesting5

28-04-2024T13:17:20 - [TEST_STEP][PASSED] - openBrowser(""): Browser is opened with url: ''

28-04-2024T13:17:20 - [MESSAGE][INFO] - Starting 'Edge Chromium' driver

28-04-2024T13:17:21 - [MESSAGE][INFO] - Action delay is set to 0 milliseconds

28-04-2024T13:17:23 - [MESSAGE][PASSED] - Browser is opened with url: ''

28-04-2024T13:17:23 - [TEST_STEP][PASSED] - navigateToUrl("https://petstore.octoperf.com/"): Navigate to 'https://petstore.octoperf.com/' successfully

28-04-2024T13:17:23 - [MESSAGE][PASSED] - Navigate to 'https://petstore.octoperf.com/' successfully

28-04-2024T13:17:23 - [TEST_STEP][PASSED] - click(findTestObject("Object Repository/VisualTesting5/Page_JPetStore Demo/a_Enter the Store")): Object: 'Object Repository/VisualTesting5/Page_JPetStore Demo/a_Enter the Store' is clicked on

28-04-2024T13:17:25 - [MESSAGE][PASSED] - Object: 'Object Repository/VisualTesting5/Page_JPetStore Demo/a_Enter the Store' is clicked on

28-04-2024T13:17:25 - [TEST_STEP][PASSED] - click(findTestObject("Object Repository/VisualTesting5/Page_JPetStore Demo/img")): Object: 'Object Repository/VisualTesting5/Page_JPetStore Demo/img' is clicked on

28-04-2024T13:17:25 - [MESSAGE][PASSED] - Object: 'Object Repository/VisualTesting5/Page_JPetStore Demo/img' is clicked on

28-04-2024T13:17:25 - [TEST_STEP][PASSED] - click(findTestObject("Object Repository/VisualTesting5/Page_JPetStore Demo/a_RP-SN-01")): Object: 'Object Repository/VisualTesting5/Page_JPetStore Demo/a_RP-SN-01' is clicked on

28-04-2024T13:17:26 - [MESSAGE][PASSED] - Object: 'Object Repository/VisualTesting5/Page_JPetStore Demo/a_RP-SN-01' is clicked on

28-04-2024T13:17:26 - [TEST_STEP][PASSED] - click(findTestObject("Object Repository/VisualTesting5/Page_JPetStore Demo/a_EST-11")): Object: 'Object Repository/VisualTesting5/Page_JPetStore Demo/a_EST-11' is clicked on

28-04-2024T13:17:27 - [MESSAGE][PASSED] - Object: 'Object Repository/VisualTesting5/Page_JPetStore Demo/a_EST-11' is clicked on

28-04-2024T13:17:27 - [TEST_STEP][PASSED] - takeScreenshotAsCheckpoint("Reptiles"): Taking screenshot successfully

28-04-2024T13:17:28 - [MESSAGE][INFO] - 0 hidden object(s)

28-04-2024T13:17:28 - [MESSAGE][PASSED] - Taking screenshot successfully
[[ATTACHMENT|keyes\keyes-Reptiles.png]]

28-04-2024T13:17:28 - [TEST_STEP][PASSED] - click(findTestObject("Object Repository/VisualTesting5/Page_JPetStore Demo/img_1")): Object: 'Object Repository/VisualTesting5/Page_JPetStore Demo/img_1' is clicked on

28-04-2024T13:17:28 - [MESSAGE][PASSED] - Object: 'Object Repository/VisualTesting5/Page_JPetStore Demo/img_1' is clicked on

28-04-2024T13:17:28 - [TEST_STEP][PASSED] - closeBrowser(): Browser is closed

28-04-2024T13:17:29 - [MESSAGE][PASSED] - Browser is closed]]></system-out>
         <system-err><![CDATA[]]></system-err>
      </testcase>
      <testcase name="Test Cases/Visual_Testing/VisualTesting6" time="7.586" classname="Test Cases/Visual_Testing/VisualTesting6" status="PASSED">
         <system-out><![CDATA[28-04-2024T13:17:29 - [TEST_CASE][PASSED] - Test Cases/Visual_Testing/VisualTesting6: Test Cases/Visual_Testing/VisualTesting6

28-04-2024T13:17:29 - [TEST_STEP][PASSED] - openBrowser(""): Browser is opened with url: ''

28-04-2024T13:17:29 - [MESSAGE][INFO] - Starting 'Edge Chromium' driver

28-04-2024T13:17:29 - [MESSAGE][INFO] - Action delay is set to 0 milliseconds

28-04-2024T13:17:31 - [MESSAGE][PASSED] - Browser is opened with url: ''

28-04-2024T13:17:31 - [TEST_STEP][PASSED] - navigateToUrl("https://petstore.octoperf.com/"): Navigate to 'https://petstore.octoperf.com/' successfully

28-04-2024T13:17:32 - [MESSAGE][PASSED] - Navigate to 'https://petstore.octoperf.com/' successfully

28-04-2024T13:17:32 - [TEST_STEP][PASSED] - click(findTestObject("Object Repository/VisualTesting6/Page_JPetStore Demo/a_Enter the Store")): Object: 'Object Repository/VisualTesting6/Page_JPetStore Demo/a_Enter the Store' is clicked on

28-04-2024T13:17:33 - [MESSAGE][PASSED] - Object: 'Object Repository/VisualTesting6/Page_JPetStore Demo/a_Enter the Store' is clicked on

28-04-2024T13:17:33 - [TEST_STEP][PASSED] - click(findTestObject("Object Repository/VisualTesting6/Page_JPetStore Demo/img")): Object: 'Object Repository/VisualTesting6/Page_JPetStore Demo/img' is clicked on

28-04-2024T13:17:33 - [MESSAGE][PASSED] - Object: 'Object Repository/VisualTesting6/Page_JPetStore Demo/img' is clicked on

28-04-2024T13:17:33 - [TEST_STEP][PASSED] - click(findTestObject("Object Repository/VisualTesting6/Page_JPetStore Demo/a_AV-CB-01")): Object: 'Object Repository/VisualTesting6/Page_JPetStore Demo/a_AV-CB-01' is clicked on

28-04-2024T13:17:34 - [MESSAGE][PASSED] - Object: 'Object Repository/VisualTesting6/Page_JPetStore Demo/a_AV-CB-01' is clicked on

28-04-2024T13:17:34 - [TEST_STEP][PASSED] - click(findTestObject("Object Repository/VisualTesting6/Page_JPetStore Demo/a_EST-18")): Object: 'Object Repository/VisualTesting6/Page_JPetStore Demo/a_EST-18' is clicked on

28-04-2024T13:17:35 - [MESSAGE][PASSED] - Object: 'Object Repository/VisualTesting6/Page_JPetStore Demo/a_EST-18' is clicked on

28-04-2024T13:17:35 - [TEST_STEP][PASSED] - takeScreenshotAsCheckpoint("Birds"): Taking screenshot successfully

28-04-2024T13:17:35 - [MESSAGE][INFO] - 0 hidden object(s)

28-04-2024T13:17:35 - [MESSAGE][PASSED] - Taking screenshot successfully
[[ATTACHMENT|keyes\keyes-Birds.png]]

28-04-2024T13:17:35 - [TEST_STEP][PASSED] - click(findTestObject("Object Repository/VisualTesting6/Page_JPetStore Demo/img_1")): Object: 'Object Repository/VisualTesting6/Page_JPetStore Demo/img_1' is clicked on

28-04-2024T13:17:36 - [MESSAGE][PASSED] - Object: 'Object Repository/VisualTesting6/Page_JPetStore Demo/img_1' is clicked on

28-04-2024T13:17:36 - [TEST_STEP][PASSED] - closeBrowser(): Browser is closed

28-04-2024T13:17:36 - [MESSAGE][PASSED] - Browser is closed]]></system-out>
         <system-err><![CDATA[]]></system-err>
      </testcase>
      <system-out><![CDATA[28-04-2024T13:17:19 - [TEST_SUITE][PASSED] - VisualCP9: Test Cases/Visual_Testing/VisualTesting6]]></system-out>
      <system-err><![CDATA[]]></system-err>
   </testsuite>
</testsuites>
