<?xml version="1.0" encoding="UTF-8"?>
<testsuites name="VisualCP3" time="10.187" tests="1" failures="0" errors="0">
   <testsuite name="VisualCP3" tests="1" failures="0" errors="0" time="10.187" skipped="0" timestamp="28-04-2024T12:52:50" hostname="VH427KA - IN3554302W1.ey.net" id="Test Suites/VisualCP3">
      <properties>
         <property name="deviceName" value=""/>
         <property name="devicePlatform" value=""/>
         <property name="logFolder" value="C:\\Users\\VH427KA\\git\\KatalonPractice1\\Reports\\20240428_125246\\VisualCP3\\20240428_125246"/>
         <property name="logFiles" value="C:\\Users\\VH427KA\\git\\KatalonPractice1\\Reports\\20240428_125246\\VisualCP3\\20240428_125246\\execution0.log"/>
         <property name="attachments" value="keyes\keyes-Dog.png"/>
         <property name="hostName" value="VH427KA - IN3554302W1.ey.net"/>
         <property name="os" value="Windows 10 64bit"/>
         <property name="katalonVersion" value="9.4.0.212"/>
         <property name="browser" value="Edge Chromium 124"/>
         <property name="hostAddress" value="192.168.0.110"/>
         <property name="sessionId" value="50f5f14b02771f7aabd3dd554efe5801"/>
         <property name="seleniumVersion" value="3.141.59"/>
         <property name="proxyInformation" value="ProxyInformation { proxyOption=NO_PROXY, proxyServerType=HTTP, username=, password=********, proxyServerAddress=, proxyServerPort=0, executionList=&quot;&quot;, isApplyToDesiredCapabilities=true }"/>
         <property name="platform" value="Windows 10"/>
      </properties>
      <testcase name="Test Cases/Visual_Testing/VisualTesting3" time="10.001" classname="Test Cases/Visual_Testing/VisualTesting3" status="PASSED">
         <system-out><![CDATA[28-04-2024T12:52:50 - [TEST_CASE][PASSED] - Test Cases/Visual_Testing/VisualTesting3: Test Cases/Visual_Testing/VisualTesting3

28-04-2024T12:52:50 - [TEST_STEP][PASSED] - openBrowser(""): Browser is opened with url: ''

28-04-2024T12:52:51 - [MESSAGE][INFO] - Starting 'Edge Chromium' driver

28-04-2024T12:52:52 - [MESSAGE][INFO] - Action delay is set to 0 milliseconds

28-04-2024T12:52:53 - [MESSAGE][PASSED] - Browser is opened with url: ''

28-04-2024T12:52:53 - [TEST_STEP][PASSED] - navigateToUrl("https://petstore.octoperf.com/"): Navigate to 'https://petstore.octoperf.com/' successfully

28-04-2024T12:52:55 - [MESSAGE][PASSED] - Navigate to 'https://petstore.octoperf.com/' successfully

28-04-2024T12:52:55 - [TEST_STEP][PASSED] - click(findTestObject("Object Repository/VisualTesting3/Page_JPetStore Demo/a_Enter the Store")): Object: 'Object Repository/VisualTesting3/Page_JPetStore Demo/a_Enter the Store' is clicked on

28-04-2024T12:52:56 - [MESSAGE][PASSED] - Object: 'Object Repository/VisualTesting3/Page_JPetStore Demo/a_Enter the Store' is clicked on

28-04-2024T12:52:56 - [TEST_STEP][PASSED] - click(findTestObject("Object Repository/VisualTesting3/Page_JPetStore Demo/img")): Object: 'Object Repository/VisualTesting3/Page_JPetStore Demo/img' is clicked on

28-04-2024T12:52:57 - [MESSAGE][PASSED] - Object: 'Object Repository/VisualTesting3/Page_JPetStore Demo/img' is clicked on

28-04-2024T12:52:57 - [TEST_STEP][PASSED] - click(findTestObject("Object Repository/VisualTesting3/Page_JPetStore Demo/a_K9-BD-01")): Object: 'Object Repository/VisualTesting3/Page_JPetStore Demo/a_K9-BD-01' is clicked on

28-04-2024T12:52:57 - [MESSAGE][PASSED] - Object: 'Object Repository/VisualTesting3/Page_JPetStore Demo/a_K9-BD-01' is clicked on

28-04-2024T12:52:57 - [TEST_STEP][PASSED] - click(findTestObject("Object Repository/VisualTesting3/Page_JPetStore Demo/a_EST-6")): Object: 'Object Repository/VisualTesting3/Page_JPetStore Demo/a_EST-6' is clicked on

28-04-2024T12:52:58 - [MESSAGE][PASSED] - Object: 'Object Repository/VisualTesting3/Page_JPetStore Demo/a_EST-6' is clicked on

28-04-2024T12:52:58 - [TEST_STEP][PASSED] - takeScreenshotAsCheckpoint("Dog"): Taking screenshot successfully

28-04-2024T12:52:59 - [MESSAGE][INFO] - 0 hidden object(s)

28-04-2024T12:52:59 - [MESSAGE][PASSED] - Taking screenshot successfully
[[ATTACHMENT|keyes\keyes-Dog.png]]

28-04-2024T12:52:59 - [TEST_STEP][PASSED] - click(findTestObject("Object Repository/VisualTesting3/Page_JPetStore Demo/img_1")): Object: 'Object Repository/VisualTesting3/Page_JPetStore Demo/img_1' is clicked on

28-04-2024T12:53:00 - [MESSAGE][PASSED] - Object: 'Object Repository/VisualTesting3/Page_JPetStore Demo/img_1' is clicked on

28-04-2024T12:53:00 - [TEST_STEP][PASSED] - closeBrowser(): Browser is closed

28-04-2024T12:53:00 - [MESSAGE][PASSED] - Browser is closed]]></system-out>
         <system-err><![CDATA[]]></system-err>
      </testcase>
      <system-out><![CDATA[28-04-2024T12:52:50 - [TEST_SUITE][PASSED] - VisualCP3: Test Cases/Visual_Testing/VisualTesting3]]></system-out>
      <system-err><![CDATA[]]></system-err>
   </testsuite>
</testsuites>
