<?xml version="1.0" encoding="UTF-8"?>
<testsuites name="VisualCP6" time="9.171" tests="1" failures="0" errors="0">
   <testsuite name="VisualCP6" tests="1" failures="0" errors="0" time="9.171" skipped="0" timestamp="28-04-2024T13:10:04" hostname="VH427KA - IN3554302W1.ey.net" id="Test Suites/VisualCP6">
      <properties>
         <property name="deviceName" value=""/>
         <property name="devicePlatform" value=""/>
         <property name="logFolder" value="C:\\Users\\VH427KA\\git\\KatalonPractice1\\Reports\\20240428_130951\\VisualCP6\\20240428_130952"/>
         <property name="logFiles" value="C:\\Users\\VH427KA\\git\\KatalonPractice1\\Reports\\20240428_130951\\VisualCP6\\20240428_130952\\execution0.log"/>
         <property name="attachments" value="keyes\keyes-Birds.png"/>
         <property name="hostName" value="VH427KA - IN3554302W1.ey.net"/>
         <property name="os" value="Windows 10 64bit"/>
         <property name="katalonVersion" value="9.4.0.212"/>
         <property name="browser" value="Edge Chromium 124"/>
         <property name="hostAddress" value="192.168.0.110"/>
         <property name="sessionId" value="5c93b41664e5d6308b5fd131d1eb4365"/>
         <property name="seleniumVersion" value="3.141.59"/>
         <property name="proxyInformation" value="ProxyInformation { proxyOption=NO_PROXY, proxyServerType=HTTP, username=, password=********, proxyServerAddress=, proxyServerPort=0, executionList=&quot;&quot;, isApplyToDesiredCapabilities=true }"/>
         <property name="platform" value="Windows 10"/>
      </properties>
      <testcase name="Test Cases/Visual_Testing/VisualTesting6" time="9.002" classname="Test Cases/Visual_Testing/VisualTesting6" status="PASSED">
         <system-out><![CDATA[28-04-2024T13:10:04 - [TEST_CASE][PASSED] - Test Cases/Visual_Testing/VisualTesting6: Test Cases/Visual_Testing/VisualTesting6

28-04-2024T13:10:04 - [TEST_STEP][PASSED] - openBrowser(""): Browser is opened with url: ''

28-04-2024T13:10:05 - [MESSAGE][INFO] - Starting 'Edge Chromium' driver

28-04-2024T13:10:05 - [MESSAGE][INFO] - Action delay is set to 0 milliseconds

28-04-2024T13:10:07 - [MESSAGE][PASSED] - Browser is opened with url: ''

28-04-2024T13:10:07 - [TEST_STEP][PASSED] - navigateToUrl("https://petstore.octoperf.com/"): Navigate to 'https://petstore.octoperf.com/' successfully

28-04-2024T13:10:08 - [MESSAGE][PASSED] - Navigate to 'https://petstore.octoperf.com/' successfully

28-04-2024T13:10:08 - [TEST_STEP][PASSED] - click(findTestObject("Object Repository/VisualTesting6/Page_JPetStore Demo/a_Enter the Store")): Object: 'Object Repository/VisualTesting6/Page_JPetStore Demo/a_Enter the Store' is clicked on

28-04-2024T13:10:09 - [MESSAGE][PASSED] - Object: 'Object Repository/VisualTesting6/Page_JPetStore Demo/a_Enter the Store' is clicked on

28-04-2024T13:10:09 - [TEST_STEP][PASSED] - click(findTestObject("Object Repository/VisualTesting6/Page_JPetStore Demo/img")): Object: 'Object Repository/VisualTesting6/Page_JPetStore Demo/img' is clicked on

28-04-2024T13:10:10 - [MESSAGE][PASSED] - Object: 'Object Repository/VisualTesting6/Page_JPetStore Demo/img' is clicked on

28-04-2024T13:10:10 - [TEST_STEP][PASSED] - click(findTestObject("Object Repository/VisualTesting6/Page_JPetStore Demo/a_AV-CB-01")): Object: 'Object Repository/VisualTesting6/Page_JPetStore Demo/a_AV-CB-01' is clicked on

28-04-2024T13:10:11 - [MESSAGE][PASSED] - Object: 'Object Repository/VisualTesting6/Page_JPetStore Demo/a_AV-CB-01' is clicked on

28-04-2024T13:10:11 - [TEST_STEP][PASSED] - click(findTestObject("Object Repository/VisualTesting6/Page_JPetStore Demo/a_EST-18")): Object: 'Object Repository/VisualTesting6/Page_JPetStore Demo/a_EST-18' is clicked on

28-04-2024T13:10:11 - [MESSAGE][PASSED] - Object: 'Object Repository/VisualTesting6/Page_JPetStore Demo/a_EST-18' is clicked on

28-04-2024T13:10:11 - [TEST_STEP][PASSED] - takeScreenshotAsCheckpoint("Birds"): Taking screenshot successfully

28-04-2024T13:10:12 - [MESSAGE][INFO] - 0 hidden object(s)

28-04-2024T13:10:12 - [MESSAGE][PASSED] - Taking screenshot successfully
[[ATTACHMENT|keyes\keyes-Birds.png]]

28-04-2024T13:10:12 - [TEST_STEP][PASSED] - click(findTestObject("Object Repository/VisualTesting6/Page_JPetStore Demo/img_1")): Object: 'Object Repository/VisualTesting6/Page_JPetStore Demo/img_1' is clicked on

28-04-2024T13:10:13 - [MESSAGE][PASSED] - Object: 'Object Repository/VisualTesting6/Page_JPetStore Demo/img_1' is clicked on

28-04-2024T13:10:13 - [TEST_STEP][PASSED] - closeBrowser(): Browser is closed

28-04-2024T13:10:13 - [MESSAGE][PASSED] - Browser is closed]]></system-out>
         <system-err><![CDATA[]]></system-err>
      </testcase>
      <system-out><![CDATA[28-04-2024T13:10:04 - [TEST_SUITE][PASSED] - VisualCP6: Test Cases/Visual_Testing/VisualTesting6]]></system-out>
      <system-err><![CDATA[]]></system-err>
   </testsuite>
</testsuites>
