<?xml version="1.0" encoding="UTF-8"?>
<testsuites name="TS_Chekoutpet" time="17.331" tests="1" failures="0" errors="0">
   <testsuite name="TS_Chekoutpet" tests="1" failures="0" errors="0" time="17.331" skipped="0" timestamp="28-04-2024T11:12:32" hostname="VH427KA - IN3554302W1.ey.net" id="Test Suites/Jpet/TS_Chekoutpet">
      <properties>
         <property name="deviceName" value=""/>
         <property name="devicePlatform" value=""/>
         <property name="logFolder" value="C:\\Users\\VH427KA\\git\\KatalonPractice1\\Reports\\20240428_111217\\Jpet\\TS_Chekoutpet\\20240428_111217"/>
         <property name="logFiles" value="C:\\Users\\VH427KA\\git\\KatalonPractice1\\Reports\\20240428_111217\\Jpet\\TS_Chekoutpet\\20240428_111217\\execution0.log"/>
         <property name="attachments" value=""/>
         <property name="hostName" value="VH427KA - IN3554302W1.ey.net"/>
         <property name="os" value="Windows 10 64bit"/>
         <property name="katalonVersion" value="9.4.0.212"/>
         <property name="browser" value="Edge Chromium 124"/>
         <property name="hostAddress" value="192.168.0.110"/>
         <property name="sessionId" value="9b037494a7ffc6a28765e4a514528715"/>
         <property name="seleniumVersion" value="3.141.59"/>
         <property name="proxyInformation" value="ProxyInformation { proxyOption=NO_PROXY, proxyServerType=HTTP, username=, password=********, proxyServerAddress=, proxyServerPort=0, executionList=&quot;&quot;, isApplyToDesiredCapabilities=true }"/>
         <property name="platform" value="Windows 10"/>
      </properties>
      <testcase name="Test Cases/Jpet/Checkout_Pet" time="17.133" classname="Test Cases/Jpet/Checkout_Pet" status="PASSED">
         <system-out><![CDATA[28-04-2024T11:12:32 - [TEST_CASE][PASSED] - Test Cases/Jpet/Checkout_Pet: Test Cases/Jpet/Checkout_Pet

28-04-2024T11:12:33 - [TEST_STEP][PASSED] - callTestCase(findTestCase("Jpet/JpetLogin"), [:], STOP_ON_FAILURE): Call Test Case 'Test Cases/Jpet/JpetLogin' successfully

28-04-2024T11:12:33 - [TEST_CASE][PASSED] - Test Cases/Jpet/JpetLogin: Test Cases/Jpet/JpetLogin

28-04-2024T11:12:33 - [TEST_STEP][PASSED] - openBrowser(""): Browser is opened with url: ''

28-04-2024T11:12:33 - [MESSAGE][INFO] - Starting 'Edge Chromium' driver

28-04-2024T11:12:34 - [MESSAGE][INFO] - Action delay is set to 0 milliseconds

28-04-2024T11:12:36 - [MESSAGE][PASSED] - Browser is opened with url: ''

28-04-2024T11:12:36 - [TEST_STEP][PASSED] - navigateToUrl("https://petstore.octoperf.com/"): Navigate to 'https://petstore.octoperf.com/' successfully

28-04-2024T11:12:38 - [MESSAGE][PASSED] - Navigate to 'https://petstore.octoperf.com/' successfully

28-04-2024T11:12:38 - [TEST_STEP][PASSED] - click(findTestObject("Object Repository/JpetLogin/Page_JPetStore Demo/a_Enter the Store")): Object: 'Object Repository/JpetLogin/Page_JPetStore Demo/a_Enter the Store' is clicked on

28-04-2024T11:12:39 - [MESSAGE][PASSED] - Object: 'Object Repository/JpetLogin/Page_JPetStore Demo/a_Enter the Store' is clicked on

28-04-2024T11:12:39 - [TEST_STEP][PASSED] - click(findTestObject("Object Repository/JpetLogin/Page_JPetStore Demo/a_Sign In")): Object: 'Object Repository/JpetLogin/Page_JPetStore Demo/a_Sign In' is clicked on

28-04-2024T11:12:40 - [MESSAGE][PASSED] - Object: 'Object Repository/JpetLogin/Page_JPetStore Demo/a_Sign In' is clicked on

28-04-2024T11:12:40 - [TEST_STEP][PASSED] - setText(findTestObject("Object Repository/JpetLogin/Page_JPetStore Demo/input_Need a user name and password_username"), "raj1"): Text 'raj1' is set on object 'Object Repository/JpetLogin/Page_JPetStore Demo/input_Need a user name and password_username'

28-04-2024T11:12:40 - [MESSAGE][PASSED] - Text 'raj1' is set on object 'Object Repository/JpetLogin/Page_JPetStore Demo/input_Need a user name and password_username'

28-04-2024T11:12:40 - [TEST_STEP][PASSED] - setEncryptedText(findTestObject("Object Repository/JpetLogin/Page_JPetStore Demo/input_Need a user name and password_password"), "qPDWtMYEx+8="): Text ****** has been set on object 'Object Repository/JpetLogin/Page_JPetStore Demo/input_Need a user name and password_password'

28-04-2024T11:12:41 - [MESSAGE][PASSED] - Text ****** has been set on object 'Object Repository/JpetLogin/Page_JPetStore Demo/input_Need a user name and password_password'

28-04-2024T11:12:41 - [TEST_STEP][PASSED] - click(findTestObject("Object Repository/JpetLogin/Page_JPetStore Demo/p_UsernamesetTimeout(function()tryvar zdocu_67db2e")): Object: 'Object Repository/JpetLogin/Page_JPetStore Demo/p_UsernamesetTimeout(function()tryvar zdocu_67db2e' is clicked on

28-04-2024T11:12:41 - [MESSAGE][PASSED] - Object: 'Object Repository/JpetLogin/Page_JPetStore Demo/p_UsernamesetTimeout(function()tryvar zdocu_67db2e' is clicked on

28-04-2024T11:12:41 - [TEST_STEP][PASSED] - setEncryptedText(findTestObject("Object Repository/JpetLogin/Page_JPetStore Demo/input_Need a user name and password_password"), "F1QkgKVvKLQ="): Text ****** has been set on object 'Object Repository/JpetLogin/Page_JPetStore Demo/input_Need a user name and password_password'

28-04-2024T11:12:42 - [MESSAGE][PASSED] - Text ****** has been set on object 'Object Repository/JpetLogin/Page_JPetStore Demo/input_Need a user name and password_password'

28-04-2024T11:12:42 - [TEST_STEP][PASSED] - click(findTestObject("Object Repository/JpetLogin/Page_JPetStore Demo/input_Need a user name and password_signon")): Object: 'Object Repository/JpetLogin/Page_JPetStore Demo/input_Need a user name and password_signon' is clicked on

28-04-2024T11:12:43 - [MESSAGE][PASSED] - Object: 'Object Repository/JpetLogin/Page_JPetStore Demo/input_Need a user name and password_signon' is clicked on

28-04-2024T11:12:43 - [TEST_STEP][PASSED] - verifyElementPresent(findTestObject("Object Repository/JpetLogin/Page_JPetStore Demo/div_Welcome raj1"), 0): Object 'Object Repository/JpetLogin/Page_JPetStore Demo/div_Welcome raj1' is present

28-04-2024T11:12:43 - [MESSAGE][WARNING] - Timeout '0' is invalid. Using default page load timeout: '30'

28-04-2024T11:12:43 - [MESSAGE][PASSED] - Object 'Object Repository/JpetLogin/Page_JPetStore Demo/div_Welcome raj1' is present

28-04-2024T11:12:43 - [MESSAGE][PASSED] - Call Test Case 'Test Cases/Jpet/JpetLogin' successfully

28-04-2024T11:12:43 - [TEST_STEP][PASSED] - click(findTestObject("Object Repository/Pet_Checkout/Page_JPetStore Demo/img")): Object: 'Object Repository/Pet_Checkout/Page_JPetStore Demo/img' is clicked on

28-04-2024T11:12:44 - [MESSAGE][PASSED] - Object: 'Object Repository/Pet_Checkout/Page_JPetStore Demo/img' is clicked on

28-04-2024T11:12:44 - [TEST_STEP][PASSED] - navigateToUrl("https://petstore.octoperf.com/actions/Catalog.action?viewCategory=&categoryId=FISH"): Navigate to 'https://petstore.octoperf.com/actions/Catalog.action?viewCategory=&categoryId=FISH' successfully

28-04-2024T11:12:44 - [MESSAGE][PASSED] - Navigate to 'https://petstore.octoperf.com/actions/Catalog.action?viewCategory=&categoryId=FISH' successfully

28-04-2024T11:12:44 - [TEST_STEP][PASSED] - click(findTestObject("Object Repository/Pet_Checkout/Page_JPetStore Demo/a_FI-SW-02")): Object: 'Object Repository/Pet_Checkout/Page_JPetStore Demo/a_FI-SW-02' is clicked on

28-04-2024T11:12:45 - [MESSAGE][PASSED] - Object: 'Object Repository/Pet_Checkout/Page_JPetStore Demo/a_FI-SW-02' is clicked on

28-04-2024T11:12:45 - [TEST_STEP][PASSED] - click(findTestObject("Object Repository/Pet_Checkout/Page_JPetStore Demo/a_Add to Cart")): Object: 'Object Repository/Pet_Checkout/Page_JPetStore Demo/a_Add to Cart' is clicked on

28-04-2024T11:12:45 - [MESSAGE][PASSED] - Object: 'Object Repository/Pet_Checkout/Page_JPetStore Demo/a_Add to Cart' is clicked on

28-04-2024T11:12:45 - [TEST_STEP][PASSED] - click(findTestObject("Object Repository/Pet_Checkout/Page_JPetStore Demo/input_Sub Total 18.50_updateCartQuantities")): Object: 'Object Repository/Pet_Checkout/Page_JPetStore Demo/input_Sub Total 18.50_updateCartQuantities' is clicked on

28-04-2024T11:12:46 - [MESSAGE][PASSED] - Object: 'Object Repository/Pet_Checkout/Page_JPetStore Demo/input_Sub Total 18.50_updateCartQuantities' is clicked on

28-04-2024T11:12:46 - [TEST_STEP][PASSED] - click(findTestObject("Object Repository/Pet_Checkout/Page_JPetStore Demo/a_Proceed to Checkout")): Object: 'Object Repository/Pet_Checkout/Page_JPetStore Demo/a_Proceed to Checkout' is clicked on

28-04-2024T11:12:47 - [MESSAGE][PASSED] - Object: 'Object Repository/Pet_Checkout/Page_JPetStore Demo/a_Proceed to Checkout' is clicked on

28-04-2024T11:12:47 - [TEST_STEP][PASSED] - verifyElementPresent(findTestObject("Object Repository/Pet_Checkout/Page_JPetStore Demo/th_Payment Details"), 0): Object 'Object Repository/Pet_Checkout/Page_JPetStore Demo/th_Payment Details' is present

28-04-2024T11:12:47 - [MESSAGE][WARNING] - Timeout '0' is invalid. Using default page load timeout: '30'

28-04-2024T11:12:47 - [MESSAGE][PASSED] - Object 'Object Repository/Pet_Checkout/Page_JPetStore Demo/th_Payment Details' is present

28-04-2024T11:12:47 - [TEST_STEP][PASSED] - click(findTestObject("Object Repository/Pet_Checkout/Page_JPetStore Demo/input_Ship to different address_newOrder")): Object: 'Object Repository/Pet_Checkout/Page_JPetStore Demo/input_Ship to different address_newOrder' is clicked on

28-04-2024T11:12:48 - [MESSAGE][PASSED] - Object: 'Object Repository/Pet_Checkout/Page_JPetStore Demo/input_Ship to different address_newOrder' is clicked on

28-04-2024T11:12:48 - [TEST_STEP][PASSED] - click(findTestObject("Object Repository/Pet_Checkout/Page_JPetStore Demo/a_Confirm")): Object: 'Object Repository/Pet_Checkout/Page_JPetStore Demo/a_Confirm' is clicked on

28-04-2024T11:12:48 - [MESSAGE][PASSED] - Object: 'Object Repository/Pet_Checkout/Page_JPetStore Demo/a_Confirm' is clicked on

28-04-2024T11:12:48 - [TEST_STEP][PASSED] - verifyElementPresent(findTestObject("Object Repository/Pet_Checkout/Page_JPetStore Demo/li_Thank you, your order has been submitted"), 0): Object 'Object Repository/Pet_Checkout/Page_JPetStore Demo/li_Thank you, your order has been submitted' is present

28-04-2024T11:12:48 - [MESSAGE][WARNING] - Timeout '0' is invalid. Using default page load timeout: '30'

28-04-2024T11:12:49 - [MESSAGE][PASSED] - Object 'Object Repository/Pet_Checkout/Page_JPetStore Demo/li_Thank you, your order has been submitted' is present

28-04-2024T11:12:49 - [TEST_STEP][PASSED] - click(findTestObject("Object Repository/Pet_Checkout/Page_JPetStore Demo/a_Return to Main Menu")): Object: 'Object Repository/Pet_Checkout/Page_JPetStore Demo/a_Return to Main Menu' is clicked on

28-04-2024T11:12:49 - [MESSAGE][PASSED] - Object: 'Object Repository/Pet_Checkout/Page_JPetStore Demo/a_Return to Main Menu' is clicked on

28-04-2024T11:12:49 - [TEST_STEP][PASSED] - closeBrowser(): Browser is closed

28-04-2024T11:12:50 - [MESSAGE][PASSED] - Browser is closed]]></system-out>
         <system-err><![CDATA[]]></system-err>
      </testcase>
      <system-out><![CDATA[28-04-2024T11:12:32 - [TEST_SUITE][PASSED] - TS_Chekoutpet: Test Cases/Jpet/Checkout_Pet]]></system-out>
      <system-err><![CDATA[]]></system-err>
   </testsuite>
</testsuites>
